Value of N is  2
**************** N START ******************
 
 
Test run  1
<<<<<<<<<<<<<<<<<<< iteration start <<<<<<<<<<<<<<<<<<<<<<<
 
Linux 3.13.0-37-generic (perflab) 	10/07/2018 	_i686_	(8 CPU)

08:11:51 PM     CPU      %usr     %nice      %sys   %iowait    %steal      %irq     %soft    %guest     %idle
08:11:52 PM     all      3.31      0.00     50.20      0.00      0.00      0.00      0.00      0.00     46.49
08:11:53 PM     all      2.71      0.00     49.66      0.00      0.00      0.00      0.00      0.00     47.63
08:11:54 PM     all      3.55      0.00     50.66      0.00      0.00      0.00      0.00      0.00     45.79
08:11:55 PM     all      3.05      0.00     50.20      0.13      0.00      0.00      0.00      0.00     46.62
08:11:56 PM     all      3.11      0.00     50.45      0.00      0.00      0.00      0.13      0.00     46.30
08:11:57 PM     all      2.87      0.00     50.98      0.13      0.00      0.00      0.13      0.00     45.89
08:11:58 PM     all      3.32      0.00     50.00      0.00      0.00      0.00      0.00      0.00     46.68
08:11:59 PM     all      2.72      0.00     51.10      0.00      0.00      0.00      0.00      0.00     46.17
08:12:00 PM     all      3.48      0.00     49.33      0.13      0.00      0.00      0.00      0.00     47.06
08:12:01 PM     all      2.76      0.00     50.79      0.00      0.00      0.00      0.00      0.00     46.45
08:12:02 PM     all      3.30      0.00     49.34      0.26      0.00      0.00      0.13      0.00     46.97
08:12:03 PM     all      2.79      0.00     49.73      0.00      0.00      0.00      0.00      0.00     47.47
08:12:04 PM     all      3.20      0.00     49.40      0.13      0.00      0.00      0.00      0.00     47.26
08:12:05 PM     all      2.64      0.00     50.46      0.00      0.00      0.00      0.13      0.00     46.76
08:12:06 PM     all      2.90      0.00     50.66      0.13      0.00      0.00      0.00      0.00     46.31
08:12:07 PM     all      3.34      0.00     49.40      0.00      0.00      0.00      0.00      0.00     47.26
08:12:08 PM     all      3.57      0.00     49.34      0.26      0.00      0.00      0.00      0.00     46.83
08:12:09 PM     all      3.91      0.00     50.46      0.00      0.00      0.00      0.00      0.00     45.63
08:12:10 PM     all      2.79      0.00     49.93      0.13      0.00      0.00      0.13      0.00     47.01
08:12:11 PM     all      3.27      0.00     50.79      0.00      0.00      0.00      0.00      0.00     45.94
08:12:12 PM     all      2.95      0.00     49.06      0.27      0.00      0.00      0.27      0.00     47.45
08:12:13 PM     all      2.71      0.00     51.29      0.00      0.00      0.00      0.00      0.00     46.01
08:12:14 PM     all      1.03      0.00     18.09      0.39      0.00      0.00      0.00      0.00     80.49
08:12:15 PM     all      0.00      0.00      0.00      0.00      0.00      0.00      0.00      0.00    100.00
08:12:16 PM     all      0.00      0.00      0.00      0.37      0.00      0.00      0.00      0.00     99.63
Average:        all      2.76      0.00     44.63      0.09      0.00      0.00      0.04      0.00     52.48
 
>>>>>>>>>>>>>>>>>>> iteration end >>>>>>>>>>>>>>>>>>>>>
 
 
Test run  2
<<<<<<<<<<<<<<<<<<< iteration start <<<<<<<<<<<<<<<<<<<<<<<
 
Linux 3.13.0-37-generic (perflab) 	10/07/2018 	_i686_	(8 CPU)

08:12:21 PM     CPU      %usr     %nice      %sys   %iowait    %steal      %irq     %soft    %guest     %idle
08:12:22 PM     all      2.86      0.00     50.91      0.26      0.00      0.00      0.00      0.00     45.96
08:12:23 PM     all      2.99      0.00     50.46      0.00      0.00      0.00      0.00      0.00     46.55
08:12:24 PM     all      3.82      0.00     50.07      0.13      0.00      0.00      0.00      0.00     45.98
08:12:25 PM     all      3.38      0.00     50.91      0.00      0.00      0.00      0.00      0.00     45.71
08:12:26 PM     all      3.31      0.00     50.00      0.00      0.00      0.00      0.00      0.00     46.69
08:12:27 PM     all      3.38      0.00     48.99      0.14      0.00      0.00      0.00      0.00     47.50
08:12:28 PM     all      2.92      0.00     50.13      0.13      0.00      0.00      0.13      0.00     46.68
08:12:29 PM     all      3.20      0.00     49.53      0.00      0.00      0.00      0.13      0.00     47.14
08:12:30 PM     all      3.68      0.00     50.07      0.13      0.00      0.00      0.00      0.00     46.12
08:12:31 PM     all      2.37      0.00     50.66      0.00      0.00      0.00      0.00      0.00     46.97
08:12:32 PM     all      3.41      0.00     50.39      0.26      0.00      0.00      0.00      0.00     45.93
08:12:33 PM     all      3.02      0.00     50.46      0.00      0.00      0.00      0.00      0.00     46.52
08:12:34 PM     all      3.32      0.00     49.60      0.13      0.00      0.00      0.13      0.00     46.81
08:12:35 PM     all      2.79      0.00     50.66      0.00      0.00      0.00      0.00      0.00     46.55
08:12:36 PM     all      2.51      0.00     51.25      0.13      0.00      0.00      0.00      0.00     46.10
08:12:37 PM     all      3.37      0.00     50.32      0.13      0.00      0.00      0.00      0.00     46.17
08:12:38 PM     all      2.96      0.00     49.53      0.00      0.00      0.00      0.00      0.00     47.51
08:12:39 PM     all      2.45      0.00     51.93      0.00      0.00      0.00      0.00      0.00     45.62
08:12:40 PM     all      2.93      0.00     50.00      0.00      0.00      0.00      0.00      0.00     47.07
08:12:41 PM     all      3.01      0.00     50.72      0.26      0.00      0.00      0.00      0.00     46.01
08:12:42 PM     all      2.95      0.00     50.07      0.00      0.00      0.00      0.00      0.00     46.99
08:12:43 PM     all      2.90      0.00     50.72      0.13      0.00      0.00      0.00      0.00     46.25
08:12:44 PM     all      0.64      0.00     15.33      0.00      0.00      0.00      0.00      0.00     84.04
08:12:45 PM     all      0.00      0.00      0.00      0.38      0.00      0.00      0.00      0.00     99.62
08:12:46 PM     all      0.00      0.00      0.00      0.00      0.00      0.00      0.00      0.00    100.00
Average:        all      2.71      0.00     44.68      0.09      0.00      0.00      0.02      0.00     52.50
 
>>>>>>>>>>>>>>>>>>> iteration end >>>>>>>>>>>>>>>>>>>>>
 
 
Test run  3
<<<<<<<<<<<<<<<<<<< iteration start <<<<<<<<<<<<<<<<<<<<<<<
 
Linux 3.13.0-37-generic (perflab) 	10/07/2018 	_i686_	(8 CPU)

08:12:51 PM     CPU      %usr     %nice      %sys   %iowait    %steal      %irq     %soft    %guest     %idle
08:12:52 PM     all      3.03      0.00     50.40      0.00      0.00      0.00      0.00      0.00     46.57
08:12:53 PM     all      3.46      0.00     49.60      0.00      0.00      0.00      0.13      0.00     46.81
08:12:54 PM     all      2.54      0.00     49.93      0.00      0.00      0.00      0.13      0.00     47.40
08:12:55 PM     all      2.86      0.00     51.17      0.13      0.00      0.00      0.00      0.00     45.83
08:12:56 PM     all      3.57      0.00     49.54      0.00      0.00      0.00      0.00      0.00     46.90
08:12:57 PM     all      3.49      0.00     50.71      0.26      0.00      0.00      0.13      0.00     45.41
08:12:58 PM     all      3.17      0.00     50.00      0.00      0.00      0.00      0.00      0.00     46.83
08:12:59 PM     all      2.80      0.00     49.73      0.27      0.00      0.00      0.00      0.00     47.20
08:13:00 PM     all      2.26      0.00     50.87      0.00      0.00      0.00      0.00      0.00     46.87
08:13:01 PM     all      2.82      0.00     51.73      0.00      0.00      0.00      0.13      0.00     45.31
08:13:02 PM     all      2.41      0.00     52.86      0.13      0.00      0.00      0.00      0.00     44.60
08:13:03 PM     all      3.53      0.00     50.26      0.13      0.00      0.00      0.00      0.00     46.07
08:13:04 PM     all      3.17      0.00     50.13      0.00      0.00      0.00      0.00      0.00     46.70
08:13:05 PM     all      2.53      0.00     50.67      0.13      0.00      0.00      0.00      0.00     46.67
08:13:06 PM     all      3.10      0.00     50.71      0.00      0.00      0.00      0.13      0.00     46.05
08:13:07 PM     all      3.07      0.00     49.40      0.27      0.00      0.00      0.00      0.00     47.26
08:13:08 PM     all      2.70      0.00     50.13      0.00      0.00      0.00      0.00      0.00     47.17
08:13:09 PM     all      2.56      0.00     51.54      0.13      0.00      0.00      0.13      0.00     45.64
08:13:10 PM     all      3.00      0.00     50.52      0.00      0.00      0.00      0.00      0.00     46.48
08:13:11 PM     all      3.38      0.00     50.52      0.13      0.00      0.00      0.00      0.00     45.97
08:13:12 PM     all      3.32      0.00     49.73      0.13      0.00      0.00      0.00      0.00     46.81
08:13:13 PM     all      2.65      0.00     50.79      0.26      0.00      0.00      0.00      0.00     46.30
08:13:14 PM     all      0.76      0.00     12.26      0.00      0.00      0.00      0.00      0.00     86.98
08:13:15 PM     all      0.00      0.00      0.00      0.38      0.00      0.00      0.00      0.00     99.62
08:13:16 PM     all      0.00      0.00      0.00      0.00      0.00      0.00      0.00      0.00    100.00
Average:        all      2.63      0.00     44.70      0.09      0.00      0.00      0.03      0.00     52.54
 
>>>>>>>>>>>>>>>>>>> iteration end >>>>>>>>>>>>>>>>>>>>>
 
 
Test run  4
<<<<<<<<<<<<<<<<<<< iteration start <<<<<<<<<<<<<<<<<<<<<<<
 
Linux 3.13.0-37-generic (perflab) 	10/07/2018 	_i686_	(8 CPU)

08:13:21 PM     CPU      %usr     %nice      %sys   %iowait    %steal      %irq     %soft    %guest     %idle
08:13:22 PM     all      2.75      0.00     50.98      0.13      0.00      0.00      0.00      0.00     46.14
08:13:23 PM     all      2.51      0.00     51.06      0.00      0.00      0.00      0.13      0.00     46.31
08:13:24 PM     all      3.04      0.00     50.26      0.00      0.00      0.00      0.00      0.00     46.69
08:13:25 PM     all      2.99      0.00     50.98      0.00      0.00      0.00      0.00      0.00     46.03
08:13:26 PM     all      3.21      0.00     49.47      0.13      0.00      0.00      0.00      0.00     47.19
08:13:27 PM     all      3.28      0.00     50.00      0.13      0.00      0.00      0.13      0.00     46.46
08:13:28 PM     all      2.82      0.00     50.00      0.13      0.00      0.00      0.00      0.00     47.05
08:13:29 PM     all      3.07      0.00     49.73      0.00      0.00      0.00      0.00      0.00     47.20
08:13:30 PM     all      3.89      0.00     48.99      0.13      0.00      0.00      0.00      0.00     46.98
08:13:31 PM     all      2.40      0.00     50.60      0.00      0.00      0.00      0.00      0.00     47.00
08:13:32 PM     all      2.36      0.00     51.05      0.26      0.00      0.00      0.00      0.00     46.33
08:13:33 PM     all      3.15      0.00     50.00      0.00      0.00      0.00      0.00      0.00     46.85
08:13:34 PM     all      2.50      0.00     50.99      0.13      0.00      0.00      0.26      0.00     46.11
08:13:35 PM     all      2.68      0.00     52.55      0.00      0.00      0.00      0.00      0.00     44.77
08:13:36 PM     all      3.05      0.00     50.00      0.13      0.00      0.00      0.00      0.00     46.82
08:13:37 PM     all      3.17      0.00     49.60      0.00      0.00      0.00      0.00      0.00     47.22
08:13:38 PM     all      3.48      0.00     49.06      0.27      0.00      0.00      0.00      0.00     47.19
08:13:39 PM     all      2.89      0.00     50.66      0.00      0.00      0.00      0.00      0.00     46.45
08:13:40 PM     all      3.63      0.00     48.72      0.13      0.00      0.00      0.00      0.00     47.51
08:13:41 PM     all      3.43      0.00     49.60      0.00      0.00      0.00      0.00      0.00     46.97
08:13:42 PM     all      3.15      0.00     49.93      0.13      0.00      0.00      0.00      0.00     46.78
08:13:43 PM     all      3.16      0.00     50.66      0.00      0.00      0.00      0.00      0.00     46.18
08:13:44 PM     all      0.76      0.00     12.61      0.25      0.00      0.00      0.00      0.00     86.37
08:13:45 PM     all      0.00      0.00      0.00      0.00      0.00      0.00      0.00      0.00    100.00
08:13:46 PM     all      0.00      0.00      0.00      0.38      0.00      0.00      0.00      0.00     99.62
Average:        all      2.68      0.00     44.46      0.09      0.00      0.00      0.02      0.00     52.75
 
>>>>>>>>>>>>>>>>>>> iteration end >>>>>>>>>>>>>>>>>>>>>
 
 
Test run  5
<<<<<<<<<<<<<<<<<<< iteration start <<<<<<<<<<<<<<<<<<<<<<<
 
Linux 3.13.0-37-generic (perflab) 	10/07/2018 	_i686_	(8 CPU)

08:13:51 PM     CPU      %usr     %nice      %sys   %iowait    %steal      %irq     %soft    %guest     %idle
08:13:52 PM     all      3.00      0.00     50.39      0.13      0.00      0.00      0.00      0.00     46.48
08:13:53 PM     all      2.75      0.00     51.05      0.00      0.00      0.00      0.13      0.00     46.07
08:13:54 PM     all      3.15      0.00     50.85      0.00      0.00      0.00      0.00      0.00     45.99
08:13:55 PM     all      2.65      0.00     50.40      0.00      0.00      0.00      0.00      0.00     46.96
08:13:56 PM     all      2.38      0.00     50.13      0.13      0.00      0.00      0.00      0.00     47.35
08:13:57 PM     all      2.66      0.00     50.66      0.13      0.00      0.00      0.13      0.00     46.41
08:13:58 PM     all      2.86      0.00     51.50      0.13      0.00      0.00      0.00      0.00     45.51
08:13:59 PM     all      3.11      0.00     51.17      0.00      0.00      0.00      0.00      0.00     45.73
08:14:00 PM     all      3.10      0.00     49.19      0.13      0.00      0.00      0.00      0.00     47.57
08:14:01 PM     all      3.75      0.00     50.45      0.00      0.00      0.00      0.00      0.00     45.80
08:14:02 PM     all      2.90      0.00     50.99      0.13      0.00      0.00      0.00      0.00     45.98
08:14:03 PM     all      2.33      0.00     51.88      0.00      0.00      0.00      0.00      0.00     45.80
08:14:04 PM     all      3.45      0.00     49.60      0.13      0.00      0.00      0.00      0.00     46.82
08:14:05 PM     all      3.50      0.00     50.65      0.00      0.00      0.00      0.00      0.00     45.85
08:14:06 PM     all      3.15      0.00     50.46      0.00      0.00      0.00      0.13      0.00     46.26
08:14:07 PM     all      2.75      0.00     50.52      0.26      0.00      0.00      0.00      0.00     46.47
08:14:08 PM     all      2.48      0.00     51.11      0.00      0.00      0.00      0.13      0.00     46.28
08:14:09 PM     all      3.53      0.00     50.00      0.26      0.00      0.00      0.00      0.00     46.20
08:14:10 PM     all      2.99      0.00     51.17      0.00      0.00      0.00      0.00      0.00     45.83
08:14:11 PM     all      2.85      0.00     52.07      0.00      0.00      0.00      0.00      0.00     45.08
08:14:12 PM     all      2.63      0.00     50.33      0.13      0.00      0.00      0.13      0.00     46.78
08:14:13 PM     all      2.42      0.00     52.80      0.13      0.00      0.00      0.00      0.00     44.66
08:14:14 PM     all      0.77      0.00     13.52      0.00      0.00      0.00      0.00      0.00     85.71
08:14:15 PM     all      0.00      0.00      0.00      0.25      0.00      0.00      0.00      0.00     99.75
08:14:16 PM     all      0.00      0.00      0.12      0.00      0.00      0.00      0.00      0.00     99.88
Average:        all      2.59      0.00     45.05      0.08      0.00      0.00      0.03      0.00     52.25
 
>>>>>>>>>>>>>>>>>>> iteration end >>>>>>>>>>>>>>>>>>>>>
 
 
***************** N END *****************
 
 
Value of N is  4
**************** N START ******************
 
 
Test run  1
<<<<<<<<<<<<<<<<<<< iteration start <<<<<<<<<<<<<<<<<<<<<<<
 
Linux 3.13.0-37-generic (perflab) 	10/07/2018 	_i686_	(8 CPU)

08:14:21 PM     CPU      %usr     %nice      %sys   %iowait    %steal      %irq     %soft    %guest     %idle
08:14:22 PM     all      4.37      0.00     69.28      0.00      0.00      0.00      0.00      0.00     26.35
08:14:23 PM     all      3.62      0.00     69.13      0.13      0.00      0.00      0.00      0.00     27.11
08:14:24 PM     all      5.41      0.00     67.66      0.00      0.00      0.00      0.00      0.00     26.93
08:14:25 PM     all      5.08      0.00     68.32      0.13      0.00      0.00      0.00      0.00     26.47
08:14:26 PM     all      4.39      0.00     70.16      0.00      0.00      0.00      0.13      0.00     25.32
08:14:27 PM     all      4.56      0.00     69.17      0.13      0.00      0.00      0.13      0.00     26.01
08:14:28 PM     all      4.62      0.00     69.22      0.00      0.00      0.00      0.00      0.00     26.16
08:14:29 PM     all      5.21      0.00     67.96      0.00      0.00      0.00      0.27      0.00     26.57
08:14:30 PM     all      3.86      0.00     70.04      0.00      0.00      0.00      0.00      0.00     26.10
08:14:31 PM     all      3.97      0.00     69.93      0.13      0.00      0.00      0.00      0.00     25.96
08:14:32 PM     all      4.04      0.00     68.91      0.13      0.00      0.00      0.00      0.00     26.92
08:14:33 PM     all      5.46      0.00     67.80      0.00      0.00      0.00      0.00      0.00     26.74
08:14:34 PM     all      4.64      0.00     68.44      0.00      0.00      0.00      0.00      0.00     26.92
08:14:35 PM     all      5.40      0.00     67.75      0.13      0.00      0.00      0.13      0.00     26.59
08:14:36 PM     all      3.59      0.00     69.59      0.00      0.00      0.00      0.00      0.00     26.83
08:14:37 PM     all      4.21      0.00     63.42      0.13      0.00      0.00      0.13      0.00     32.11
08:14:38 PM     all      0.00      0.00      0.00      0.00      0.00      0.00      0.00      0.00    100.00
08:14:39 PM     all      0.00      0.00      0.00      0.25      0.00      0.00      0.00      0.00     99.75
08:14:40 PM     all      0.00      0.00      0.00      0.00      0.00      0.00      0.00      0.00    100.00
08:14:41 PM     all      0.00      0.00      0.00      0.50      0.00      0.00      0.00      0.00     99.50
08:14:42 PM     all      0.00      0.00      0.12      0.12      0.00      0.00      0.00      0.00     99.75
08:14:43 PM     all      0.00      0.00      0.00      0.38      0.00      0.00      0.00      0.00     99.62
08:14:44 PM     all      0.00      0.00      0.00      0.00      0.00      0.00      0.00      0.00    100.00
08:14:45 PM     all      0.00      0.00      0.00      0.25      0.00      0.00      0.00      0.00     99.75
08:14:46 PM     all      0.00      0.00      0.00      0.00      0.00      0.00      0.00      0.00    100.00
Average:        all      2.83      0.00     42.89      0.10      0.00      0.00      0.03      0.00     54.15
 
>>>>>>>>>>>>>>>>>>> iteration end >>>>>>>>>>>>>>>>>>>>>
 
 
Test run  2
<<<<<<<<<<<<<<<<<<< iteration start <<<<<<<<<<<<<<<<<<<<<<<
 
Linux 3.13.0-37-generic (perflab) 	10/07/2018 	_i686_	(8 CPU)

08:14:51 PM     CPU      %usr     %nice      %sys   %iowait    %steal      %irq     %soft    %guest     %idle
08:14:52 PM     all      4.92      0.00     68.75      0.27      0.00      0.00      0.00      0.00     26.06
08:14:53 PM     all      5.18      0.00     67.99      0.00      0.00      0.00      0.00      0.00     26.83
08:14:54 PM     all      5.44      0.00     68.66      0.00      0.00      0.00      0.00      0.00     25.90
08:14:55 PM     all      4.85      0.00     68.51      0.00      0.00      0.00      0.00      0.00     26.65
08:14:56 PM     all      3.85      0.00     69.72      0.13      0.00      0.00      0.00      0.00     26.29
08:14:57 PM     all      4.70      0.00     68.32      0.00      0.00      0.00      0.13      0.00     26.85
08:14:58 PM     all      4.66      0.00     68.97      0.13      0.00      0.00      0.13      0.00     26.10
08:14:59 PM     all      4.87      0.00     68.95      0.00      0.00      0.00      0.00      0.00     26.18
08:15:00 PM     all      5.15      0.00     68.02      0.14      0.00      0.00      0.00      0.00     26.69
08:15:01 PM     all      4.77      0.00     68.87      0.00      0.00      0.00      0.00      0.00     26.36
08:15:02 PM     all      5.38      0.00     68.37      0.00      0.00      0.00      0.00      0.00     26.24
08:15:03 PM     all      3.92      0.00     70.20      0.00      0.00      0.00      0.00      0.00     25.88
08:15:04 PM     all      4.01      0.00     69.43      0.00      0.00      0.00      0.13      0.00     26.44
08:15:05 PM     all      4.29      0.00     68.90      0.00      0.00      0.00      0.13      0.00     26.68
08:15:06 PM     all      4.79      0.00     69.30      0.13      0.00      0.00      0.00      0.00     25.78
08:15:07 PM     all      4.64      0.00     65.43      0.00      0.00      0.00      0.00      0.00     29.93
08:15:08 PM     all      0.00      0.00      0.12      0.38      0.00      0.00      0.00      0.00     99.50
08:15:09 PM     all      0.00      0.00      0.00      0.00      0.00      0.00      0.00      0.00    100.00
08:15:10 PM     all      0.00      0.00      0.00      0.25      0.00      0.00      0.00      0.00     99.75
08:15:11 PM     all      0.00      0.00      0.00      0.00      0.00      0.00      0.00      0.00    100.00
08:15:12 PM     all      0.00      0.00      0.00      0.50      0.00      0.00      0.00      0.00     99.50
08:15:13 PM     all      0.00      0.00      0.00      0.00      0.00      0.00      0.00      0.00    100.00
08:15:14 PM     all      0.00      0.00      0.00      0.50      0.00      0.00      0.00      0.00     99.50
08:15:15 PM     all      0.00      0.00      0.00      0.00      0.00      0.00      0.00      0.00    100.00
08:15:16 PM     all      0.00      0.00      0.00      0.38      0.00      0.00      0.00      0.00     99.62
Average:        all      2.95      0.00     42.96      0.11      0.00      0.00      0.02      0.00     53.95
 
>>>>>>>>>>>>>>>>>>> iteration end >>>>>>>>>>>>>>>>>>>>>
 
 
Test run  3
<<<<<<<<<<<<<<<<<<< iteration start <<<<<<<<<<<<<<<<<<<<<<<
 
Linux 3.13.0-37-generic (perflab) 	10/07/2018 	_i686_	(8 CPU)

08:15:21 PM     CPU      %usr     %nice      %sys   %iowait    %steal      %irq     %soft    %guest     %idle
08:15:22 PM     all      3.60      0.00     69.77      0.00      0.00      0.00      0.13      0.00     26.50
08:15:23 PM     all      5.38      0.00     67.70      0.00      0.00      0.00      0.13      0.00     26.78
08:15:24 PM     all      5.06      0.00     68.58      0.00      0.00      0.00      0.13      0.00     26.23
08:15:25 PM     all      3.97      0.00     69.67      0.00      0.00      0.00      0.00      0.00     26.36
08:15:26 PM     all      4.45      0.00     68.42      0.13      0.00      0.00      0.00      0.00     26.99
08:15:27 PM     all      4.21      0.00     68.39      0.00      0.00      0.00      0.14      0.00     27.27
08:15:28 PM     all      3.89      0.00     69.84      0.13      0.00      0.00      0.00      0.00     26.14
08:15:29 PM     all      4.65      0.00     68.53      0.00      0.00      0.00      0.00      0.00     26.83
08:15:30 PM     all      3.41      0.00     70.77      0.00      0.00      0.00      0.00      0.00     25.82
08:15:31 PM     all      3.83      0.00     69.66      0.00      0.00      0.00      0.13      0.00     26.39
08:15:32 PM     all      4.43      0.00     68.59      0.27      0.00      0.00      0.13      0.00     26.58
08:15:33 PM     all      4.58      0.00     68.33      0.00      0.00      0.00      0.00      0.00     27.09
08:15:34 PM     all      3.99      0.00     69.41      0.00      0.00      0.00      0.00      0.00     26.60
08:15:35 PM     all      4.06      0.00     69.01      0.00      0.00      0.00      0.00      0.00     26.93
08:15:36 PM     all      4.20      0.00     68.43      0.00      0.00      0.00      0.00      0.00     27.37
08:15:37 PM     all      4.04      0.00     67.01      0.13      0.00      0.00      0.13      0.00     28.68
08:15:38 PM     all      0.00      0.00      0.50      0.00      0.00      0.00      0.00      0.00     99.50
08:15:39 PM     all      0.00      0.00      0.00      0.25      0.00      0.00      0.00      0.00     99.75
08:15:40 PM     all      0.00      0.00      0.00      0.00      0.00      0.00      0.00      0.00    100.00
08:15:41 PM     all      0.00      0.00      0.00      0.38      0.00      0.00      0.00      0.00     99.62
08:15:42 PM     all      0.00      0.00      0.00      0.13      0.00      0.00      0.00      0.00     99.87
08:15:43 PM     all      0.00      0.00      0.00      0.38      0.00      0.00      0.00      0.00     99.62
08:15:44 PM     all      0.00      0.00      0.00      0.00      0.00      0.00      0.00      0.00    100.00
08:15:45 PM     all      0.00      0.00      0.12      0.50      0.00      0.00      0.00      0.00     99.38
08:15:46 PM     all      0.00      0.00      0.00      0.00      0.00      0.00      0.00      0.00    100.00
Average:        all      2.64      0.00     43.06      0.09      0.00      0.00      0.04      0.00     54.16
 
>>>>>>>>>>>>>>>>>>> iteration end >>>>>>>>>>>>>>>>>>>>>
 
 
Test run  4
<<<<<<<<<<<<<<<<<<< iteration start <<<<<<<<<<<<<<<<<<<<<<<
 
Linux 3.13.0-37-generic (perflab) 	10/07/2018 	_i686_	(8 CPU)

08:15:51 PM     CPU      %usr     %nice      %sys   %iowait    %steal      %irq     %soft    %guest     %idle
08:15:52 PM     all      5.10      0.00     68.59      0.00      0.00      0.00      0.00      0.00     26.31
08:15:53 PM     all      4.63      0.00     68.25      0.26      0.00      0.00      0.13      0.00     26.72
08:15:54 PM     all      4.68      0.00     68.72      0.00      0.00      0.00      0.00      0.00     26.60
08:15:55 PM     all      4.33      0.00     69.01      0.00      0.00      0.00      0.00      0.00     26.66
08:15:56 PM     all      5.12      0.00     68.73      0.00      0.00      0.00      0.00      0.00     26.15
08:15:57 PM     all      4.96      0.00     69.06      0.13      0.00      0.00      0.00      0.00     25.85
08:15:58 PM     all      5.00      0.00     67.84      0.00      0.00      0.00      0.00      0.00     27.16
08:15:59 PM     all      4.37      0.00     68.78      0.00      0.00      0.00      0.26      0.00     26.59
08:16:00 PM     all      4.42      0.00     69.44      0.00      0.00      0.00      0.00      0.00     26.14
08:16:01 PM     all      4.30      0.00     69.09      0.00      0.00      0.00      0.00      0.00     26.61
08:16:02 PM     all      4.23      0.00     68.92      0.13      0.00      0.00      0.00      0.00     26.72
08:16:03 PM     all      5.01      0.00     69.17      0.00      0.00      0.00      0.00      0.00     25.82
08:16:04 PM     all      4.05      0.00     68.42      0.00      0.00      0.00      0.00      0.00     27.53
08:16:05 PM     all      4.37      0.00     68.08      0.00      0.00      0.00      0.14      0.00     27.42
08:16:06 PM     all      4.82      0.00     68.14      0.00      0.00      0.00      0.13      0.00     26.91
08:16:07 PM     all      3.86      0.00     69.68      0.13      0.00      0.00      0.00      0.00     26.33
08:16:08 PM     all      0.13      0.00      2.50      0.00      0.00      0.00      0.00      0.00     97.37
08:16:09 PM     all      0.00      0.00      0.00      0.38      0.00      0.00      0.00      0.00     99.62
08:16:10 PM     all      0.00      0.00      0.00      0.00      0.00      0.00      0.00      0.00    100.00
08:16:11 PM     all      0.00      0.00      0.12      0.37      0.00      0.00      0.12      0.00     99.38
08:16:12 PM     all      0.00      0.00      0.00      0.13      0.00      0.00      0.00      0.00     99.87
08:16:13 PM     all      0.00      0.00      0.00      0.38      0.00      0.00      0.00      0.00     99.62
08:16:14 PM     all      0.00      0.00      0.12      0.00      0.00      0.00      0.00      0.00     99.88
08:16:15 PM     all      0.00      0.00      0.00      0.25      0.00      0.00      0.00      0.00     99.75
08:16:16 PM     all      0.00      0.00      0.12      0.00      0.00      0.00      0.00      0.00     99.88
Average:        all      2.87      0.00     43.08      0.09      0.00      0.00      0.03      0.00     53.94
 
>>>>>>>>>>>>>>>>>>> iteration end >>>>>>>>>>>>>>>>>>>>>
 
 
Test run  5
<<<<<<<<<<<<<<<<<<< iteration start <<<<<<<<<<<<<<<<<<<<<<<
 
Linux 3.13.0-37-generic (perflab) 	10/07/2018 	_i686_	(8 CPU)

08:16:21 PM     CPU      %usr     %nice      %sys   %iowait    %steal      %irq     %soft    %guest     %idle
08:16:22 PM     all      4.61      0.00     68.25      0.14      0.00      0.00      0.00      0.00     27.00
08:16:23 PM     all      4.54      0.00     68.49      0.00      0.00      0.00      0.13      0.00     26.84
08:16:24 PM     all      5.07      0.00     68.09      0.00      0.00      0.00      0.00      0.00     26.84
08:16:25 PM     all      4.98      0.00     68.64      0.00      0.00      0.00      0.00      0.00     26.38
08:16:26 PM     all      4.62      0.00     69.22      0.00      0.00      0.00      0.00      0.00     26.16
08:16:27 PM     all      4.40      0.00     69.47      0.13      0.00      0.00      0.00      0.00     26.00
08:16:28 PM     all      3.87      0.00     69.43      0.13      0.00      0.00      0.13      0.00     26.44
08:16:29 PM     all      4.78      0.00     68.92      0.00      0.00      0.00      0.13      0.00     26.16
08:16:30 PM     all      4.15      0.00     69.34      0.00      0.00      0.00      0.00      0.00     26.51
08:16:31 PM     all      4.77      0.00     68.26      0.00      0.00      0.00      0.00      0.00     26.98
08:16:32 PM     all      4.24      0.00     69.23      0.13      0.00      0.00      0.00      0.00     26.39
08:16:33 PM     all      4.59      0.00     69.46      0.00      0.00      0.00      0.00      0.00     25.95
08:16:34 PM     all      4.42      0.00     68.77      0.00      0.00      0.00      0.13      0.00     26.68
08:16:35 PM     all      4.99      0.00     68.42      0.00      0.00      0.00      0.00      0.00     26.59
08:16:36 PM     all      5.53      0.00     67.07      0.13      0.00      0.00      0.00      0.00     27.26
08:16:37 PM     all      4.12      0.00     66.93      0.00      0.00      0.00      0.13      0.00     28.82
08:16:38 PM     all      0.12      0.00      0.00      0.37      0.00      0.00      0.00      0.00     99.50
08:16:39 PM     all      0.00      0.00      0.12      0.00      0.00      0.00      0.00      0.00     99.88
08:16:40 PM     all      0.00      0.00      0.00      0.25      0.00      0.00      0.00      0.00     99.75
08:16:41 PM     all      0.00      0.00      0.12      0.00      0.00      0.00      0.00      0.00     99.88
08:16:42 PM     all      0.00      0.00      0.00      0.50      0.00      0.00      0.00      0.00     99.50
08:16:43 PM     all      0.00      0.00      0.12      0.00      0.00      0.00      0.00      0.00     99.88
08:16:44 PM     all      0.00      0.00      0.12      0.37      0.00      0.00      0.00      0.00     99.50
08:16:45 PM     all      0.00      0.00      0.00      0.00      0.00      0.00      0.00      0.00    100.00
08:16:46 PM     all      0.13      0.00      0.00      0.25      0.00      0.00      0.00      0.00     99.62
Average:        all      2.89      0.00     42.87      0.10      0.00      0.00      0.03      0.00     54.12
 
>>>>>>>>>>>>>>>>>>> iteration end >>>>>>>>>>>>>>>>>>>>>
 
 
***************** N END *****************
 
 
Value of N is  8
**************** N START ******************
 
 
Test run  1
<<<<<<<<<<<<<<<<<<< iteration start <<<<<<<<<<<<<<<<<<<<<<<
 
Linux 3.13.0-37-generic (perflab) 	10/07/2018 	_i686_	(8 CPU)

08:16:51 PM     CPU      %usr     %nice      %sys   %iowait    %steal      %irq     %soft    %guest     %idle
08:16:52 PM     all      6.06      0.00     82.06      0.00      0.00      0.00      1.03      0.00     10.84
08:16:53 PM     all      5.45      0.00     83.79      0.00      0.00      0.00      0.78      0.00      9.99
08:16:54 PM     all      6.19      0.00     82.35      0.00      0.00      0.00      1.03      0.00     10.44
08:16:55 PM     all      5.46      0.00     83.22      0.00      0.00      0.00      0.78      0.00     10.53
08:16:56 PM     all      5.99      0.00     82.94      0.13      0.00      0.00      0.91      0.00     10.03
08:16:57 PM     all      5.16      0.00     83.61      0.00      0.00      0.00      0.77      0.00     10.45
08:16:58 PM     all      5.89      0.00     83.35      0.00      0.00      0.00      0.64      0.00     10.12
08:16:59 PM     all      5.01      0.00     83.77      0.00      0.00      0.00      0.79      0.00     10.42
08:17:00 PM     all      6.56      0.00     81.76      0.00      0.00      0.00      0.52      0.00     11.15
08:17:01 PM     all      5.97      0.00     83.25      0.00      0.00      0.00      0.52      0.00     10.26
08:17:02 PM     all      5.16      0.00     73.03      0.00      0.00      0.00      0.65      0.00     21.16
08:17:03 PM     all      0.00      0.00      0.00      0.25      0.00      0.00      0.00      0.00     99.75
08:17:04 PM     all      0.12      0.00      0.00      0.00      0.00      0.00      0.00      0.00     99.88
08:17:05 PM     all      0.00      0.00      0.12      0.37      0.00      0.00      0.00      0.00     99.50
08:17:06 PM     all      0.00      0.00      0.00      0.00      0.00      0.00      0.00      0.00    100.00
08:17:07 PM     all      0.12      0.00      0.00      0.50      0.00      0.00      0.00      0.00     99.38
08:17:08 PM     all      0.00      0.00      0.00      0.00      0.00      0.00      0.00      0.00    100.00
08:17:09 PM     all      0.00      0.00      0.00      0.25      0.00      0.00      0.00      0.00     99.75
08:17:10 PM     all      0.12      0.00      0.12      0.00      0.00      0.00      0.00      0.00     99.75
08:17:11 PM     all      0.00      0.00      0.12      0.50      0.00      0.00      0.00      0.00     99.38
08:17:12 PM     all      0.12      0.00      0.12      0.00      0.00      0.00      0.00      0.00     99.75
08:17:13 PM     all      0.00      0.00      0.00      0.38      0.00      0.00      0.00      0.00     99.62
08:17:14 PM     all      0.00      0.00      0.00      0.00      0.00      0.00      0.00      0.00    100.00
08:17:15 PM     all      0.00      0.00      0.12      0.38      0.00      0.00      0.00      0.00     99.50
08:17:16 PM     all      0.00      0.00      0.00      0.00      0.00      0.00      0.00      0.00    100.00
Average:        all      2.48      0.00     35.40      0.11      0.00      0.00      0.33      0.00     61.68
 
>>>>>>>>>>>>>>>>>>> iteration end >>>>>>>>>>>>>>>>>>>>>
 
 
Test run  2
<<<<<<<<<<<<<<<<<<< iteration start <<<<<<<<<<<<<<<<<<<<<<<
 
Linux 3.13.0-37-generic (perflab) 	10/07/2018 	_i686_	(8 CPU)

08:17:21 PM     CPU      %usr     %nice      %sys   %iowait    %steal      %irq     %soft    %guest     %idle
08:17:22 PM     all      5.21      0.00     83.33      0.00      0.00      0.00      0.91      0.00     10.55
08:17:23 PM     all      4.94      0.00     83.64      0.00      0.00      0.00      1.04      0.00     10.39
08:17:24 PM     all      4.41      0.00     84.18      0.00      0.00      0.00      0.91      0.00     10.51
08:17:25 PM     all      6.01      0.00     82.86      0.00      0.00      0.00      0.77      0.00     10.36
08:17:26 PM     all      4.85      0.00     84.04      0.00      0.00      0.00      0.77      0.00     10.34
08:17:27 PM     all      5.85      0.00     83.36      0.13      0.00      0.00      0.52      0.00     10.14
08:17:28 PM     all      7.36      0.00     81.14      0.00      0.00      0.00      1.03      0.00     10.47
08:17:29 PM     all      5.12      0.00     83.99      0.00      0.00      0.00      0.77      0.00     10.12
08:17:30 PM     all      6.49      0.00     82.23      0.00      0.00      0.00      0.91      0.00     10.38
08:17:31 PM     all      6.26      0.00     82.79      0.00      0.00      0.00      0.65      0.00     10.30
08:17:32 PM     all      3.60      0.00     71.69      0.13      0.00      0.00      0.77      0.00     23.81
08:17:33 PM     all      0.00      0.00      0.00      0.25      0.00      0.00      0.13      0.00     99.62
08:17:34 PM     all      0.00      0.00      0.00      0.00      0.00      0.00      0.00      0.00    100.00
08:17:35 PM     all      0.12      0.00      0.12      0.25      0.00      0.00      0.00      0.00     99.50
08:17:36 PM     all      0.00      0.00      0.00      0.00      0.00      0.00      0.00      0.00    100.00
08:17:37 PM     all      0.00      0.00      0.12      0.62      0.00      0.00      0.00      0.00     99.25
08:17:38 PM     all      0.00      0.00      0.00      0.00      0.00      0.00      0.00      0.00    100.00
08:17:39 PM     all      0.12      0.00      0.00      0.25      0.00      0.00      0.00      0.00     99.62
08:17:40 PM     all      0.00      0.00      0.00      0.00      0.00      0.00      0.00      0.00    100.00
08:17:41 PM     all      0.00      0.00      0.00      0.38      0.00      0.00      0.00      0.00     99.62
08:17:42 PM     all      0.00      0.00      0.00      0.25      0.00      0.00      0.00      0.00     99.75
08:17:43 PM     all      0.00      0.00      0.12      0.25      0.00      0.00      0.00      0.00     99.62
08:17:44 PM     all      0.00      0.00      0.00      0.00      0.00      0.00      0.00      0.00    100.00
08:17:45 PM     all      0.00      0.00      0.00      0.00      0.00      0.00      0.00      0.00    100.00
08:17:46 PM     all      0.00      0.00      0.12      0.25      0.00      0.00      0.00      0.00     99.62
Average:        all      2.37      0.00     35.48      0.11      0.00      0.00      0.36      0.00     61.68
 
>>>>>>>>>>>>>>>>>>> iteration end >>>>>>>>>>>>>>>>>>>>>
 
 
Test run  3
<<<<<<<<<<<<<<<<<<< iteration start <<<<<<<<<<<<<<<<<<<<<<<
 
Linux 3.13.0-37-generic (perflab) 	10/07/2018 	_i686_	(8 CPU)

08:17:51 PM     CPU      %usr     %nice      %sys   %iowait    %steal      %irq     %soft    %guest     %idle
08:17:52 PM     all      4.16      0.00     86.15      0.00      0.00      0.00      0.76      0.00      8.94
08:17:53 PM     all      5.15      0.00     84.68      0.00      0.00      0.00      0.77      0.00      9.40
08:17:54 PM     all      5.01      0.00     84.34      0.13      0.00      0.00      1.16      0.00      9.37
08:17:55 PM     all      4.55      0.00     85.18      0.00      0.00      0.00      1.04      0.00      9.23
08:17:56 PM     all      4.58      0.00     84.73      0.00      0.00      0.00      1.27      0.00      9.41
08:17:57 PM     all      4.78      0.00     86.16      0.00      0.00      0.00      0.63      0.00      8.43
08:17:58 PM     all      4.36      0.00     85.37      0.00      0.00      0.00      1.03      0.00      9.24
08:17:59 PM     all      4.38      0.00     86.34      0.00      0.00      0.00      0.64      0.00      8.63
08:18:00 PM     all      4.21      0.00     85.97      0.00      0.00      0.00      0.89      0.00      8.93
08:18:01 PM     all      4.12      0.00     86.49      0.00      0.00      0.00      0.77      0.00      8.62
08:18:02 PM     all      3.80      0.00     86.57      0.00      0.00      0.00      0.76      0.00      8.87
08:18:03 PM     all      3.73      0.00     85.84      0.00      0.00      0.00      0.90      0.00      9.52
08:18:04 PM     all      4.89      0.00     84.94      0.00      0.00      0.00      0.90      0.00      9.27
08:18:05 PM     all      4.61      0.00     85.53      0.00      0.00      0.00      0.64      0.00      9.22
08:18:06 PM     all      4.12      0.00     85.70      0.13      0.00      0.00      1.03      0.00      9.02
08:18:07 PM     all      1.92      0.00     50.64      0.00      0.00      0.00      0.64      0.00     46.79
08:18:08 PM     all      0.00      0.00      0.00      0.38      0.00      0.00      0.00      0.00     99.62
08:18:09 PM     all      0.00      0.00      0.00      0.00      0.00      0.00      0.00      0.00    100.00
08:18:10 PM     all      0.00      0.00      0.00      0.25      0.00      0.00      0.00      0.00     99.75
08:18:11 PM     all      0.00      0.00      0.00      0.00      0.00      0.00      0.00      0.00    100.00
08:18:12 PM     all      0.00      0.00      0.12      0.25      0.00      0.00      0.00      0.00     99.62
08:18:13 PM     all      0.00      0.00      0.00      0.00      0.00      0.00      0.00      0.00    100.00
08:18:14 PM     all      0.12      0.00      0.00      0.50      0.00      0.00      0.00      0.00     99.38
08:18:15 PM     all      0.00      0.00      0.00      0.00      0.00      0.00      0.00      0.00    100.00
08:18:16 PM     all      0.00      0.00      0.00      0.25      0.00      0.00      0.00      0.00     99.75
Average:        all      2.72      0.00     52.93      0.08      0.00      0.00      0.55      0.00     43.72
 
>>>>>>>>>>>>>>>>>>> iteration end >>>>>>>>>>>>>>>>>>>>>
 
 
Test run  4
<<<<<<<<<<<<<<<<<<< iteration start <<<<<<<<<<<<<<<<<<<<<<<
 
Linux 3.13.0-37-generic (perflab) 	10/07/2018 	_i686_	(8 CPU)

08:18:21 PM     CPU      %usr     %nice      %sys   %iowait    %steal      %irq     %soft    %guest     %idle
08:18:22 PM     all      5.18      0.00     83.55      0.00      0.00      0.00      1.04      0.00     10.23
08:18:23 PM     all      6.40      0.00     82.64      0.00      0.00      0.00      0.91      0.00     10.05
08:18:24 PM     all      5.56      0.00     83.96      0.00      0.00      0.00      0.65      0.00      9.83
08:18:25 PM     all      5.13      0.00     83.57      0.00      0.00      0.00      0.77      0.00     10.53
08:18:26 PM     all      5.64      0.00     82.95      0.00      0.00      0.00      0.77      0.00     10.64
08:18:27 PM     all      5.46      0.00     83.22      0.00      0.00      0.00      1.30      0.00     10.01
08:18:28 PM     all      5.34      0.00     82.97      0.00      0.00      0.00      1.02      0.00     10.67
08:18:29 PM     all      5.03      0.00     84.00      0.00      0.00      0.00      0.77      0.00     10.19
08:18:30 PM     all      4.10      0.00     85.02      0.00      0.00      0.00      0.77      0.00     10.12
08:18:31 PM     all      5.01      0.00     84.32      0.13      0.00      0.00      0.77      0.00      9.77
08:18:32 PM     all      4.95      0.00     70.05      0.00      0.00      0.00      0.52      0.00     24.48
08:18:33 PM     all      0.00      0.00      0.12      0.38      0.00      0.00      0.00      0.00     99.50
08:18:34 PM     all      0.00      0.00      0.00      0.00      0.00      0.00      0.00      0.00    100.00
08:18:35 PM     all      0.00      0.00      0.00      0.38      0.00      0.00      0.00      0.00     99.62
08:18:36 PM     all      0.12      0.00      0.00      0.00      0.00      0.00      0.00      0.00     99.88
08:18:37 PM     all      0.00      0.00      0.00      0.50      0.00      0.00      0.00      0.00     99.50
08:18:38 PM     all      0.00      0.00      0.12      0.00      0.00      0.00      0.00      0.00     99.88
08:18:39 PM     all      0.00      0.00      0.12      0.37      0.00      0.00      0.00      0.00     99.50
08:18:40 PM     all      0.00      0.00      0.00      0.00      0.00      0.00      0.00      0.00    100.00
08:18:41 PM     all      0.00      0.00      0.12      0.25      0.00      0.00      0.00      0.00     99.62
08:18:42 PM     all      0.12      0.00      0.00      0.37      0.00      0.00      0.00      0.00     99.50
08:18:43 PM     all      0.00      0.00      0.00      0.13      0.00      0.00      0.00      0.00     99.87
08:18:44 PM     all      0.00      0.00      0.12      0.00      0.00      0.00      0.00      0.00     99.88
08:18:45 PM     all      0.00      0.00      0.00      0.38      0.00      0.00      0.00      0.00     99.62
08:18:46 PM     all      0.00      0.00      0.12      0.00      0.00      0.00      0.00      0.00     99.88
Average:        all      2.28      0.00     35.65      0.12      0.00      0.00      0.36      0.00     61.59
 
>>>>>>>>>>>>>>>>>>> iteration end >>>>>>>>>>>>>>>>>>>>>
 
 
Test run  5
<<<<<<<<<<<<<<<<<<< iteration start <<<<<<<<<<<<<<<<<<<<<<<
 
Linux 3.13.0-37-generic (perflab) 	10/07/2018 	_i686_	(8 CPU)

08:18:51 PM     CPU      %usr     %nice      %sys   %iowait    %steal      %irq     %soft    %guest     %idle
08:18:52 PM     all      5.70      0.00     82.90      0.00      0.00      0.00      0.91      0.00     10.49
08:18:53 PM     all      5.81      0.00     82.95      0.13      0.00      0.00      0.78      0.00     10.34
08:18:54 PM     all      5.33      0.00     83.88      0.00      0.00      0.00      0.52      0.00     10.27
08:18:55 PM     all      5.51      0.00     84.10      0.00      0.00      0.00      0.51      0.00      9.87
08:18:56 PM     all      5.19      0.00     84.18      0.00      0.00      0.00      0.65      0.00      9.99
08:18:57 PM     all      6.16      0.00     83.18      0.13      0.00      0.00      0.77      0.00      9.76
08:18:58 PM     all      5.53      0.00     83.68      0.00      0.00      0.00      0.77      0.00     10.03
08:18:59 PM     all      5.71      0.00     83.12      0.00      0.00      0.00      0.65      0.00     10.52
08:19:00 PM     all      5.56      0.00     83.33      0.00      0.00      0.00      0.65      0.00     10.47
08:19:01 PM     all      5.15      0.00     84.02      0.00      0.00      0.00      0.77      0.00     10.05
08:19:02 PM     all      5.30      0.00     66.80      0.00      0.00      0.00      0.52      0.00     27.39
08:19:03 PM     all      0.00      0.00      0.12      0.38      0.00      0.00      0.00      0.00     99.50
08:19:04 PM     all      0.12      0.00      0.00      0.00      0.00      0.00      0.00      0.00     99.88
08:19:05 PM     all      0.00      0.00      0.00      0.38      0.00      0.00      0.00      0.00     99.62
08:19:06 PM     all      0.00      0.00      0.00      0.00      0.00      0.00      0.00      0.00    100.00
08:19:07 PM     all      0.13      0.00      0.00      0.25      0.00      0.00      0.00      0.00     99.62
08:19:08 PM     all      0.00      0.00      0.00      0.00      0.00      0.00      0.00      0.00    100.00
08:19:09 PM     all      0.00      0.00      0.00      0.38      0.00      0.00      0.00      0.00     99.62
08:19:10 PM     all      0.00      0.00      0.00      0.00      0.00      0.00      0.00      0.00    100.00
08:19:11 PM     all      0.00      0.00      0.00      0.00      0.00      0.00      0.00      0.00    100.00
08:19:12 PM     all      0.00      0.00      0.00      0.38      0.00      0.00      0.00      0.00     99.62
08:19:13 PM     all      0.00      0.00      0.00      0.00      0.00      0.00      0.00      0.00    100.00
08:19:14 PM     all      0.00      0.00      0.00      0.25      0.00      0.00      0.00      0.00     99.75
08:19:15 PM     all      0.00      0.00      0.00      0.00      0.00      0.00      0.00      0.00    100.00
08:19:16 PM     all      0.00      0.00      0.00      0.38      0.00      0.00      0.00      0.00     99.62
Average:        all      2.40      0.00     35.44      0.11      0.00      0.00      0.29      0.00     61.75
 
>>>>>>>>>>>>>>>>>>> iteration end >>>>>>>>>>>>>>>>>>>>>
 
 
***************** N END *****************
 
 
Value of N is  12
**************** N START ******************
 
 
Test run  1
<<<<<<<<<<<<<<<<<<< iteration start <<<<<<<<<<<<<<<<<<<<<<<
 
Linux 3.13.0-37-generic (perflab) 	10/07/2018 	_i686_	(8 CPU)

08:19:21 PM     CPU      %usr     %nice      %sys   %iowait    %steal      %irq     %soft    %guest     %idle
08:19:22 PM     all      5.70      0.00     87.33      0.00      0.00      0.00      1.27      0.00      5.70
08:19:23 PM     all      6.14      0.00     87.34      0.00      0.00      0.00      0.90      0.00      5.63
08:19:24 PM     all      4.35      0.00     87.96      0.13      0.00      0.00      0.64      0.00      6.91
08:19:25 PM     all      3.55      0.00     88.45      0.00      0.00      0.00      0.76      0.00      7.23
08:19:26 PM     all      3.81      0.00     88.56      0.00      0.00      0.00      0.51      0.00      7.12
08:19:27 PM     all      3.15      0.00     88.65      0.00      0.00      0.00      0.50      0.00      7.69
08:19:28 PM     all      2.92      0.00     89.61      0.13      0.00      0.00      0.25      0.00      7.10
08:19:29 PM     all      2.15      0.00     89.14      0.00      0.00      0.00      0.38      0.00      8.33
08:19:30 PM     all      2.54      0.00     88.45      0.00      0.00      0.00      0.63      0.00      8.38
08:19:31 PM     all      2.28      0.00     89.23      0.00      0.00      0.00      0.25      0.00      8.24
08:19:32 PM     all      1.95      0.00     89.38      0.12      0.00      0.00      0.24      0.00      8.30
08:19:33 PM     all      1.55      0.00     89.38      0.00      0.00      0.00      0.26      0.00      8.81
08:19:34 PM     all      1.52      0.00     90.78      0.00      0.00      0.00      0.00      0.00      7.70
08:19:35 PM     all      1.38      0.00     89.08      0.13      0.00      0.00      0.13      0.00      9.28
08:19:36 PM     all      1.52      0.00     90.64      0.13      0.00      0.00      0.13      0.00      7.59
08:19:37 PM     all      1.75      0.00     89.72      0.00      0.00      0.00      0.13      0.00      8.40
08:19:38 PM     all      1.51      0.00     91.47      0.00      0.00      0.00      0.25      0.00      6.78
08:19:39 PM     all      1.52      0.00     90.77      0.00      0.00      0.00      0.13      0.00      7.59
08:19:40 PM     all      1.65      0.00     91.01      0.00      0.00      0.00      0.25      0.00      7.09
08:19:41 PM     all      1.26      0.00     91.44      0.00      0.00      0.00      0.25      0.00      7.05
08:19:42 PM     all      1.77      0.00     90.27      0.13      0.00      0.00      0.13      0.00      7.71
08:19:43 PM     all      1.78      0.00     90.61      0.00      0.00      0.00      0.00      0.00      7.61
08:19:44 PM     all      1.77      0.00     88.38      0.00      0.00      0.00      0.25      0.00      9.60
08:19:45 PM     all      0.38      0.00     71.70      0.00      0.00      0.00      0.00      0.00     27.92
08:19:46 PM     all      0.00      0.00     61.89      0.25      0.00      0.00      0.00      0.00     37.86
Average:        all      2.31      0.00     87.63      0.04      0.00      0.00      0.33      0.00      9.69
 
>>>>>>>>>>>>>>>>>>> iteration end >>>>>>>>>>>>>>>>>>>>>
 
 
Test run  2
<<<<<<<<<<<<<<<<<<< iteration start <<<<<<<<<<<<<<<<<<<<<<<
 
Linux 3.13.0-37-generic (perflab) 	10/07/2018 	_i686_	(8 CPU)

08:19:51 PM     CPU      %usr     %nice      %sys   %iowait    %steal      %irq     %soft    %guest     %idle
08:19:52 PM     all      6.16      0.00     87.29      0.00      0.00      0.00      1.16      0.00      5.39
08:19:53 PM     all      6.92      0.00     86.03      0.00      0.00      0.00      1.15      0.00      5.90
08:19:54 PM     all      4.96      0.00     87.80      0.00      0.00      0.00      0.64      0.00      6.61
08:19:55 PM     all      3.86      0.00     88.43      0.00      0.00      0.00      0.77      0.00      6.94
08:19:56 PM     all      3.64      0.00     88.33      0.00      0.00      0.00      0.50      0.00      7.53
08:19:57 PM     all      4.06      0.00     88.07      0.00      0.00      0.00      0.63      0.00      7.23
08:19:58 PM     all      3.17      0.00     88.32      0.00      0.00      0.00      0.38      0.00      8.12
08:19:59 PM     all      2.80      0.00     88.82      0.00      0.00      0.00      0.38      0.00      8.01
08:20:00 PM     all      2.02      0.00     89.76      0.00      0.00      0.00      0.38      0.00      7.84
08:20:01 PM     all      2.79      0.00     88.97      0.25      0.00      0.00      0.25      0.00      7.73
08:20:02 PM     all      1.63      0.00     89.34      0.25      0.00      0.00      0.13      0.00      8.66
08:20:03 PM     all      2.26      0.00     88.93      0.00      0.00      0.00      0.25      0.00      8.55
08:20:04 PM     all      1.14      0.00     89.76      0.00      0.00      0.00      0.13      0.00      8.98
08:20:05 PM     all      1.88      0.00     90.33      0.00      0.00      0.00      0.25      0.00      7.54
08:20:06 PM     all      1.78      0.00     89.19      0.00      0.00      0.00      0.13      0.00      8.91
08:20:07 PM     all      1.63      0.00     90.73      0.13      0.00      0.00      0.25      0.00      7.27
08:20:08 PM     all      1.24      0.00     91.33      0.00      0.00      0.00      0.00      0.00      7.43
08:20:09 PM     all      1.75      0.00     90.64      0.12      0.00      0.00      0.25      0.00      7.24
08:20:10 PM     all      1.26      0.00     90.81      0.00      0.00      0.00      0.25      0.00      7.68
08:20:11 PM     all      1.77      0.00     90.04      0.00      0.00      0.00      0.00      0.00      8.20
08:20:12 PM     all      1.90      0.00     88.71      0.00      0.00      0.00      0.25      0.00      9.14
08:20:13 PM     all      0.64      0.00     72.77      0.00      0.00      0.00      0.13      0.00     26.46
08:20:14 PM     all      0.00      0.00     64.46      0.00      0.00      0.00      0.00      0.00     35.54
08:20:15 PM     all      0.00      0.00      2.13      0.38      0.00      0.00      0.00      0.00     97.50
08:20:16 PM     all      0.00      0.00      0.00      0.13      0.00      0.00      0.00      0.00     99.87
Average:        all      2.36      0.00     80.37      0.05      0.00      0.00      0.33      0.00     16.89
 
>>>>>>>>>>>>>>>>>>> iteration end >>>>>>>>>>>>>>>>>>>>>
 
 
Test run  3
<<<<<<<<<<<<<<<<<<< iteration start <<<<<<<<<<<<<<<<<<<<<<<
 
Linux 3.13.0-37-generic (perflab) 	10/07/2018 	_i686_	(8 CPU)

08:20:21 PM     CPU      %usr     %nice      %sys   %iowait    %steal      %irq     %soft    %guest     %idle
08:20:22 PM     all      6.35      0.00     87.31      0.00      0.00      0.00      1.14      0.00      5.20
08:20:23 PM     all      5.71      0.00     87.56      0.00      0.00      0.00      0.76      0.00      5.96
08:20:24 PM     all      5.36      0.00     87.88      0.00      0.00      0.00      0.51      0.00      6.25
08:20:25 PM     all      4.44      0.00     87.82      0.00      0.00      0.00      0.51      0.00      7.23
08:20:26 PM     all      3.71      0.00     88.36      0.00      0.00      0.00      0.51      0.00      7.42
08:20:27 PM     all      3.28      0.00     88.90      0.00      0.00      0.00      0.38      0.00      7.44
08:20:28 PM     all      2.02      0.00     89.16      0.13      0.00      0.00      0.38      0.00      8.32
08:20:29 PM     all      4.02      0.00     87.19      0.00      0.00      0.00      0.25      0.00      8.54
08:20:30 PM     all      3.35      0.00     89.07      0.00      0.00      0.00      0.37      0.00      7.20
08:20:31 PM     all      2.42      0.00     88.80      0.00      0.00      0.00      0.64      0.00      8.14
08:20:32 PM     all      2.27      0.00     89.53      0.00      0.00      0.00      0.38      0.00      7.82
08:20:33 PM     all      2.14      0.00     89.94      0.13      0.00      0.00      0.13      0.00      7.67
08:20:34 PM     all      2.01      0.00     89.60      0.00      0.00      0.00      0.25      0.00      8.15
08:20:35 PM     all      2.79      0.00     87.83      0.00      0.00      0.00      0.25      0.00      9.13
08:20:36 PM     all      1.14      0.00     90.49      0.00      0.00      0.00      0.25      0.00      8.11
08:20:37 PM     all      1.65      0.00     91.24      0.00      0.00      0.00      0.00      0.00      7.11
08:20:38 PM     all      1.88      0.00     90.20      0.00      0.00      0.00      0.38      0.00      7.54
08:20:39 PM     all      1.80      0.00     90.89      0.00      0.00      0.00      0.13      0.00      7.19
08:20:40 PM     all      1.89      0.00     89.66      0.00      0.00      0.00      0.38      0.00      8.07
08:20:41 PM     all      2.01      0.00     90.72      0.00      0.00      0.00      0.38      0.00      6.90
08:20:42 PM     all      1.62      0.00     91.00      0.00      0.00      0.00      0.00      0.00      7.38
08:20:43 PM     all      1.52      0.00     89.25      0.00      0.00      0.00      0.13      0.00      9.10
08:20:44 PM     all      0.88      0.00     75.82      0.00      0.00      0.00      0.00      0.00     23.30
08:20:45 PM     all      0.00      0.00     66.12      0.00      0.00      0.00      0.00      0.00     33.88
08:20:46 PM     all      0.13      0.00      8.40      0.00      0.00      0.00      0.00      0.00     91.48
Average:        all      2.57      0.00     84.48      0.01      0.00      0.00      0.32      0.00     12.61
 
>>>>>>>>>>>>>>>>>>> iteration end >>>>>>>>>>>>>>>>>>>>>
 
 
Test run  4
<<<<<<<<<<<<<<<<<<< iteration start <<<<<<<<<<<<<<<<<<<<<<<
 
Linux 3.13.0-37-generic (perflab) 	10/07/2018 	_i686_	(8 CPU)

08:20:51 PM     CPU      %usr     %nice      %sys   %iowait    %steal      %irq     %soft    %guest     %idle
08:20:52 PM     all      5.17      0.00     87.97      0.00      0.00      0.00      1.03      0.00      5.82
08:20:53 PM     all      6.23      0.00     86.53      0.00      0.00      0.00      1.14      0.00      6.10
08:20:54 PM     all      5.32      0.00     87.47      0.00      0.00      0.00      0.63      0.00      6.58
08:20:55 PM     all      4.83      0.00     87.53      0.00      0.00      0.00      0.51      0.00      7.12
08:20:56 PM     all      3.95      0.00     88.54      0.00      0.00      0.00      0.38      0.00      7.13
08:20:57 PM     all      2.77      0.00     88.93      0.00      0.00      0.00      0.25      0.00      8.05
08:20:58 PM     all      2.79      0.00     89.09      0.00      0.00      0.00      0.51      0.00      7.61
08:20:59 PM     all      2.65      0.00     88.76      0.00      0.00      0.00      0.38      0.00      8.21
08:21:00 PM     all      3.14      0.00     88.19      0.00      0.00      0.00      0.38      0.00      8.29
08:21:01 PM     all      1.78      0.00     89.17      0.00      0.00      0.00      0.51      0.00      8.54
08:21:02 PM     all      2.00      0.00     89.99      0.00      0.00      0.00      0.25      0.00      7.76
08:21:03 PM     all      1.51      0.00     91.59      0.00      0.00      0.00      0.00      0.00      6.90
08:21:04 PM     all      1.39      0.00     89.51      0.00      0.00      0.00      0.25      0.00      8.85
08:21:05 PM     all      1.52      0.00     90.13      0.00      0.00      0.00      0.25      0.00      8.10
08:21:06 PM     all      2.41      0.00     89.62      0.00      0.00      0.00      0.00      0.00      7.97
08:21:07 PM     all      1.50      0.00     90.49      0.13      0.00      0.00      0.13      0.00      7.76
08:21:08 PM     all      1.25      0.00     92.00      0.00      0.00      0.00      0.50      0.00      6.25
08:21:09 PM     all      2.28      0.00     90.10      0.00      0.00      0.00      0.00      0.00      7.61
08:21:10 PM     all      2.13      0.00     90.35      0.13      0.00      0.00      0.13      0.00      7.27
08:21:11 PM     all      1.88      0.00     89.12      0.00      0.00      0.00      0.25      0.00      8.75
08:21:12 PM     all      1.77      0.00     89.75      0.00      0.00      0.00      0.25      0.00      8.23
08:21:13 PM     all      1.66      0.00     80.23      0.00      0.00      0.00      0.13      0.00     17.98
08:21:14 PM     all      0.00      0.00     67.46      0.13      0.00      0.00      0.00      0.00     32.42
08:21:15 PM     all      0.00      0.00     35.60      0.00      0.00      0.00      0.00      0.00     64.40
08:21:16 PM     all      0.00      0.00      0.12      0.37      0.00      0.00      0.12      0.00     99.38
Average:        all      2.39      0.00     82.28      0.03      0.00      0.00      0.32      0.00     14.98
 
>>>>>>>>>>>>>>>>>>> iteration end >>>>>>>>>>>>>>>>>>>>>
 
 
Test run  5
<<<<<<<<<<<<<<<<<<< iteration start <<<<<<<<<<<<<<<<<<<<<<<
 
Linux 3.13.0-37-generic (perflab) 	10/07/2018 	_i686_	(8 CPU)

08:21:21 PM     CPU      %usr     %nice      %sys   %iowait    %steal      %irq     %soft    %guest     %idle
08:21:22 PM     all      5.06      0.00     90.90      0.13      0.00      0.00      1.01      0.00      2.91
08:21:23 PM     all      5.34      0.00     90.60      0.00      0.00      0.00      0.76      0.00      3.30
08:21:24 PM     all      4.67      0.00     90.29      0.00      0.00      0.00      1.51      0.00      3.53
08:21:25 PM     all      3.53      0.00     92.56      0.00      0.00      0.00      0.88      0.00      3.03
08:21:26 PM     all      7.20      0.00     88.51      0.00      0.00      0.00      1.01      0.00      3.28
08:21:27 PM     all      4.42      0.00     90.77      0.00      0.00      0.00      1.52      0.00      3.29
08:21:28 PM     all      4.42      0.00     90.03      0.00      0.00      0.00      1.77      0.00      3.79
08:21:29 PM     all      5.01      0.00     90.36      0.00      0.00      0.00      1.00      0.00      3.63
08:21:30 PM     all      3.88      0.00     91.75      0.00      0.00      0.00      1.38      0.00      3.00
08:21:31 PM     all      4.71      0.00     90.84      0.00      0.00      0.00      1.02      0.00      3.44
08:21:32 PM     all      4.28      0.00     91.44      0.00      0.00      0.00      1.01      0.00      3.27
08:21:33 PM     all      5.77      0.00     89.84      0.00      0.00      0.00      1.25      0.00      3.14
08:21:34 PM     all      5.70      0.00     89.86      0.00      0.00      0.00      1.01      0.00      3.42
08:21:35 PM     all      4.27      0.00     91.09      0.00      0.00      0.00      1.38      0.00      3.26
08:21:36 PM     all      4.05      0.00     76.58      0.00      0.00      0.00      0.89      0.00     18.48
08:21:37 PM     all      0.00      0.00      0.00      0.37      0.00      0.00      0.00      0.00     99.63
08:21:38 PM     all      0.00      0.00      0.00      0.13      0.00      0.00      0.00      0.00     99.87
08:21:39 PM     all      0.00      0.00      0.00      0.38      0.00      0.00      0.00      0.00     99.62
08:21:40 PM     all      0.00      0.00      0.12      0.00      0.00      0.00      0.00      0.00     99.88
08:21:41 PM     all      0.12      0.00      0.00      0.37      0.00      0.00      0.00      0.00     99.50
08:21:42 PM     all      0.00      0.00      0.00      0.00      0.00      0.00      0.00      0.00    100.00
08:21:43 PM     all      0.00      0.00      0.12      0.50      0.00      0.00      0.00      0.00     99.38
08:21:44 PM     all      0.00      0.00      0.00      0.00      0.00      0.00      0.00      0.00    100.00
08:21:45 PM     all      0.00      0.00      0.00      0.25      0.00      0.00      0.00      0.00     99.75
08:21:46 PM     all      0.00      0.00      0.12      0.00      0.00      0.00      0.00      0.00     99.88
Average:        all      2.89      0.00     53.64      0.09      0.00      0.00      0.69      0.00     42.69
 
>>>>>>>>>>>>>>>>>>> iteration end >>>>>>>>>>>>>>>>>>>>>
 
 
***************** N END *****************
 
 
Value of N is  16
**************** N START ******************
 
 
Test run  1
<<<<<<<<<<<<<<<<<<< iteration start <<<<<<<<<<<<<<<<<<<<<<<
 
Linux 3.13.0-37-generic (perflab) 	10/07/2018 	_i686_	(8 CPU)

08:21:51 PM     CPU      %usr     %nice      %sys   %iowait    %steal      %irq     %soft    %guest     %idle
08:21:52 PM     all      5.18      0.00     91.16      0.00      0.00      0.00      0.63      0.00      3.03
08:21:53 PM     all      5.83      0.00     88.97      0.00      0.00      0.00      0.76      0.00      4.44
08:21:54 PM     all      6.32      0.00     87.99      0.00      0.00      0.00      1.14      0.00      4.55
08:21:55 PM     all      5.79      0.00     89.43      0.00      0.00      0.00      0.25      0.00      4.53
08:21:56 PM     all      3.54      0.00     91.40      0.00      0.00      0.00      0.51      0.00      4.55
08:21:57 PM     all      3.07      0.00     92.07      0.00      0.00      0.00      0.13      0.00      4.73
08:21:58 PM     all      3.29      0.00     90.90      0.00      0.00      0.00      0.51      0.00      5.31
08:21:59 PM     all      2.03      0.00     91.87      0.38      0.00      0.00      0.38      0.00      5.34
08:22:00 PM     all      2.01      0.00     90.84      0.00      0.00      0.00      0.38      0.00      6.78
08:22:01 PM     all      1.89      0.00     90.91      0.13      0.00      0.00      0.13      0.00      6.94
08:22:02 PM     all      2.24      0.00     93.03      0.00      0.00      0.00      0.25      0.00      4.48
08:22:03 PM     all      1.88      0.00     91.36      0.00      0.00      0.00      0.50      0.00      6.26
08:22:04 PM     all      2.14      0.00     92.06      0.00      0.00      0.00      0.88      0.00      4.92
08:22:05 PM     all      1.88      0.00     91.97      0.00      0.00      0.00      0.38      0.00      5.77
08:22:06 PM     all      2.15      0.00     91.65      0.00      0.00      0.00      0.13      0.00      6.08
08:22:07 PM     all      1.64      0.00     92.68      0.00      0.00      0.00      0.63      0.00      5.05
08:22:08 PM     all      2.38      0.00     92.48      0.00      0.00      0.00      0.13      0.00      5.01
08:22:09 PM     all      1.78      0.00     91.35      0.00      0.00      0.00      0.13      0.00      6.74
08:22:10 PM     all      2.65      0.00     91.05      0.00      0.00      0.00      0.25      0.00      6.05
08:22:11 PM     all      1.51      0.00     91.83      0.13      0.00      0.00      0.13      0.00      6.41
08:22:12 PM     all      0.25      0.00     68.41      0.00      0.00      0.00      0.00      0.00     31.34
08:22:13 PM     all      0.00      0.00     27.26      0.25      0.00      0.00      0.00      0.00     72.49
08:22:14 PM     all      0.12      0.00      0.12      0.00      0.00      0.00      0.00      0.00     99.75
08:22:15 PM     all      0.00      0.00      0.12      0.25      0.00      0.00      0.00      0.00     99.62
08:22:16 PM     all      0.12      0.00      0.00      0.37      0.00      0.00      0.00      0.00     99.50
Average:        all      2.38      0.00     76.71      0.06      0.00      0.00      0.33      0.00     20.52
 
>>>>>>>>>>>>>>>>>>> iteration end >>>>>>>>>>>>>>>>>>>>>
 
 
Test run  2
<<<<<<<<<<<<<<<<<<< iteration start <<<<<<<<<<<<<<<<<<<<<<<
 
Linux 3.13.0-37-generic (perflab) 	10/07/2018 	_i686_	(8 CPU)

08:22:21 PM     CPU      %usr     %nice      %sys   %iowait    %steal      %irq     %soft    %guest     %idle
08:22:22 PM     all      6.84      0.00     88.72      0.00      0.00      0.00      0.76      0.00      3.68
08:22:23 PM     all      5.38      0.00     90.38      0.00      0.00      0.00      0.51      0.00      3.72
08:22:24 PM     all      5.05      0.00     89.90      0.13      0.00      0.00      0.76      0.00      4.17
08:22:25 PM     all      4.41      0.00     89.92      0.00      0.00      0.00      0.88      0.00      4.79
08:22:26 PM     all      2.89      0.00     91.57      0.00      0.00      0.00      0.50      0.00      5.03
08:22:27 PM     all      2.81      0.00     91.83      0.00      0.00      0.00      0.26      0.00      5.11
08:22:28 PM     all      5.30      0.00     88.52      0.13      0.00      0.00      0.25      0.00      5.80
08:22:29 PM     all      3.41      0.00     89.65      0.00      0.00      0.00      0.25      0.00      6.69
08:22:30 PM     all      2.52      0.00     90.57      0.00      0.00      0.00      0.38      0.00      6.54
08:22:31 PM     all      1.51      0.00     91.55      0.00      0.00      0.00      0.25      0.00      6.68
08:22:32 PM     all      2.02      0.00     91.18      0.00      0.00      0.00      0.38      0.00      6.42
08:22:33 PM     all      3.03      0.00     90.79      0.00      0.00      0.00      0.13      0.00      6.05
08:22:34 PM     all      2.15      0.00     92.17      0.00      0.00      0.00      0.13      0.00      5.56
08:22:35 PM     all      1.63      0.00     92.60      0.00      0.00      0.00      0.25      0.00      5.52
08:22:36 PM     all      2.80      0.00     92.12      0.00      0.00      0.00      0.13      0.00      4.96
08:22:37 PM     all      2.02      0.00     91.78      0.13      0.00      0.00      0.38      0.00      5.69
08:22:38 PM     all      2.53      0.00     90.91      0.00      0.00      0.00      0.13      0.00      6.44
08:22:39 PM     all      1.77      0.00     92.41      0.00      0.00      0.00      0.25      0.00      5.56
08:22:40 PM     all      1.63      0.00     93.87      0.00      0.00      0.00      0.25      0.00      4.26
08:22:41 PM     all      1.76      0.00     90.97      0.00      0.00      0.00      0.25      0.00      7.03
08:22:42 PM     all      0.37      0.00     72.10      0.12      0.00      0.00      0.12      0.00     27.27
08:22:43 PM     all      0.00      0.00     32.58      0.00      0.00      0.00      0.00      0.00     67.42
08:22:44 PM     all      0.00      0.00      0.00      0.50      0.00      0.00      0.00      0.00     99.50
08:22:45 PM     all      0.00      0.00      0.12      0.00      0.00      0.00      0.00      0.00     99.88
08:22:46 PM     all      0.00      0.00      0.00      0.25      0.00      0.00      0.00      0.00     99.75
Average:        all      2.47      0.00     76.95      0.05      0.00      0.00      0.29      0.00     20.25
 
>>>>>>>>>>>>>>>>>>> iteration end >>>>>>>>>>>>>>>>>>>>>
 
 
Test run  3
<<<<<<<<<<<<<<<<<<< iteration start <<<<<<<<<<<<<<<<<<<<<<<
 
Linux 3.13.0-37-generic (perflab) 	10/07/2018 	_i686_	(8 CPU)

08:22:51 PM     CPU      %usr     %nice      %sys   %iowait    %steal      %irq     %soft    %guest     %idle
08:22:52 PM     all      7.22      0.00     88.48      0.13      0.00      0.00      1.01      0.00      3.16
08:22:53 PM     all      5.73      0.00     89.69      0.00      0.00      0.00      0.89      0.00      3.69
08:22:54 PM     all      5.61      0.00     89.17      0.00      0.00      0.00      0.89      0.00      4.33
08:22:55 PM     all      4.91      0.00     90.06      0.00      0.00      0.00      0.50      0.00      4.53
08:22:56 PM     all      4.20      0.00     90.59      0.00      0.00      0.00      0.38      0.00      4.83
08:22:57 PM     all      3.18      0.00     90.57      0.00      0.00      0.00      0.38      0.00      5.86
08:22:58 PM     all      2.92      0.00     91.74      0.00      0.00      0.00      0.25      0.00      5.08
08:22:59 PM     all      2.52      0.00     90.93      0.13      0.00      0.00      0.50      0.00      5.92
08:23:00 PM     all      2.14      0.00     93.46      0.00      0.00      0.00      0.13      0.00      4.28
08:23:01 PM     all      1.26      0.00     93.70      0.00      0.00      0.00      0.38      0.00      4.66
08:23:02 PM     all      2.53      0.00     90.51      0.00      0.00      0.00      0.25      0.00      6.71
08:23:03 PM     all      1.64      0.00     92.07      0.00      0.00      0.00      0.25      0.00      6.05
08:23:04 PM     all      2.52      0.00     91.57      0.00      0.00      0.00      0.25      0.00      5.66
08:23:05 PM     all      1.77      0.00     91.41      0.00      0.00      0.00      0.51      0.00      6.31
08:23:06 PM     all      1.64      0.00     92.43      0.00      0.00      0.00      0.25      0.00      5.67
08:23:07 PM     all      1.65      0.00     92.01      0.00      0.00      0.00      0.51      0.00      5.84
08:23:08 PM     all      1.89      0.00     93.44      0.00      0.00      0.00      0.25      0.00      4.41
08:23:09 PM     all      1.51      0.00     93.97      0.50      0.00      0.00      0.13      0.00      3.89
08:23:10 PM     all      3.41      0.00     90.39      0.88      0.00      0.00      0.25      0.00      5.06
08:23:11 PM     all      1.77      0.00     84.58      0.00      0.00      0.00      0.00      0.00     13.65
08:23:12 PM     all      0.00      0.00     66.21      0.00      0.00      0.00      0.00      0.00     33.79
08:23:14 PM     all      0.00      0.00      6.51      0.38      0.00      0.00      0.00      0.00     93.12
08:23:15 PM     all      0.00      0.00      0.00      0.00      0.00      0.00      0.00      0.00    100.00
08:23:16 PM     all      0.00      0.00      0.00      0.38      0.00      0.00      0.00      0.00     99.62
08:23:17 PM     all      0.00      0.00      0.00      0.00      0.00      0.00      0.00      0.00    100.00
Average:        all      2.39      0.00     75.61      0.10      0.00      0.00      0.32      0.00     21.59
 
>>>>>>>>>>>>>>>>>>> iteration end >>>>>>>>>>>>>>>>>>>>>
 
 
Test run  4
<<<<<<<<<<<<<<<<<<< iteration start <<<<<<<<<<<<<<<<<<<<<<<
 
Linux 3.13.0-37-generic (perflab) 	10/07/2018 	_i686_	(8 CPU)

08:23:22 PM     CPU      %usr     %nice      %sys   %iowait    %steal      %irq     %soft    %guest     %idle
08:23:23 PM     all      5.81      0.00     90.15      0.00      0.00      0.00      1.14      0.00      2.90
08:23:24 PM     all      5.58      0.00     89.23      0.13      0.00      0.00      0.76      0.00      4.31
08:23:25 PM     all      4.77      0.00     90.45      0.00      0.00      0.00      0.75      0.00      4.02
08:23:26 PM     all      4.41      0.00     89.79      0.00      0.00      0.00      0.50      0.00      5.30
08:23:27 PM     all      3.80      0.00     89.86      0.00      0.00      0.00      0.76      0.00      5.58
08:23:28 PM     all      3.69      0.00     91.48      0.00      0.00      0.00      0.38      0.00      4.45
08:23:29 PM     all      3.04      0.00     91.90      0.00      0.00      0.00      0.38      0.00      4.68
08:23:30 PM     all      2.90      0.00     92.31      0.00      0.00      0.00      0.25      0.00      4.54
08:23:31 PM     all      1.26      0.00     92.83      0.00      0.00      0.00      0.13      0.00      5.79
08:23:32 PM     all      2.27      0.00     90.53      0.00      0.00      0.00      0.38      0.00      6.82
08:23:33 PM     all      1.50      0.00     91.98      0.00      0.00      0.00      0.25      0.00      6.27
08:23:34 PM     all      2.77      0.00     91.30      0.13      0.00      0.00      0.38      0.00      5.42
08:23:35 PM     all      1.75      0.00     92.88      0.00      0.00      0.00      0.12      0.00      5.24
08:23:36 PM     all      1.89      0.00     93.69      0.00      0.00      0.00      0.38      0.00      4.04
08:23:37 PM     all      1.63      0.00     94.86      0.00      0.00      0.00      0.00      0.00      3.51
08:23:38 PM     all      3.90      0.00     90.19      0.00      0.00      0.00      0.25      0.00      5.66
08:23:39 PM     all      2.02      0.00     92.55      0.13      0.00      0.00      0.25      0.00      5.05
08:23:40 PM     all      2.01      0.00     91.83      0.00      0.00      0.00      0.13      0.00      6.03
08:23:41 PM     all      2.01      0.00     91.83      0.00      0.00      0.00      0.25      0.00      5.90
08:23:42 PM     all      1.38      0.00     81.53      0.00      0.00      0.00      0.00      0.00     17.09
08:23:43 PM     all      0.00      0.00     60.23      0.00      0.00      0.00      0.00      0.00     39.77
08:23:44 PM     all      0.12      0.00      0.00      0.00      0.00      0.00      0.00      0.00     99.88
08:23:45 PM     all      0.00      0.00      0.12      0.50      0.00      0.00      0.00      0.00     99.38
08:23:46 PM     all      0.00      0.00      0.00      0.00      0.00      0.00      0.00      0.00    100.00
08:23:47 PM     all      0.00      0.00      0.12      0.25      0.00      0.00      0.00      0.00     99.62
Average:        all      2.34      0.00     75.16      0.05      0.00      0.00      0.30      0.00     22.16
 
>>>>>>>>>>>>>>>>>>> iteration end >>>>>>>>>>>>>>>>>>>>>
 
 
Test run  5
<<<<<<<<<<<<<<<<<<< iteration start <<<<<<<<<<<<<<<<<<<<<<<
 
Linux 3.13.0-37-generic (perflab) 	10/07/2018 	_i686_	(8 CPU)

08:23:52 PM     CPU      %usr     %nice      %sys   %iowait    %steal      %irq     %soft    %guest     %idle
08:23:53 PM     all      9.49      0.00     86.20      0.00      0.00      0.00      0.89      0.00      3.42
08:23:54 PM     all      5.94      0.00     89.38      0.00      0.00      0.00      0.88      0.00      3.79
08:23:55 PM     all      6.35      0.00     88.58      0.00      0.00      0.00      0.76      0.00      4.31
08:23:56 PM     all      4.72      0.00     90.05      0.00      0.00      0.00      0.77      0.00      4.46
08:23:57 PM     all      3.93      0.00     89.48      0.00      0.00      0.00      0.51      0.00      6.08
08:23:58 PM     all      3.41      0.00     91.16      0.13      0.00      0.00      0.51      0.00      4.80
08:23:59 PM     all      3.51      0.00     91.10      0.00      0.00      0.00      0.50      0.00      4.89
08:24:00 PM     all      2.03      0.00     92.02      0.00      0.00      0.00      0.51      0.00      5.45
08:24:01 PM     all      1.75      0.00     92.11      0.00      0.00      0.00      0.13      0.00      6.02
08:24:02 PM     all      2.52      0.00     91.56      0.00      0.00      0.00      0.38      0.00      5.54
08:24:03 PM     all      1.76      0.00     93.33      0.13      0.00      0.00      0.00      0.00      4.78
08:24:04 PM     all      1.51      0.00     91.55      0.00      0.00      0.00      0.38      0.00      6.56
08:24:05 PM     all      1.77      0.00     91.52      0.00      0.00      0.00      0.13      0.00      6.58
08:24:06 PM     all      2.02      0.00     92.04      0.00      0.00      0.00      0.25      0.00      5.69
08:24:07 PM     all      1.88      0.00     92.61      0.00      0.00      0.00      0.13      0.00      5.39
08:24:08 PM     all      2.14      0.00     92.44      0.13      0.00      0.00      0.38      0.00      4.91
08:24:09 PM     all      2.53      0.00     91.29      0.00      0.00      0.00      0.25      0.00      5.93
08:24:10 PM     all      2.12      0.00     92.25      0.00      0.00      0.00      0.50      0.00      5.12
08:24:11 PM     all      1.65      0.00     91.88      0.00      0.00      0.00      0.25      0.00      6.22
08:24:12 PM     all      0.62      0.00     72.41      0.00      0.00      0.00      0.25      0.00     26.72
08:24:13 PM     all      0.00      0.00     37.36      0.62      0.00      0.00      0.00      0.00     62.02
08:24:14 PM     all      0.00      0.00      0.12      0.00      0.00      0.00      0.00      0.00     99.88
08:24:15 PM     all      0.12      0.00      0.00      0.37      0.00      0.00      0.00      0.00     99.50
08:24:16 PM     all      0.00      0.00      0.00      0.00      0.00      0.00      0.00      0.00    100.00
08:24:17 PM     all      0.00      0.00      0.12      0.25      0.00      0.00      0.00      0.00     99.63
Average:        all      2.46      0.00     73.48      0.07      0.00      0.00      0.33      0.00     23.66
 
>>>>>>>>>>>>>>>>>>> iteration end >>>>>>>>>>>>>>>>>>>>>
 
 
***************** N END *****************
 
 
