Value of N is  2
**************** N START ******************
 
 
Test run  1
<<<<<<<<<<<<<<<<<<< iteration start <<<<<<<<<<<<<<<<<<<<<<<
 
Linux 3.13.0-37-generic (perflab) 	10/07/2018 	_i686_	(8 CPU)

08:11:51 PM kbmemfree kbmemused  %memused kbbuffers  kbcached  kbcommit   %commit  kbactive   kbinact
08:11:52 PM   7324416    850092     10.40     60284    519068   1723320     21.08    441104    311728
08:11:53 PM   7329800    844708     10.33     60284    519068   1797084     21.98    441276    311808
08:11:54 PM   7323460    851048     10.41     60284    519068   1600380     19.58    440976    311808
08:11:55 PM   7325540    848968     10.39     60284    519068   2034772     24.89    441232    311808
08:11:56 PM   7321564    852944     10.43     60284    519068   2010180     24.59    441028    311808
08:11:57 PM   7328684    845824     10.35     60292    519068   1567596     19.18    441300    311816
08:11:58 PM   7329224    845284     10.34     60292    519068   1928220     23.59    441688    311816
08:11:59 PM   7326764    847744     10.37     60292    519068   2010180     24.59    441156    311816
08:12:00 PM   7321304    853204     10.44     60292    519068   1838164     22.49    440916    311816
08:12:01 PM   7328204    846304     10.35     60296    519180   1756220     21.48    440904    311932
08:12:02 PM   7326060    848448     10.38     60300    519184   1231676     15.07    441084    311940
08:12:03 PM   7324764    849744     10.40     60300    519060   1788872     21.88    441068    311816
08:12:04 PM   7322628    851880     10.42     60300    519060   1813460     22.18    441360    311816
08:12:05 PM   7328328    846180     10.35     60300    519060   1633148     19.98    440816    311816
08:12:06 PM   7326740    847768     10.37     60300    519060   2059340     25.19    441520    311816
08:12:07 PM   7323272    851236     10.41     60308    519060   1920008     23.49    441176    311824
08:12:08 PM   7327072    847436     10.37     60308    519060   1690520     20.68    441072    311824
08:12:09 PM   7325084    849424     10.39     60308    519060   1641344     20.08    440692    311824
08:12:10 PM   7325112    849396     10.39     60308    519060   1649540     20.18    441700    311824
08:12:11 PM   7322416    852092     10.42     60312    519056   1838048     22.49    441864    311824
08:12:12 PM   7324148    850360     10.40     60316    519060   2042948     24.99    441460    311832
08:12:13 PM   7324500    850008     10.40     60316    519060   1903616     23.29    440880    311832
08:12:14 PM   7345796    828712     10.14     60316    516680   1010316     12.36    438452    309552
08:12:15 PM   7346316    828192     10.13     60316    516716   1010316     12.36    438228    309476
08:12:16 PM   7346396    828112     10.13     60316    516716   1010316     12.36    438780    309476
Average:      7327904    846604     10.36     60300    518790   1700383     20.80    440869    311546
 
>>>>>>>>>>>>>>>>>>> iteration end >>>>>>>>>>>>>>>>>>>>>
 
 
Test run  2
<<<<<<<<<<<<<<<<<<< iteration start <<<<<<<<<<<<<<<<<<<<<<<
 
Linux 3.13.0-37-generic (perflab) 	10/07/2018 	_i686_	(8 CPU)

08:12:21 PM kbmemfree kbmemused  %memused kbbuffers  kbcached  kbcommit   %commit  kbactive   kbinact
08:12:22 PM   7328728    845780     10.35     60332    519064   1616756     19.78    441140    311840
08:12:23 PM   7323908    850600     10.41     60332    519064   1641344     20.08    441916    311840
08:12:24 PM   7327524    846984     10.36     60332    519064   1116800     13.66    440756    311836
08:12:25 PM   7321936    852572     10.43     60332    519064   1739696     21.28    441284    311836
08:12:26 PM   7323740    850768     10.41     60340    519056   2034752     24.89    441816    311836
08:12:27 PM   7320120    854388     10.45     60340    519064   1911812     23.39    441448    311844
08:12:28 PM   7323132    851376     10.42     60340    519068   1493816     18.27    441248    311848
08:12:29 PM   7328412    846096     10.35     60340    519072   2010164     24.59    441172    311848
08:12:30 PM   7322344    852164     10.42     60340    519072   2051144     25.09    441288    311844
08:12:31 PM   7318248    856260     10.47     60348    519068   1960988     23.99    441456    311848
08:12:32 PM   7329484    845024     10.34     60348    519076   2067536     25.29    441260    311852
08:12:33 PM   7326692    847816     10.37     60348    519076   1698716     20.78    441128    311852
08:12:34 PM   7329072    845436     10.34     60348    519076   1682324     20.58    441120    311852
08:12:35 PM   7322344    852164     10.42     60348    519076   1690520     20.68    441068    311852
08:12:36 PM   7321768    852740     10.43     60356    519068   1633148     19.98    440880    311852
08:12:37 PM   7325080    849428     10.39     60356    519076   1616756     19.78    440648    311860
08:12:38 PM   7322120    852388     10.43     60356    519076   1715108     20.98    440924    311860
08:12:39 PM   7325252    849256     10.39     60356    519076   1977380     24.19    441424    311860
08:12:40 PM   7322372    852136     10.42     60356    519080   1682324     20.58    441156    311860
08:12:41 PM   7329180    845328     10.34     60364    519072   1608560     19.68    440972    311860
08:12:42 PM   7319392    855116     10.46     60364    519080   2001968     24.49    441700    311868
08:12:43 PM   7319596    854912     10.46     60364    519080   1428248     17.47    441468    311868
08:12:44 PM   7346400    828108     10.13     60364    516700   1010316     12.36    438280    309588
08:12:45 PM   7347196    827312     10.12     60364    516732   1010316     12.36    438556    309520
08:12:46 PM   7347300    827208     10.12     60372    516724   1010316     12.36    438572    309520
Average:      7326854    847654     10.37     60350    518789   1656432     20.26    440907    311574
 
>>>>>>>>>>>>>>>>>>> iteration end >>>>>>>>>>>>>>>>>>>>>
 
 
Test run  3
<<<<<<<<<<<<<<<<<<< iteration start <<<<<<<<<<<<<<<<<<<<<<<
 
Linux 3.13.0-37-generic (perflab) 	10/07/2018 	_i686_	(8 CPU)

08:12:51 PM kbmemfree kbmemused  %memused kbbuffers  kbcached  kbcommit   %commit  kbactive   kbinact
08:12:52 PM   7325700    848808     10.38     60380    519084   2075736     25.39    441304    311888
08:12:53 PM   7321256    853252     10.44     60380    519084   1854444     22.69    441512    311888
08:12:54 PM   7328104    846404     10.35     60380    519084   1592172     19.48    441280    311884
08:12:55 PM   7325128    849380     10.39     60380    519084   1542996     18.88    441324    311884
08:12:56 PM   7327824    846684     10.36     60388    519076   1583976     19.38    440848    311884
08:12:57 PM   7327236    847272     10.36     60388    519084   1641348     20.08    441456    311892
08:12:58 PM   7327776    846732     10.36     60388    519084   1321704     16.17    441004    311892
08:12:59 PM   7329192    845316     10.34     60388    519084   2034756     24.89    441868    311892
08:13:00 PM   7327120    847388     10.37     60388    519084   1436572     17.57    440880    311892
08:13:01 PM   7327196    847312     10.37     60388    519216   1625096     19.88    441256    312024
08:13:02 PM   7325424    849084     10.39     60396    519216   1649684     20.18    441212    312032
08:13:03 PM   7327332    847176     10.36     60396    519084   1567592     19.18    441640    311900
08:13:04 PM   7324172    850336     10.40     60396    519084   1715120     20.98    441088    311900
08:13:05 PM   7322568    851940     10.42     60396    519084   1961000     23.99    441124    311900
08:13:06 PM   7327768    846740     10.36     60396    519084   1862648     22.79    441296    311900
08:13:07 PM   7325544    848964     10.39     60404    519088   1903628     23.29    440856    311908
08:13:08 PM   7325192    849316     10.39     60404    519088   1879040     22.99    441196    311908
08:13:09 PM   7327496    847012     10.36     60404    519092   2092136     25.59    441556    311912
08:13:10 PM   7326784    847724     10.37     60404    519092   1961000     23.99    441568    311908
08:13:11 PM   7325764    848744     10.38     60412    519084   1715120     20.98    440700    311908
08:13:12 PM   7324300    850208     10.40     60412    519096   1756100     21.48    441432    311920
08:13:13 PM   7321156    853352     10.44     60412    519096   2001980     24.49    441272    311916
08:13:14 PM   7346400    828108     10.13     60412    516716   1010328     12.36    438644    309636
08:13:15 PM   7347212    827296     10.12     60412    516752   1010328     12.36    438744    309568
08:13:16 PM   7347792    826716     10.11     60416    516748   1010328     12.36    438588    309568
Average:      7328457    846051     10.35     60397    518815   1672193     20.46    440946    311632
 
>>>>>>>>>>>>>>>>>>> iteration end >>>>>>>>>>>>>>>>>>>>>
 
 
Test run  4
<<<<<<<<<<<<<<<<<<< iteration start <<<<<<<<<<<<<<<<<<<<<<<
 
Linux 3.13.0-37-generic (perflab) 	10/07/2018 	_i686_	(8 CPU)

08:13:21 PM kbmemfree kbmemused  %memused kbbuffers  kbcached  kbcommit   %commit  kbactive   kbinact
08:13:22 PM   7327064    847444     10.37     60428    519120   1846256     22.59    441300    311948
08:13:23 PM   7331896    842612     10.31     60428    519104   1518416     18.58    441220    311936
08:13:24 PM   7328684    845824     10.35     60428    519104   1723316     21.08    441336    311932
08:13:25 PM   7321476    853032     10.44     60428    519104   2010176     24.59    441688    311932
08:13:26 PM   7329128    845380     10.34     60428    519104   1502024     18.37    441172    311932
08:13:27 PM   7327516    846992     10.36     60436    519104   1739708     21.28    441368    311940
08:13:28 PM   7324108    850400     10.40     60436    519104   1747904     21.38    441432    311940
08:13:29 PM   7328428    846080     10.35     60436    519104   1805276     22.08    440996    311940
08:13:30 PM   7324684    849824     10.40     60436    519104   1993784     24.39    441416    311940
08:13:31 PM   7325160    849348     10.39     60436    519104   2051156     25.09    441892    311940
08:13:32 PM   7326096    848412     10.38     60444    519104   1616768     19.78    441164    311948
08:13:33 PM   7330748    843760     10.32     60444    519104   1452848     17.77    441004    311948
08:13:34 PM   7323664    850844     10.41     60444    519104   1944608     23.79    441300    311948
08:13:35 PM   7323128    851380     10.42     60444    519104   1788884     21.88    441144    311948
08:13:36 PM   7324444    850064     10.40     60444    519104   1608572     19.68    441256    311948
08:13:37 PM   7327204    847304     10.37     60444    519104   2042960     24.99    441648    311948
08:13:38 PM   7323824    850684     10.41     60452    519108   1551200     18.98    441180    311960
08:13:39 PM   7328692    845816     10.35     60452    519108   1928216     23.59    441268    311956
08:13:40 PM   7327744    846764     10.36     60452    519108   1739708     21.28    441264    311956
08:13:41 PM   7319020    855488     10.47     60452    519108   2083940     25.49    441432    311956
08:13:42 PM   7327612    846896     10.36     60452    519108   1510220     18.47    441132    311956
08:13:43 PM   7322164    852344     10.43     60460    519108   1993784     24.39    441252    311964
08:13:44 PM   7345276    829232     10.14     60460    516728   1010328     12.36    438428    309684
08:13:45 PM   7346064    828444     10.13     60460    516764   1010328     12.36    438604    309616
08:13:46 PM   7346280    828228     10.13     60460    516764   1010328     12.36    438592    309616
Average:      7328404    846104     10.35     60443    518823   1689228     20.66    440980    311669
 
>>>>>>>>>>>>>>>>>>> iteration end >>>>>>>>>>>>>>>>>>>>>
 
 
Test run  5
<<<<<<<<<<<<<<<<<<< iteration start <<<<<<<<<<<<<<<<<<<<<<<
 
Linux 3.13.0-37-generic (perflab) 	10/07/2018 	_i686_	(8 CPU)

08:13:51 PM kbmemfree kbmemused  %memused kbbuffers  kbcached  kbcommit   %commit  kbactive   kbinact
08:13:52 PM   7327244    847264     10.36     60468    519116   1903628     23.29    441272    311976
08:13:53 PM   7328224    846284     10.35     60468    519116   1920020     23.49    441740    311976
08:13:54 PM   7327128    847380     10.37     60468    519120   1821668     22.28    441492    311976
08:13:55 PM   7328496    846012     10.35     60468    519120   1961000     23.99    441448    311972
08:13:56 PM   7326520    847988     10.37     60468    519120   1297124     15.87    441200    311972
08:13:57 PM   7332212    842296     10.30     60476    519120   1551200     18.98    441056    311980
08:13:58 PM   7325368    849140     10.39     60476    519120   1567592     19.18    440464    311980
08:13:59 PM   7321816    852692     10.43     60476    519120   1387280     16.97    440836    311980
08:14:00 PM   7327464    847044     10.36     60476    519120   1895540     23.19    441192    311980
08:14:01 PM   7322860    851648     10.42     60476    519252   1993908     24.39    441608    312112
08:14:02 PM   7326784    847724     10.37     60484    519252   1682460     20.58    441560    312120
08:14:03 PM   7326400    848108     10.38     60484    519120   1739700     21.28    441056    311988
08:14:04 PM   7324016    850492     10.40     60484    519120   2067540     25.29    441284    311988
08:14:05 PM   7322268    852240     10.43     60484    519120   2034756     24.89    440992    311988
08:14:06 PM   7324980    849528     10.39     60484    519120   1862640     22.79    441332    311988
08:14:07 PM   7328324    846184     10.35     60492    519124   1920012     23.49    441688    312000
08:14:08 PM   7327192    847316     10.37     60492    519124   1690524     20.68    441224    311996
08:14:09 PM   7327864    846644     10.36     60492    519124   1272528     15.57    440756    311996
08:14:10 PM   7327604    846904     10.36     60492    519124   1452840     17.77    441400    311996
08:14:11 PM   7319092    855416     10.46     60492    519124   2042952     24.99    441704    311996
08:14:12 PM   7325100    849408     10.39     60500    519124   1788876     21.88    441500    312004
08:14:13 PM   7325496    849012     10.39     60500    519124   2059344     25.19    441220    312004
08:14:14 PM   7346348    828160     10.13     60500    516744   1010320     12.36    438516    309724
08:14:15 PM   7346672    827836     10.13     60500    516780   1010320     12.36    438576    309656
08:14:16 PM   7346852    827656     10.12     60500    516784   1010320     12.36    438676    309656
Average:      7328493    846015     10.35     60484    518849   1677764     20.52    440952    311720
 
>>>>>>>>>>>>>>>>>>> iteration end >>>>>>>>>>>>>>>>>>>>>
 
 
***************** N END *****************
 
 
Value of N is  4
**************** N START ******************
 
 
Test run  1
<<<<<<<<<<<<<<<<<<< iteration start <<<<<<<<<<<<<<<<<<<<<<<
 
Linux 3.13.0-37-generic (perflab) 	10/07/2018 	_i686_	(8 CPU)

08:14:21 PM kbmemfree kbmemused  %memused kbbuffers  kbcached  kbcommit   %commit  kbactive   kbinact
08:14:22 PM   7315872    858636     10.50     60516    519384   2036132     24.91    442080    312276
08:14:23 PM   7317880    856628     10.48     60516    519384   2167268     26.51    442148    312272
08:14:24 PM   7311608    862900     10.56     60516    519388   2495108     30.52    442536    312276
08:14:25 PM   7307776    866732     10.60     60516    519388   3019652     36.94    442684    312272
08:14:26 PM   7317548    856960     10.48     60524    519380   2454128     30.02    442416    312272
08:14:27 PM   7319532    854976     10.46     60524    519388   2675420     32.73    442864    312280
08:14:28 PM   7313012    861496     10.54     60524    519388   2863928     35.03    442932    312280
08:14:29 PM   7313416    861092     10.53     60524    519388   3060632     37.44    442884    312280
08:14:30 PM   7315396    859112     10.51     60524    519388   2109896     25.81    441956    312280
08:14:31 PM   7322404    852104     10.42     60524    519388   2634440     32.23    442412    312280
08:14:32 PM   7321652    852856     10.43     60532    519392   2511500     30.72    442336    312292
08:14:33 PM   7315616    858892     10.51     60532    519392   3044240     37.24    442816    312288
08:14:34 PM   7314320    860188     10.52     60532    519396   2159072     26.41    442100    312292
08:14:35 PM   7320428    854080     10.45     60532    519396   2642636     32.33    442384    312288
08:14:36 PM   7313904    860604     10.53     60532    519396   2585264     31.63    442728    312288
08:14:37 PM   7345156    829352     10.15     60540    517016   1010320     12.36    438860    309788
08:14:38 PM   7345824    828684     10.14     60540    517016   1010320     12.36    438820    309776
08:14:39 PM   7346148    828360     10.13     60540    516800   1010320     12.36    438676    309696
08:14:40 PM   7346148    828360     10.13     60540    516800   1010320     12.36    438676    309696
08:14:41 PM   7346256    828252     10.13     60540    516800   1010320     12.36    438872    309696
08:14:42 PM   7346256    828252     10.13     60556    516792   1010320     12.36    438872    309696
08:14:43 PM   7346256    828252     10.13     60556    516800   1010320     12.36    438880    309704
08:14:44 PM   7346256    828252     10.13     60556    516800   1010320     12.36    438880    309704
08:14:45 PM   7346256    828252     10.13     60556    516800   1010320     12.36    438880    309704
08:14:46 PM   7346256    828252     10.13     60556    516800   1010320     12.36    438652    309704
Average:      7328047    846461     10.35     60534    518370   1942501     23.76    441014    311255
 
>>>>>>>>>>>>>>>>>>> iteration end >>>>>>>>>>>>>>>>>>>>>
 
 
Test run  2
<<<<<<<<<<<<<<<<<<< iteration start <<<<<<<<<<<<<<<<<<<<<<<
 
Linux 3.13.0-37-generic (perflab) 	10/07/2018 	_i686_	(8 CPU)

08:14:51 PM kbmemfree kbmemused  %memused kbbuffers  kbcached  kbcommit   %commit  kbactive   kbinact
08:14:52 PM   7322588    851920     10.42     60572    519392   1831236     22.40    442240    312316
08:14:53 PM   7319844    854664     10.46     60572    519400   2552484     31.22    442440    312324
08:14:54 PM   7320340    854168     10.45     60572    519400   2388564     29.22    442592    312320
08:14:55 PM   7316264    858244     10.50     60572    519400   2478720     30.32    442112    312320
08:14:56 PM   7321896    852612     10.43     60576    519396   2560680     31.33    442604    312320
08:14:57 PM   7313760    860748     10.53     60580    519400   3085224     37.74    442572    312328
08:14:58 PM   7309096    865412     10.59     60580    519400   2626248     32.13    442892    312328
08:14:59 PM   7322424    852084     10.42     60580    519400   2322996     28.42    442112    312328
08:15:00 PM   7312828    861680     10.54     60580    519404   3101716     37.94    442656    312332
08:15:01 PM   7312608    861900     10.54     60584    519500   3052540     37.34    442508    312424
08:15:02 PM   7310076    864432     10.57     60588    519508   2757484     33.73    442784    312436
08:15:03 PM   7314668    859840     10.52     60588    519424   2175484     26.61    442708    312348
08:15:04 PM   7310108    864400     10.57     60588    519424   2536108     31.02    442512    312348
08:15:05 PM   7311280    863228     10.56     60588    519424   2642656     32.33    442544    312348
08:15:06 PM   7314204    860304     10.52     60596    519416   3003280     36.74    442772    312348
08:15:07 PM   7343668    830840     10.16     60596    517044   1010340     12.36    438712    309848
08:15:08 PM   7346116    828392     10.13     60596    516832   1010340     12.36    438716    309756
08:15:09 PM   7346012    828496     10.14     60596    516836   1010340     12.36    438904    309756
08:15:10 PM   7346012    828496     10.14     60596    516836   1010340     12.36    438904    309756
08:15:11 PM   7346012    828496     10.14     60604    516828   1010340     12.36    438904    309756
08:15:12 PM   7346012    828496     10.14     60604    516836   1010340     12.36    438904    309756
08:15:13 PM   7346012    828496     10.14     60604    516836   1010340     12.36    438904    309756
08:15:14 PM   7346008    828500     10.14     60604    516836   1010340     12.36    438904    309756
08:15:15 PM   7346012    828496     10.14     60604    516836   1010340     12.36    438904    309756
08:15:16 PM   7346012    828496     10.14     60612    516832   1010340     12.36    438676    309756
Average:      7327594    846914     10.36     60589    518394   1968753     24.08    441059    311313
 
>>>>>>>>>>>>>>>>>>> iteration end >>>>>>>>>>>>>>>>>>>>>
 
 
Test run  3
<<<<<<<<<<<<<<<<<<< iteration start <<<<<<<<<<<<<<<<<<<<<<<
 
Linux 3.13.0-37-generic (perflab) 	10/07/2018 	_i686_	(8 CPU)

08:15:21 PM kbmemfree kbmemused  %memused kbbuffers  kbcached  kbcommit   %commit  kbactive   kbinact
08:15:22 PM   7314364    860144     10.52     60620    519220   2224664     27.21    442496    312296
08:15:23 PM   7320228    854280     10.45     60620    519444   3142616     38.44    442772    312388
08:15:24 PM   7319844    854664     10.46     60620    519444   2888540     35.34    442780    312380
08:15:25 PM   7313292    861216     10.54     60620    519444   2822972     34.53    443376    312380
08:15:26 PM   7316764    857744     10.49     60620    519444   2896736     35.44    442976    312380
08:15:27 PM   7304328    870180     10.65     60628    519444   2667248     32.63    442836    312388
08:15:28 PM   7318244    856264     10.47     60628    519444   2822972     34.53    442232    312388
08:15:29 PM   7319376    855132     10.46     60628    519444   3044264     37.24    442312    312388
08:15:30 PM   7314644    859864     10.52     60628    519444   2839364     34.73    442464    312388
08:15:31 PM   7324508    850000     10.40     60628    519444   2363996     28.92    442768    312388
08:15:32 PM   7313496    861012     10.53     60636    519444   3068852     37.54    443180    312396
08:15:33 PM   7319392    855116     10.46     60636    519444   2454152     30.02    442332    312396
08:15:34 PM   7315712    858796     10.51     60636    519444   2552504     31.23    442820    312396
08:15:35 PM   7309608    864900     10.58     60636    519444   2700032     33.03    443036    312396
08:15:36 PM   7320992    853516     10.44     60636    519444   2691836     32.93    442668    312396
08:15:37 PM   7334804    839704     10.27     60644    519444   1391084     17.02    441036    312404
08:15:38 PM   7347524    826984     10.12     60644    516848   1010344     12.36    438768    309804
08:15:39 PM   7347704    826804     10.11     60644    516848   1010344     12.36    438916    309804
08:15:40 PM   7347704    826804     10.11     60644    516852   1010344     12.36    438916    309804
08:15:41 PM   7347840    826668     10.11     60644    516852   1010344     12.36    438916    309804
08:15:42 PM   7347840    826668     10.11     60652    516848   1010344     12.36    438916    309804
08:15:43 PM   7347840    826668     10.11     60652    516852   1010344     12.36    438916    309804
08:15:44 PM   7347840    826668     10.11     60652    516852   1010344     12.36    438916    309808
08:15:45 PM   7347840    826668     10.11     60652    516852   1010344     12.36    438916    309808
08:15:46 PM   7347840    826668     10.11     60652    516852   1010344     12.36    438916    309808
Average:      7328383    846125     10.35     60636    518501   2066597     25.28    441287    311456
 
>>>>>>>>>>>>>>>>>>> iteration end >>>>>>>>>>>>>>>>>>>>>
 
 
Test run  4
<<<<<<<<<<<<<<<<<<< iteration start <<<<<<<<<<<<<<<<<<<<<<<
 
Linux 3.13.0-37-generic (perflab) 	10/07/2018 	_i686_	(8 CPU)

08:15:51 PM kbmemfree kbmemused  %memused kbbuffers  kbcached  kbcommit   %commit  kbactive   kbinact
08:15:52 PM   7318928    855580     10.47     60668    519232   3003284     36.74    443184    312340
08:15:53 PM   7314316    860192     10.52     60668    519456   3109832     38.04    442988    312432
08:15:54 PM   7309780    864728     10.58     60668    519456   2167292     26.51    442392    312428
08:15:55 PM   7316552    857956     10.50     60668    519456   2741012     33.53    442572    312428
08:15:56 PM   7321324    853184     10.44     60676    519448   2642660     32.33    442656    312428
08:15:57 PM   7317660    856848     10.48     60676    519456   2331216     28.52    442280    312436
08:15:58 PM   7317864    856644     10.48     60676    519460   2224664     27.21    442772    312440
08:15:59 PM   7316940    857568     10.49     60676    519460   2896736     35.44    442752    312436
08:16:00 PM   7315364    859144     10.51     60676    519460   2437868     29.82    442308    312436
08:16:01 PM   7313056    861452     10.54     60684    519568   2806704     34.33    442716    312552
08:16:02 PM   7320876    853632     10.44     60684    519576   2847684     34.84    442608    312560
08:16:03 PM   7305480    869028     10.63     60684    519448   2585280     31.63    442548    312432
08:16:04 PM   7310888    863620     10.56     60684    519448   2954100     36.14    442860    312432
08:16:05 PM   7317856    856652     10.48     60684    519448   3027864     37.04    442716    312432
08:16:06 PM   7315316    859192     10.51     60692    519440   2863944     35.04    442412    312432
08:16:07 PM   7317984    856524     10.48     60692    519448   2515052     30.77    442084    312440
08:16:08 PM   7346268    828240     10.13     60692    517072   1010336     12.36    439064    309920
08:16:09 PM   7346404    828104     10.13     60692    516852   1010336     12.36    438984    309840
08:16:10 PM   7346404    828104     10.13     60692    516852   1010336     12.36    438984    309840
08:16:11 PM   7346404    828104     10.13     60700    516844   1010336     12.36    438984    309840
08:16:12 PM   7346484    828024     10.13     60704    516852   1010336     12.36    438940    309840
08:16:13 PM   7346484    828024     10.13     60704    516856   1010336     12.36    438944    309840
08:16:14 PM   7346484    828024     10.13     60704    516856   1010336     12.36    438944    309840
08:16:15 PM   7346484    828024     10.13     60704    516856   1010336     12.36    438944    309840
08:16:16 PM   7346484    828024     10.13     60712    516848   1010336     12.36    438716    309840
Average:      7326723    847785     10.37     60686    518526   2089929     25.57    441294    311509
 
>>>>>>>>>>>>>>>>>>> iteration end >>>>>>>>>>>>>>>>>>>>>
 
 
Test run  5
<<<<<<<<<<<<<<<<<<< iteration start <<<<<<<<<<<<<<<<<<<<<<<
 
Linux 3.13.0-37-generic (perflab) 	10/07/2018 	_i686_	(8 CPU)

08:16:21 PM kbmemfree kbmemused  %memused kbbuffers  kbcached  kbcommit   %commit  kbactive   kbinact
08:16:22 PM   7313640    860868     10.53     60720    519456   2978688     36.44    442412    312468
08:16:23 PM   7318380    856128     10.47     60720    519464   2880336     35.24    442168    312468
08:16:24 PM   7308628    865880     10.59     60720    519464   2577084     31.53    442436    312464
08:16:25 PM   7311476    863032     10.56     60720    519464   2445948     29.92    442252    312464
08:16:26 PM   7312652    861856     10.54     60720    519464   3036060     37.14    443000    312464
08:16:27 PM   7315220    859288     10.51     60728    519464   3044256     37.24    442500    312472
08:16:28 PM   7315160    859348     10.51     60728    519464   2470536     30.22    442892    312472
08:16:29 PM   7318776    855732     10.47     60728    519464   2126304     26.01    442352    312472
08:16:30 PM   7315476    859032     10.51     60728    519464   2675436     32.73    442896    312472
08:16:31 PM   7314560    859948     10.52     60728    519464   2708220     33.13    442540    312472
08:16:32 PM   7317944    856564     10.48     60736    519464   2068932     25.31    441972    312480
08:16:33 PM   7311664    862844     10.56     60736    519464   2814768     34.43    442684    312480
08:16:34 PM   7311148    863360     10.56     60736    519464   2618064     32.03    442652    312480
08:16:35 PM   7311760    862748     10.55     60736    519464   2568888     31.43    442928    312480
08:16:36 PM   7308076    866432     10.60     60736    519464   2577084     31.53    442568    312480
08:16:37 PM   7343072    831436     10.17     60744    517084   1010336     12.36    439292    309980
08:16:38 PM   7347620    826888     10.12     60744    516868   1010336     12.36    438956    309888
08:16:39 PM   7347608    826900     10.12     60744    516868   1010336     12.36    438964    309888
08:16:40 PM   7347608    826900     10.12     60744    516872   1010336     12.36    438964    309892
08:16:41 PM   7347608    826900     10.12     60744    516872   1010336     12.36    438964    309892
08:16:42 PM   7347600    826908     10.12     60752    516872   1010336     12.36    438968    309888
08:16:43 PM   7347624    826884     10.12     60752    516872   1010336     12.36    438968    309888
08:16:44 PM   7347604    826904     10.12     60752    516872   1010336     12.36    438968    309888
08:16:45 PM   7347604    826904     10.12     60752    516872   1010336     12.36    438968    309888
08:16:46 PM   7347604    826904     10.12     60752    516872   1010336     12.36    438968    309888
Average:      7327044    847464     10.37     60736    518435   1987759     24.32    441129    311443
 
>>>>>>>>>>>>>>>>>>> iteration end >>>>>>>>>>>>>>>>>>>>>
 
 
***************** N END *****************
 
 
Value of N is  8
**************** N START ******************
 
 
Test run  1
<<<<<<<<<<<<<<<<<<< iteration start <<<<<<<<<<<<<<<<<<<<<<<
 
Linux 3.13.0-37-generic (perflab) 	10/07/2018 	_i686_	(8 CPU)

08:16:51 PM kbmemfree kbmemused  %memused kbbuffers  kbcached  kbcommit   %commit  kbactive   kbinact
08:16:52 PM   7290364    884144     10.82     60768    519980   4333776     53.02    443972    313016
08:16:53 PM   7298804    875704     10.71     60768    519980   4866516     59.53    443812    313012
08:16:54 PM   7300168    874340     10.70     60768    519980   4341972     53.12    444448    313012
08:16:55 PM   7277828    896680     10.97     60768    519980   4423932     54.12    444356    313012
08:16:56 PM   7286616    887892     10.86     60776    519972   3964956     48.50    444124    313012
08:16:57 PM   7293124    881384     10.78     60776    519984   4792752     58.63    444364    313024
08:16:58 PM   7285196    889312     10.88     60776    519984   3284688     40.18    444104    313020
08:16:59 PM   7271256    903252     11.05     60776    519984   4284600     52.41    444572    313020
08:17:00 PM   7283700    890808     10.90     60776    519984   4038796     49.41    443348    313020
08:17:01 PM   7290592    883916     10.81     60776    520068   3653584     44.69    443388    313100
08:17:02 PM   7344036    830472     10.16     60784    517008   1010344     12.36    439708    310144
08:17:03 PM   7344404    830104     10.15     60784    516908   1010344     12.36    438948    309948
08:17:04 PM   7344404    830104     10.15     60784    516908   1010344     12.36    438948    309948
08:17:05 PM   7344628    829880     10.15     60784    516908   1010344     12.36    438972    309948
08:17:06 PM   7344628    829880     10.15     60784    516908   1010344     12.36    438972    309948
08:17:07 PM   7344628    829880     10.15     60792    516908   1010344     12.36    438972    309948
08:17:08 PM   7344628    829880     10.15     60792    516908   1010344     12.36    438972    309956
08:17:09 PM   7344628    829880     10.15     60792    516908   1010344     12.36    438972    309956
08:17:10 PM   7344628    829880     10.15     60792    516912   1010344     12.36    438972    309956
08:17:11 PM   7344628    829880     10.15     60792    516912   1010344     12.36    438972    309956
08:17:12 PM   7344628    829880     10.15     60800    516908   1010344     12.36    438972    309956
08:17:13 PM   7344628    829880     10.15     60800    516912   1010344     12.36    438972    309960
08:17:14 PM   7344628    829880     10.15     60800    516912   1010344     12.36    438972    309960
08:17:15 PM   7344628    829880     10.15     60800    516912   1010344     12.36    438972    309960
08:17:16 PM   7344628    829880     10.15     60800    516912   1010344     12.36    438972    309960
Average:      7321841    852667     10.43     60784    518146   2285629     27.96    441030    311190
 
>>>>>>>>>>>>>>>>>>> iteration end >>>>>>>>>>>>>>>>>>>>>
 
 
Test run  2
<<<<<<<<<<<<<<<<<<< iteration start <<<<<<<<<<<<<<<<<<<<<<<
 
Linux 3.13.0-37-generic (perflab) 	10/07/2018 	_i686_	(8 CPU)

08:17:21 PM kbmemfree kbmemused  %memused kbbuffers  kbcached  kbcommit   %commit  kbactive   kbinact
08:17:22 PM   7291316    883192     10.80     60816    520016   4382960     53.62    444396    313080
08:17:23 PM   7279392    895116     10.95     60816    520016   4423940     54.12    444360    313080
08:17:24 PM   7278528    895980     10.96     60816    520016   4194452     51.31    444152    313076
08:17:25 PM   7259616    914892     11.19     60816    520016   3760064     46.00    444300    313076
08:17:26 PM   7285720    888788     10.87     60816    520016   4415744     54.02    444752    313076
08:17:27 PM   7284412    890096     10.89     60824    520016   4399352     53.82    443848    313084
08:17:28 PM   7302892    871616     10.66     60824    520016   4718996     57.73    445292    313084
08:17:29 PM   7286600    887908     10.86     60824    520016   3063404     37.48    443884    313084
08:17:30 PM   7282220    892288     10.92     60824    520020   4743584     58.03    443916    313088
08:17:31 PM   7285312    889196     10.88     60824    520020   4415744     54.02    444284    313084
08:17:32 PM   7345296    829212     10.14     60832    516960   1010344     12.36    439396    310128
08:17:33 PM   7346296    828212     10.13     60832    516924   1010344     12.36    438884    309992
08:17:34 PM   7346296    828212     10.13     60832    516924   1010344     12.36    438884    309992
08:17:35 PM   7346296    828212     10.13     60832    516924   1010344     12.36    438884    309992
08:17:36 PM   7346292    828216     10.13     60832    516932   1010344     12.36    438996    309992
08:17:37 PM   7346292    828216     10.13     60840    516928   1010344     12.36    438996    309996
08:17:38 PM   7346292    828216     10.13     60840    516932   1010344     12.36    438996    310000
08:17:39 PM   7346292    828216     10.13     60840    516932   1010344     12.36    439000    309996
08:17:40 PM   7346292    828216     10.13     60840    516932   1010344     12.36    439000    309996
08:17:41 PM   7346292    828216     10.13     60840    516932   1010344     12.36    439000    309996
08:17:42 PM   7346292    828216     10.13     60848    516932   1010344     12.36    439000    310000
08:17:43 PM   7346292    828216     10.13     60848    516932   1010344     12.36    439000    310004
08:17:44 PM   7346292    828216     10.13     60848    516932   1010344     12.36    439000    310008
08:17:45 PM   7346292    828216     10.13     60848    516932   1010344     12.36    439000    310008
08:17:46 PM   7346292    828216     10.13     60848    516932   1010344     12.36    439000    310008
Average:      7321176    853332     10.44     60832    518166   2306936     28.22    441129    311237
 
>>>>>>>>>>>>>>>>>>> iteration end >>>>>>>>>>>>>>>>>>>>>
 
 
Test run  3
<<<<<<<<<<<<<<<<<<< iteration start <<<<<<<<<<<<<<<<<<<<<<<
 
Linux 3.13.0-37-generic (perflab) 	10/07/2018 	_i686_	(8 CPU)

08:17:51 PM kbmemfree kbmemused  %memused kbbuffers  kbcached  kbcommit   %commit  kbactive   kbinact
08:17:52 PM   7294932    879576     10.76     60864    519992   4120688     50.41    447204    312992
08:17:53 PM   7280124    894384     10.94     60864    520036   4661624     57.03    461140    313128
08:17:54 PM   7273076    901432     11.03     60864    520036   4301000     52.61    465420    313124
08:17:55 PM   7295476    879032     10.75     60864    520036   4161668     50.91    455240    313124
08:17:56 PM   7276936    897572     10.98     60864    520036   4563272     55.82    469476    313124
08:17:57 PM   7290616    883892     10.81     60872    520036   3612536     44.19    457164    313132
08:17:58 PM   7275704    898804     11.00     60872    520036   4448528     54.42    470904    313132
08:17:59 PM   7292732    881776     10.79     60872    520036   3678104     44.99    455516    313132
08:18:00 PM   7279812    894696     10.94     60872    520036   4604584     56.33    463856    313132
08:18:01 PM   7283568    890940     10.90     60872    520156   4571816     55.93    457328    313248
08:18:02 PM   7285780    888728     10.87     60880    520160   3842372     47.00    454916    313252
08:18:03 PM   7272096    902412     11.04     60880    520028   4817564     58.93    470248    313124
08:18:04 PM   7290828    883680     10.81     60880    520028   4071728     49.81    457536    313124
08:18:05 PM   7291976    882532     10.80     60880    520028   3817652     46.70    459000    313124
08:18:06 PM   7297588    876920     10.73     60880    520028   4227452     51.72    451256    313124
08:18:07 PM   7341148    833360     10.19     60888    516960   1010560     12.36    440360    310160
08:18:08 PM   7342120    832388     10.18     60888    516972   1010560     12.36    439536    310172
08:18:09 PM   7342372    832136     10.18     60888    516972   1010560     12.36    439364    310156
08:18:10 PM   7342520    831988     10.18     60888    516936   1010560     12.36    439152    310036
08:18:11 PM   7342520    831988     10.18     60888    516936   1010560     12.36    439152    310036
08:18:12 PM   7342520    831988     10.18     60896    516928   1010560     12.36    439152    310036
08:18:13 PM   7342520    831988     10.18     60896    516936   1010560     12.36    439152    310036
08:18:14 PM   7342520    831988     10.18     60896    516940   1010560     12.36    439152    310036
08:18:15 PM   7342520    831988     10.18     60896    516940   1010560     12.36    439152    310040
08:18:16 PM   7342520    831988     10.18     60896    516940   1010560     12.36    439156    310036
Average:      7308181    866327     10.60     60880    518807   2944248     36.02    451581    311910
 
>>>>>>>>>>>>>>>>>>> iteration end >>>>>>>>>>>>>>>>>>>>>
 
 
Test run  4
<<<<<<<<<<<<<<<<<<< iteration start <<<<<<<<<<<<<<<<<<<<<<<
 
Linux 3.13.0-37-generic (perflab) 	10/07/2018 	_i686_	(8 CPU)

08:18:21 PM kbmemfree kbmemused  %memused kbbuffers  kbcached  kbcommit   %commit  kbactive   kbinact
08:18:22 PM   7296976    877532     10.73     60912    520028   4186476     51.21    443704    313144
08:18:23 PM   7301464    873044     10.68     60912    520048   3981576     48.71    444848    313160
08:18:24 PM   7276016    898492     10.99     60912    520048   4407768     53.92    444952    313156
08:18:25 PM   7281020    893488     10.93     60912    520048   4645452     56.83    445044    313156
08:18:26 PM   7288888    885620     10.83     60912    520048   3809460     46.60    444368    313156
08:18:27 PM   7292820    881688     10.79     60920    520048   4465140     54.62    444768    313164
08:18:28 PM   7298648    875860     10.71     60920    520048   4891332     59.84    444788    313164
08:18:29 PM   7287568    886940     10.85     60920    520048   4883136     59.74    445136    313164
08:18:30 PM   7290440    884068     10.81     60920    520048   4096320     50.11    444172    313164
08:18:31 PM   7297504    877004     10.73     60920    520048   3997968     48.91    444304    313164
08:18:32 PM   7346232    828276     10.13     60928    516984   1010564     12.36    438800    310200
08:18:33 PM   7346456    828052     10.13     60928    516952   1010564     12.36    439180    310072
08:18:34 PM   7346456    828052     10.13     60928    516952   1010564     12.36    439180    310072
08:18:35 PM   7346456    828052     10.13     60928    516952   1010564     12.36    439180    310072
08:18:36 PM   7346456    828052     10.13     60928    516952   1010564     12.36    439180    310072
08:18:37 PM   7346456    828052     10.13     60936    516952   1010564     12.36    439180    310072
08:18:38 PM   7346456    828052     10.13     60936    516952   1010564     12.36    439180    310072
08:18:39 PM   7346456    828052     10.13     60936    516952   1010564     12.36    439180    310072
08:18:40 PM   7346456    828052     10.13     60936    516952   1010564     12.36    439180    310072
08:18:41 PM   7346456    828052     10.13     60936    516952   1010564     12.36    439180    310072
08:18:42 PM   7346456    828052     10.13     60944    516952   1010564     12.36    439180    310072
08:18:43 PM   7346452    828056     10.13     60944    516960   1010564     12.36    439180    310072
08:18:44 PM   7346452    828056     10.13     60944    516960   1010564     12.36    439180    310076
08:18:45 PM   7346456    828052     10.13     60944    516960   1010564     12.36    439184    310072
08:18:46 PM   7346456    828052     10.13     60944    516960   1010564     12.36    439184    310072
Average:      7324318    850190     10.40     60928    518192   2340924     28.64    441336    311312
 
>>>>>>>>>>>>>>>>>>> iteration end >>>>>>>>>>>>>>>>>>>>>
 
 
Test run  5
<<<<<<<<<<<<<<<<<<< iteration start <<<<<<<<<<<<<<<<<<<<<<<
 
Linux 3.13.0-37-generic (perflab) 	10/07/2018 	_i686_	(8 CPU)

08:18:51 PM kbmemfree kbmemused  %memused kbbuffers  kbcached  kbcommit   %commit  kbactive   kbinact
08:18:52 PM   7285576    888932     10.87     60960    520060   4596276     56.23    444756    313208
08:18:53 PM   7282932    891576     10.91     60964    520060   4366792     53.42    444940    313208
08:18:54 PM   7285016    889492     10.88     60964    520064   4571688     55.93    444848    313208
08:18:55 PM   7285080    889428     10.88     60964    520064   5006076     61.24    444076    313204
08:18:56 PM   7291168    883340     10.81     60964    520064   4374984     53.52    444708    313204
08:18:57 PM   7292240    882268     10.79     60972    520064   4219260     51.61    444816    313212
08:18:58 PM   7278872    895636     10.96     60972    520064   4497924     55.02    444784    313212
08:18:59 PM   7280980    893528     10.93     60972    520064   3498012     42.79    444332    313212
08:19:00 PM   7285720    888788     10.87     60972    520184   4546992     55.62    444832    313328
08:19:01 PM   7271644    902864     11.04     60972    520200   4391284     53.72    444336    313344
08:19:02 PM   7344920    829588     10.15     60980    517000   1010340     12.36    438848    310252
08:19:03 PM   7345484    829024     10.14     60980    516968   1010340     12.36    439064    310120
08:19:04 PM   7345484    829024     10.14     60980    516968   1010340     12.36    439064    310120
08:19:05 PM   7345484    829024     10.14     60980    516968   1010340     12.36    439064    310120
08:19:06 PM   7345484    829024     10.14     60980    516972   1010340     12.36    439064    310120
08:19:07 PM   7345484    829024     10.14     60988    516968   1010340     12.36    439064    310120
08:19:08 PM   7345484    829024     10.14     60988    516972   1010340     12.36    439064    310124
08:19:09 PM   7345484    829024     10.14     60988    516972   1010340     12.36    439064    310124
08:19:10 PM   7345484    829024     10.14     60988    516972   1010340     12.36    439064    310124
08:19:11 PM   7345484    829024     10.14     60988    516972   1010340     12.36    439064    310124
08:19:12 PM   7345484    829024     10.14     60996    516964   1010340     12.36    439064    310124
08:19:13 PM   7345484    829024     10.14     60996    516972   1010340     12.36    439064    310132
08:19:14 PM   7345484    829024     10.14     60996    516972   1010340     12.36    439064    310132
08:19:15 PM   7345484    829024     10.14     60996    516972   1010340     12.36    439068    310132
08:19:16 PM   7345484    829024     10.14     60996    516972   1010340     12.36    439068    310132
Average:      7320837    853671     10.44     60980    518219   2368976     28.98    441287    311374
 
>>>>>>>>>>>>>>>>>>> iteration end >>>>>>>>>>>>>>>>>>>>>
 
 
***************** N END *****************
 
 
Value of N is  12
**************** N START ******************
 
 
Test run  1
<<<<<<<<<<<<<<<<<<< iteration start <<<<<<<<<<<<<<<<<<<<<<<
 
Linux 3.13.0-37-generic (perflab) 	10/07/2018 	_i686_	(8 CPU)

08:19:21 PM kbmemfree kbmemused  %memused kbbuffers  kbcached  kbcommit   %commit  kbactive   kbinact
08:19:22 PM   7213552    960956     11.76     61012    520580   6205216     75.91    445708    313760
08:19:23 PM   7138160   1036348     12.68     61012    520580   5885572     72.00    445568    313756
08:19:24 PM   7080352   1094156     13.38     61012    520584   4713544     57.66    445336    313760
08:19:25 PM   7002568   1171940     14.34     61012    520584   4598800     56.26    445304    313756
08:19:26 PM   6947036   1227472     15.02     61012    520584   5147932     62.98    445172    313756
08:19:27 PM   6888232   1286276     15.74     61020    520584   5172520     63.28    445368    313764
08:19:28 PM   6822940   1351568     16.53     61020    520584   6082276     74.41    446552    313764
08:19:29 PM   6782216   1392292     17.03     61020    520584   4590604     56.16    444576    313764
08:19:30 PM   6772276   1402232     17.15     36520    513196   4795504     58.66    430348    296504
08:19:31 PM   6872300   1302208     15.93      8804    398028   4918444     60.17    384848    199912
08:19:32 PM   6933844   1240664     15.18       256    309448   6434704     78.72    320568    168084
08:19:33 PM   6934924   1239584     15.16       160    309776   6483880     79.32    319552    168304
08:19:34 PM   6938560   1235948     15.12       164    309784   5574124     68.19    319636    168312
08:19:35 PM   6941004   1233504     15.09       192    309784   5672476     69.39    319140    168324
08:19:36 PM   6941128   1233380     15.09       192    309784   5311852     64.98    319392    168324
08:19:37 PM   6942644   1231864     15.07       196    309784   5246284     64.18    319176    168328
08:19:38 PM   6945472   1229036     15.03       196    309784   5336440     65.28    319496    168324
08:19:39 PM   6946104   1228404     15.03       196    309784   5172520     63.28    319608    168324
08:19:40 PM   6934428   1240080     15.17       196    309788   6065884     74.20    319760    168324
08:19:41 PM   6936824   1237684     15.14       200    309784   5279068     64.58    319144    168324
08:19:42 PM   6937368   1237140     15.13       188    309788   5967532     73.00    320020    168320
08:19:43 PM   6936312   1238196     15.15       188    309788   6360940     77.81    319616    168320
08:19:44 PM   6947684   1226824     15.01       188    309788   2144824     26.24    316548    168312
08:19:45 PM   7018900   1155608     14.14       180    309788   1026796     12.56    315200    168292
08:19:46 PM   7578332    596176      7.29       180    306284   1010340     12.36    313136    164764
Average:      6973326   1201182     14.69     21453    388753   5007923     61.26    366351    221099
 
>>>>>>>>>>>>>>>>>>> iteration end >>>>>>>>>>>>>>>>>>>>>
 
 
Test run  2
<<<<<<<<<<<<<<<<<<< iteration start <<<<<<<<<<<<<<<<<<<<<<<
 
Linux 3.13.0-37-generic (perflab) 	10/07/2018 	_i686_	(8 CPU)

08:19:51 PM kbmemfree kbmemused  %memused kbbuffers  kbcached  kbcommit   %commit  kbactive   kbinact
08:19:52 PM   7484812    689696      8.44      2020    309912   6041300     73.90    320464    170020
08:19:53 PM   7440116    734392      8.98      2020    309912   5959340     72.90    320292    170016
08:19:54 PM   7398036    776472      9.50      2020    309912   6434708     78.72    320588    170016
08:19:55 PM   7324544    849964     10.40      2020    309912   6393728     78.22    320620    170016
08:19:56 PM   7239444    935064     11.44      2020    309912   5910164     72.30    319848    170016
08:19:57 PM   7200504    974004     11.92      2028    309912   5442992     66.58    320560    170024
08:19:58 PM   7148896   1025612     12.55      2028    309916   5811812     71.10    319968    170028
08:19:59 PM   7091868   1082640     13.24      2028    309916   5574128     68.19    319988    170024
08:20:00 PM   7021944   1152564     14.10      2032    310040   6246316     76.41    319396    170152
08:20:01 PM   6975600   1198908     14.67      3392    310072   6829636     83.55    321544    171092
08:20:02 PM   6947916   1226592     15.01      3672    310148   6434708     78.72    320684    171624
08:20:03 PM   6931876   1242632     15.20       228    310148   4959428     60.67    319604    168488
08:20:04 PM   6938080   1236428     15.13       220    310148   5942948     72.70    320508    168500
08:20:05 PM   6940952   1233556     15.09       220    310152   4967624     60.77    319712    168504
08:20:06 PM   6941044   1233464     15.09       200    310152   5598716     68.49    319920    168464
08:20:07 PM   6941692   1232816     15.08       184    310152   5229896     63.98    319332    168456
08:20:08 PM   6943352   1231156     15.06       184    310152   5524952     67.59    319448    168456
08:20:09 PM   6936472   1238036     15.15       184    310152   6672392     81.62    320660    168456
08:20:10 PM   6939664   1234844     15.11       180    310156   5336444     65.28    319408    168460
08:20:11 PM   6939448   1235060     15.11       180    310156   5328248     65.18    319712    168452
08:20:12 PM   6944820   1229688     15.04       184    310156   4634000     56.69    318440    168436
08:20:13 PM   7009744   1164764     14.25       184    310160   1026800     12.56    315296    168428
08:20:14 PM   7284720    889788     10.88       184    310160   1026800     12.56    315456    168428
08:20:15 PM   7617076    557432      6.82       184    306560   1010344     12.36    313212    164848
08:20:16 PM   7617468    557040      6.81       184    306560   1010344     12.36    313144    164844
Average:      7128004   1046504     12.80      1119    309781   5013911     61.34    319112    168970
 
>>>>>>>>>>>>>>>>>>> iteration end >>>>>>>>>>>>>>>>>>>>>
 
 
Test run  3
<<<<<<<<<<<<<<<<<<< iteration start <<<<<<<<<<<<<<<<<<<<<<<
 
Linux 3.13.0-37-generic (perflab) 	10/07/2018 	_i686_	(8 CPU)

08:20:21 PM kbmemfree kbmemused  %memused kbbuffers  kbcached  kbcommit   %commit  kbactive   kbinact
08:20:22 PM   7496964    677544      8.29       200    310164   5672480     69.39    319960    168448
08:20:23 PM   7429472    745036      9.11       200    310164   5852792     71.60    319552    168448
08:20:24 PM   7362448    812060      9.93       332    310168   5483972     67.09    320108    168576
08:20:25 PM   7302132    872376     10.67       332    310296   5541344     67.79    320272    168704
08:20:26 PM   7245112    929396     11.37       332    310296   6033104     73.80    320364    168704
08:20:27 PM   7183784    990724     12.12       340    310288   4861076     59.47    319808    168704
08:20:28 PM   7134832   1039676     12.72       340    310296   5467580     66.89    320152    168712
08:20:29 PM   7078004   1096504     13.41       340    310296   7090388     86.74    321104    168712
08:20:30 PM   7019644   1154864     14.13       340    310296   5197112     63.58    319600    168712
08:20:31 PM   6981200   1193308     14.60       340    310296   6893684     84.33    320080    168712
08:20:32 PM   6933364   1241144     15.18       352    310288   7352660     89.95    320436    168712
08:20:33 PM   6930944   1243564     15.21       168    310296   6238004     76.31    320160    168576
08:20:34 PM   6932540   1241968     15.19       168    310296   5139740     62.88    319524    168576
08:20:35 PM   6938544   1235964     15.12       168    310296   5352836     65.48    319788    168576
08:20:36 PM   6931640   1242868     15.20       168    310296   5746244     70.29    320692    168576
08:20:37 PM   6938484   1236024     15.12       172    310296   4361124     53.35    319024    168580
08:20:38 PM   6939548   1234960     15.11       164    310300   5131544     62.77    319368    168580
08:20:39 PM   6934724   1239784     15.17       164    310300   5615108     68.69    320156    168576
08:20:40 PM   6937580   1236928     15.13       160    310300   5910164     72.30    319600    168576
08:20:41 PM   6937856   1236652     15.13       160    310300   4500452     55.05    318828    168576
08:20:42 PM   6933868   1240640     15.18       168    310292   5738048     70.19    320236    168576
08:20:43 PM   6945588   1228920     15.03       160    310300   4162168     50.92    318168    168568
08:20:44 PM   6997424   1177084     14.40       160    310300   1026800     12.56    315216    168548
08:20:45 PM   7190608    983900     12.04       160    310300   1026800     12.56    315452    168548
08:20:46 PM   7616692    557816      6.82       164    306896   1010344     12.36    313136    165128
Average:      7090920   1083588     13.26       230    310145   5056223     61.85    319231    168468
 
>>>>>>>>>>>>>>>>>>> iteration end >>>>>>>>>>>>>>>>>>>>>
 
 
Test run  4
<<<<<<<<<<<<<<<<<<< iteration start <<<<<<<<<<<<<<<<<<<<<<<
 
Linux 3.13.0-37-generic (perflab) 	10/07/2018 	_i686_	(8 CPU)

08:20:51 PM kbmemfree kbmemused  %memused kbbuffers  kbcached  kbcommit   %commit  kbactive   kbinact
08:20:52 PM   7510948    663560      8.12       172    310316   6270792     76.71    320164    168580
08:20:53 PM   7446896    727612      8.90       172    310316   5172528     63.28    318956    168576
08:20:54 PM   7389452    785056      9.60       172    310316   4779120     58.46    319428    168576
08:20:55 PM   7335396    839112     10.26       172    310316   5311860     64.98    319616    168576
08:20:56 PM   7252592    921916     11.28       172    310316   5910168     72.30    319644    168576
08:20:57 PM   7218164    956344     11.70       180    310320   6557652     80.22    320108    168588
08:20:58 PM   7166772   1007736     12.33       180    310320   4754532     58.16    319408    168584
08:20:59 PM   7107860   1066648     13.05       180    310320   6057696     74.10    319680    168584
08:21:00 PM   7054336   1120172     13.70       180    310436   5254596     64.28    319580    168700
08:21:01 PM   6997544   1176964     14.40       180    310452   6164368     75.41    319984    168716
08:21:02 PM   6953132   1221376     14.94       188    310320   5983924     73.20    320492    168596
08:21:03 PM   6928980   1245528     15.24       144    310316   4844680     59.27    318712    168556
08:21:04 PM   6936716   1237792     15.14       144    310320   6221608     76.11    319776    168560
08:21:05 PM   6939288   1235220     15.11       144    310320   5098756     62.37    319616    168560
08:21:06 PM   6939248   1235260     15.11       144    310320   6533056     79.92    319584    168560
08:21:07 PM   6937332   1237176     15.13       148    310320   5688868     69.59    319648    168580
08:21:08 PM   6925280   1249228     15.28       148    310320   6336352     77.51    319940    168580
08:21:09 PM   6933108   1241400     15.19       148    310320   3803788     46.53    318124    168564
08:21:10 PM   6929176   1245332     15.23       148    310320   6680584     81.72    319872    168564
08:21:11 PM   6933840   1240668     15.18       148    310320   6418312     78.52    320232    168564
08:21:12 PM   6941020   1233488     15.09       152    310320   5885572     72.00    320492    168572
08:21:13 PM   6965988   1208520     14.78       152    310324   1026796     12.56    315736    168544
08:21:14 PM   7070488   1104020     13.51       152    310324   1026796     12.56    315480    168540
08:21:15 PM   7616128    558380      6.83       152    306924   1010340     12.36    313392    165120
08:21:16 PM   7616824    557684      6.82       152    306724   1010340     12.36    313168    164960
Average:      7121860   1052648     12.88       161    310050   4952123     60.58    318833    168299
 
>>>>>>>>>>>>>>>>>>> iteration end >>>>>>>>>>>>>>>>>>>>>
 
 
Test run  5
<<<<<<<<<<<<<<<<<<< iteration start <<<<<<<<<<<<<<<<<<<<<<<
 
Linux 3.13.0-37-generic (perflab) 	10/07/2018 	_i686_	(8 CPU)

08:21:21 PM kbmemfree kbmemused  %memused kbbuffers  kbcached  kbcommit   %commit  kbactive   kbinact
08:21:22 PM   7551932    622576      7.62       172    310132   6795328     83.13    333460    168396
08:21:23 PM   7532632    641876      7.85       172    310332   6795328     83.13    337164    168572
08:21:24 PM   7544904    629604      7.70       172    310332   5992120     73.30    332604    168568
08:21:25 PM   7542948    631560      7.73       172    310332   5656084     69.19    334936    168568
08:21:26 PM   7552216    622292      7.61       172    310332   6737956     82.43    334904    168568
08:21:27 PM   7526980    647528      7.92       180    310332   6115060     74.81    336652    168576
08:21:28 PM   7521496    653012      7.99       180    310340   5820004     71.20    343220    168584
08:21:29 PM   7537224    637284      7.80       180    310340   5959336     72.90    342188    168576
08:21:30 PM   7527716    646792      7.91       180    310340   5918356     72.40    344976    168576
08:21:31 PM   7546488    628020      7.68       180    310340   5451184     66.69    335584    168576
08:21:32 PM   7535472    639036      7.82       180    310340   6295372     77.01    335776    168576
08:21:33 PM   7541496    633012      7.74       188    310340   6606820     80.82    335484    168584
08:21:34 PM   7537228    637280      7.80       188    310340   5647888     69.09    341284    168584
08:21:35 PM   7541592    632916      7.74       188    310340   5434792     66.48    340912    168584
08:21:36 PM   7617224    557284      6.82       188    306944   1010340     12.36    314212    165148
08:21:37 PM   7617812    556696      6.81       188    306948   1010340     12.36    313564    165144
08:21:38 PM   7617976    556532      6.81       196    306944   1010340     12.36    313376    165144
08:21:39 PM   7617976    556532      6.81       196    306948   1010340     12.36    313376    165148
08:21:40 PM   7618236    556272      6.80       196    306748   1010340     12.36    313224    164988
08:21:41 PM   7618512    555996      6.80       196    306748   1010340     12.36    313204    164988
08:21:42 PM   7618512    555996      6.80       196    306752   1010340     12.36    313204    164988
08:21:43 PM   7618512    555996      6.80       204    306752   1010340     12.36    313204    164988
08:21:44 PM   7618512    555996      6.80       204    306752   1010340     12.36    313204    164996
08:21:45 PM   7618512    555996      6.80       204    306752   1010340     12.36    313216    164988
08:21:46 PM   7618512    555996      6.80       204    306752   1010340     12.36    313216    164988
Average:      7573625    600883      7.35       187    308782   3853575     47.14    327046    167016
 
>>>>>>>>>>>>>>>>>>> iteration end >>>>>>>>>>>>>>>>>>>>>
 
 
***************** N END *****************
 
 
Value of N is  16
**************** N START ******************
 
 
Test run  1
<<<<<<<<<<<<<<<<<<< iteration start <<<<<<<<<<<<<<<<<<<<<<<
 
Linux 3.13.0-37-generic (perflab) 	10/07/2018 	_i686_	(8 CPU)

08:21:51 PM kbmemfree kbmemused  %memused kbbuffers  kbcached  kbcommit   %commit  kbactive   kbinact
08:21:52 PM   7430164    744344      9.11       376    310864   7084936     86.67    321828    169264
08:21:53 PM   7351724    822784     10.07       376    310908   7150504     87.47    321352    169300
08:21:54 PM   7287280    887228     10.85       380    310904   7994692     97.80    322152    169300
08:21:55 PM   7195508    979000     11.98       388    310908   7084936     86.67    321384    169304
08:21:56 PM   7120720   1053788     12.89       388    310908   7002976     85.67    321236    169304
08:21:57 PM   7031816   1142692     13.98       388    310908   7207876     88.18    321568    169304
08:21:58 PM   6950396   1224112     14.97       388    310908   7642264     93.49    321664    169304
08:21:59 PM   6929968   1244540     15.22       108    310892   7478344     91.48    320988    169076
08:22:00 PM   6936212   1238296     15.15       116    310988   6339208     77.55    320864    169180
08:22:01 PM   6928580   1245928     15.24       164    310996   8018996     98.10    322148    169144
08:22:02 PM   6923216   1251292     15.31       164    310896   7789404     95.29    321856    169040
08:22:03 PM   6928520   1245988     15.24       164    310896   6461652     79.05    320748    169044
08:22:04 PM   6927108   1247400     15.26       164    310896   6256752     76.54    320744    169040
08:22:05 PM   6924696   1249812     15.29       136    310900   7781208     95.19    321752    169032
08:22:06 PM   6927016   1247492     15.26       136    310900   6051852     74.03    320204    169028
08:22:07 PM   6925704   1248804     15.28       136    310900   6396084     78.24    321388    169028
08:22:08 PM   6926208   1248300     15.27       136    310904   7477956     91.48    320840    169032
08:22:09 PM   6924416   1250092     15.29       136    310904   6248556     76.44    320504    169028
08:22:10 PM   6924980   1249528     15.29       140    310904   6437064     78.75    321144    169032
08:22:11 PM   6938492   1236016     15.12       140    310904   2807688     34.35    317016    169020
08:22:12 PM   7053168   1121340     13.72       136    310908   1027304     12.57    315580    169004
08:22:13 PM   7619192    555316      6.79       136    306808   1010348     12.36    313268    164928
08:22:14 PM   7619296    555212      6.79       136    306808   1010348     12.36    313268    164928
08:22:15 PM   7619172    555336      6.79       144    306808   1010348     12.36    313268    164928
08:22:16 PM   7619420    555088      6.79       144    306808   1010348     12.36    313268    164936
Average:      7118519   1055989     12.92       209    310253   5671266     69.38    319601    168461
 
>>>>>>>>>>>>>>>>>>> iteration end >>>>>>>>>>>>>>>>>>>>>
 
 
Test run  2
<<<<<<<<<<<<<<<<<<< iteration start <<<<<<<<<<<<<<<<<<<<<<<
 
Linux 3.13.0-37-generic (perflab) 	10/07/2018 	_i686_	(8 CPU)

08:22:21 PM kbmemfree kbmemused  %memused kbbuffers  kbcached  kbcommit   %commit  kbactive   kbinact
08:22:22 PM   7451228    723280      8.85       152    310900   7404588     90.58    322568    168816
08:22:23 PM   7360988    813520      9.95       152    310920   8125836     99.40    321940    169040
08:22:24 PM   7277580    896928     10.97       152    310920   6896436     84.37    321848    169036
08:22:25 PM   7178440    996068     12.19       152    310920   8125836     99.40    322384    169036
08:22:26 PM   7094896   1079612     13.21       160    310912   7404588     90.58    321524    169036
08:22:27 PM   7021572   1152936     14.10       160    310920   7642272     93.49    321836    169044
08:22:28 PM   6970264   1204244     14.73       160    310924   8199600    100.31    322676    169048
08:22:29 PM   6932444   1242064     15.19       132    310916   7232472     88.48    321608    169028
08:22:30 PM   6931328   1243180     15.21       132    310916   7511136     91.88    321932    169024
08:22:31 PM   6929108   1245400     15.24       132    310916   7445568     91.08    321524    169024
08:22:32 PM   6933280   1241228     15.18       132    310916   6289932     76.95    321144    169028
08:22:33 PM   6925592   1248916     15.28       128    310916   8871672    108.53    322440    169024
08:22:34 PM   6926156   1248352     15.27       128    310916   6527616     79.85    321412    169024
08:22:35 PM   6926172   1248336     15.27       128    310916   7609488     93.09    321904    169024
08:22:36 PM   6927640   1246868     15.25       128    310916   6052248     74.04    320496    169024
08:22:37 PM   6924680   1249828     15.29       132    310916   6822672     83.46    321368    169024
08:22:38 PM   6925928   1248580     15.27       132    310916   7724232     94.49    322232    169024
08:22:39 PM   6925084   1249424     15.28       132    310916   6052248     74.04    321324    169024
08:22:40 PM   6922092   1252416     15.32       128    310916   6695072     81.90    321732    169056
08:22:41 PM   6932956   1241552     15.19       128    310916   5557116     67.98    319796    169016
08:22:42 PM   7028256   1146252     14.02       128    310916   1027304     12.57    315584    168992
08:22:43 PM   7617180    557328      6.82       128    306820   1010348     12.36    313340    164916
08:22:44 PM   7617396    557112      6.82       128    306828   1010348     12.36    313276    164916
08:22:45 PM   7617396    557112      6.82       128    306828   1010348     12.36    313276    164920
08:22:46 PM   7617396    557112      6.82       128    306828   1010348     12.36    313280    164916
Average:      7116602   1057906     12.94       137    310262   5970373     73.04    320098    168362
 
>>>>>>>>>>>>>>>>>>> iteration end >>>>>>>>>>>>>>>>>>>>>
 
 
Test run  3
<<<<<<<<<<<<<<<<<<< iteration start <<<<<<<<<<<<<<<<<<<<<<<
 
Linux 3.13.0-37-generic (perflab) 	10/07/2018 	_i686_	(8 CPU)

08:22:51 PM kbmemfree kbmemused  %memused kbbuffers  kbcached  kbcommit   %commit  kbactive   kbinact
08:22:52 PM   7464476    710032      8.69       144    310928   7838976     95.90    321628    169024
08:22:53 PM   7381284    793224      9.70       144    310936   7838976     95.90    321680    169024
08:22:54 PM   7305588    868920     10.63       144    310936   7920936     96.90    321484    169024
08:22:55 PM   7194644    979864     11.99       144    310936   7757016     94.89    321488    169024
08:22:56 PM   7130152   1044356     12.78       144    310936   6847260     83.76    321260    169024
08:22:57 PM   7059048   1115460     13.65       152    310936   7830780     95.80    322044    169032
08:22:58 PM   6985028   1189480     14.55       152    310936   7453764     91.18    321952    169032
08:23:00 PM   6928212   1246296     15.25       112    310984   7093140     86.77    321620    169020
08:23:01 PM   6925760   1248748     15.28       112    311052   7314788     89.48    321600    169132
08:23:02 PM   6927576   1246932     15.25       112    311068   8412936    102.92    321764    169148
08:23:03 PM   6928708   1245800     15.24       112    310952   6978636     85.37    321720    169028
08:23:04 PM   6926688   1247820     15.26       112    310952   7806432     95.50    322444    169028
08:23:05 PM   6921732   1252776     15.33       112    310956   7101576     86.87    321504    169028
08:23:06 PM   6927476   1247032     15.26       112    310956   7380240     90.28    322144    169028
08:23:07 PM   6925988   1248520     15.27       120    310948   7437612     90.99    321452    169028
08:23:08 PM   6923652   1250856     15.30       120    310956   6708168     82.06    321392    169032
08:23:09 PM   6924860   1249648     15.29       120    310956   7347456     89.88    321516    169032
08:23:10 PM   6927376   1247132     15.26       120    310956   6650796     81.36    321356    168972
08:23:11 PM   6928156   1246352     15.25       120    310956   6116932     74.83    320656    169032
08:23:12 PM   6965784   1208724     14.79       120    310956   1507572     18.44    315284    169012
08:23:13 PM   7186372    988136     12.09       128    310956   1027544     12.57    315760    169004
08:23:14 PM   7618104    556404      6.81       128    306880   1010588     12.36    313592    165128
08:23:15 PM   7618308    556200      6.80       128    306860   1010588     12.36    313440    164928
08:23:16 PM   7618308    556200      6.80       128    306860   1010588     12.36    313444    164928
08:23:17 PM   7618420    556088      6.80       128    306860   1010588     12.36    313216    164928
Average:      7130468   1044040     12.77       127    310304   5856556     71.64    319818    168385
 
>>>>>>>>>>>>>>>>>>> iteration end >>>>>>>>>>>>>>>>>>>>>
 
 
Test run  4
<<<<<<<<<<<<<<<<<<< iteration start <<<<<<<<<<<<<<<<<<<<<<<
 
Linux 3.13.0-37-generic (perflab) 	10/07/2018 	_i686_	(8 CPU)

08:23:22 PM kbmemfree kbmemused  %memused kbbuffers  kbcached  kbcommit   %commit  kbactive   kbinact
08:23:23 PM   7441956    732552      8.96       144    310968   7060588     86.37    321192    169040
08:23:24 PM   7396236    778272      9.52       144    310960   8224420    100.61    321516    169032
08:23:25 PM   7300376    874132     10.69       144    310960   6880276     84.17    321452    169028
08:23:26 PM   7225652    948856     11.61       144    310960   7994932     97.80    322116    169028
08:23:27 PM   7157604   1016904     12.44       144    310960   7240900     88.58    322048    169028
08:23:28 PM   7058472   1116036     13.65       148    310956   7617916     93.19    321288    169028
08:23:29 PM   6991488   1183020     14.47       152    310960   7724464     94.49    321644    169036
08:23:30 PM   6932328   1242180     15.20       132    310980   7363840     90.08    321616    169036
08:23:31 PM   6932700   1241808     15.19       124    310960   6954040     85.07    322024    169028
08:23:32 PM   6927588   1246920     15.25       124    310952   6896668     84.37    321836    169024
08:23:33 PM   6927652   1246856     15.25       132    310948   7011412     85.77    321364    169028
08:23:34 PM   6925416   1249092     15.28       124    310956   6929452     84.77    320888    169024
08:23:35 PM   6919256   1255252     15.36       124    310956   6781924     82.96    322240    169020
08:23:36 PM   6955744   1218764     14.91       136    312304   6463880     79.07    310236    166512
08:23:37 PM   6944532   1229976     15.05       136    312304   7144896     87.40    310500    166540
08:23:38 PM   6944616   1229892     15.05       132    312304   6341688     77.58    310452    166540
08:23:39 PM   6947976   1226532     15.00       136    307768   6320760     77.32    310712    162092
08:23:40 PM   6949320   1225188     14.99       136    307632   6377996     78.02    310436    161956
08:23:41 PM   6946284   1228224     15.03       136    307632   7110976     86.99    310872    161956
08:23:42 PM   6997188   1177320     14.40       128    307636    976036     11.94    304656    161932
08:23:43 PM   7635092    539416      6.60       128    303556    959080     11.73    302628    158044
08:23:44 PM   7636004    538504      6.59       136    303556    959080     11.73    302636    158044
08:23:45 PM   7636412    538096      6.58       136    303548    959080     11.73    302408    157844
08:23:46 PM   7636412    538096      6.58       136    303548    959080     11.73    302408    157844
08:23:47 PM   7636412    538096      6.58       136    303548    959080     11.73    302180    157844
Average:      7160109   1014399     12.41       136    309112   5608499     68.61    314454    165381
 
>>>>>>>>>>>>>>>>>>> iteration end >>>>>>>>>>>>>>>>>>>>>
 
 
Test run  5
<<<<<<<<<<<<<<<<<<< iteration start <<<<<<<<<<<<<<<<<<<<<<<
 
Linux 3.13.0-37-generic (perflab) 	10/07/2018 	_i686_	(8 CPU)

08:23:52 PM kbmemfree kbmemused  %memused kbbuffers  kbcached  kbcommit   %commit  kbactive   kbinact
08:23:53 PM   7463720    710788      8.70       276    307464   8361428    102.29    311028    161840
08:23:54 PM   7401544    772964      9.46       276    307660   7877864     96.37    311512    162088
08:23:55 PM   7318188    856320     10.48       276    307660   8279468    101.28    311552    162084
08:23:56 PM   7239260    935248     11.44       276    307660   6558308     80.23    310036    162084
08:23:57 PM   7174080   1000428     12.24       284    307656   7656572     93.66    311268    162084
08:23:58 PM   7094228   1080280     13.22       284    307664   7377908     90.26    311024    162092
08:23:59 PM   7025196   1149312     14.06       284    307664   7271360     88.95    310916    162092
08:24:00 PM   6953276   1221232     14.94       132    307816   7427084     90.86    310940    162092
08:24:01 PM   6951056   1223452     14.97       128    307708   7279380     89.05    310768    162004
08:24:02 PM   6940064   1234444     15.10       152    307708   7541652     92.26    310856    162012
08:24:03 PM   6948300   1226208     15.00       136    307664   5574612     68.20    309364    161960
08:24:04 PM   6946664   1227844     15.02       136    307664   5689356     69.60    309688    161956
08:24:05 PM   6946592   1227916     15.02       136    307664   7402268     90.55    310452    161956
08:24:06 PM   6946984   1227524     15.02       136    307664   7197368     88.05    310880    161956
08:24:07 PM   6944756   1229752     15.04       144    307656   6992468     85.54    310964    161956
08:24:08 PM   6941904   1232604     15.08       136    307664   7566188     92.56    310628    161956
08:24:09 PM   6943164   1231344     15.06       136    307664   7008860     85.74    310172    161956
08:24:10 PM   6944820   1229688     15.04       136    307664   8115320     99.28    310976    161956
08:24:11 PM   6956168   1218340     14.90       136    307664   4640380     56.77    307512    161956
08:24:12 PM   7039744   1134764     13.88       136    307664    975808     11.94    304624    161924
08:24:13 PM   7635372    539136      6.60       144    303568    958852     11.73    302380    157848
08:24:14 PM   7635496    539012      6.59       148    303572    958852     11.73    302380    157856
08:24:15 PM   7635496    539012      6.59       148    303572    958852     11.73    302380    157856
08:24:16 PM   7635496    539012      6.59       148    303572    958852     11.73    302380    157864
08:24:17 PM   7635548    538960      6.59       148    303572    958852     11.73    302308    157860
Average:      7171885   1002623     12.27       179    306846   5663516     69.28    308680    161172
 
>>>>>>>>>>>>>>>>>>> iteration end >>>>>>>>>>>>>>>>>>>>>
 
 
***************** N END *****************
 
 
