Value of N is  2
**************** N START ******************
 
Value of M is  128
+++++++++++++++++++ M START +++++++++++++++++++
 
 
Test run 
<<<<<<<<<<<<<<<<<<< iteration start <<<<<<<<<<<<<<<<<<<<<<<
 
Linux 3.13.0-37-generic (perflab) 	10/06/2018 	_i686_	(8 CPU)

06:31:05 PM kbmemfree kbmemused  %memused kbbuffers  kbcached  kbcommit   %commit  kbactive   kbinact
06:31:07 PM   5770136   2404372     29.41    276824   1098760   2508012     30.68   1475184    783984
06:31:09 PM   5771692   2402816     29.39    276832   1096988   2508012     30.68   1475588    782132
06:31:11 PM   5771716   2402792     29.39    276832   1096200   2508012     30.68   1476412    781700
06:31:13 PM   5771352   2403156     29.40    276836   1096376   2508012     30.68   1476908    781796
06:31:15 PM   5770612   2403896     29.41    276836   1096380   2508012     30.68   1477336    781840
Average:      5771102   2403406     29.40    276832   1096941   2508012     30.68   1476286    782290
 
>>>>>>>>>>>>>>>>>>> iteration end >>>>>>>>>>>>>>>>>>>>>
 
 
+++++++++++++++++++ M END +++++++++++++++++++
 
 
Value of M is  256
+++++++++++++++++++ M START +++++++++++++++++++
 
 
Test run 
<<<<<<<<<<<<<<<<<<< iteration start <<<<<<<<<<<<<<<<<<<<<<<
 
Linux 3.13.0-37-generic (perflab) 	10/06/2018 	_i686_	(8 CPU)

06:31:20 PM kbmemfree kbmemused  %memused kbbuffers  kbcached  kbcommit   %commit  kbactive   kbinact
06:31:22 PM   5771860   2402648     29.39    276844   1096796   2515528     30.77   1475888    782232
06:31:24 PM   5770132   2404376     29.41    276844   1096820   2515528     30.77   1477428    782228
06:31:26 PM   5771944   2402564     29.39    276852   1096344   2515528     30.77   1476500    781668
06:31:28 PM   5770532   2403976     29.41    276852   1096328   2515528     30.77   1478068    781792
06:31:30 PM   5770176   2404332     29.41    276852   1096328   2515528     30.77   1478540    781788
Average:      5770929   2403579     29.40    276849   1096523   2515528     30.77   1477285    781942
 
>>>>>>>>>>>>>>>>>>> iteration end >>>>>>>>>>>>>>>>>>>>>
 
 
+++++++++++++++++++ M END +++++++++++++++++++
 
 
Value of M is  512
+++++++++++++++++++ M START +++++++++++++++++++
 
 
Test run 
<<<<<<<<<<<<<<<<<<< iteration start <<<<<<<<<<<<<<<<<<<<<<<
 
Linux 3.13.0-37-generic (perflab) 	10/06/2018 	_i686_	(8 CPU)

06:31:35 PM kbmemfree kbmemused  %memused kbbuffers  kbcached  kbcommit   %commit  kbactive   kbinact
06:31:37 PM   5763836   2410672     29.49    276864   1098024   2511328     30.72   1483504    783056
06:31:39 PM   5764968   2409540     29.48    276864   1097440   2510368     30.71   1482844    782500
06:31:41 PM   5765896   2408612     29.46    276864   1096236   2509432     30.70   1482628    781740
06:31:43 PM   5766184   2408324     29.46    276868   1096332   2513420     30.75   1482180    781856
06:31:45 PM   5761488   2413020     29.52    276868   1096544   2518588     30.81   1486740    781732
Average:      5764474   2410034     29.48    276866   1096915   2512627     30.74   1483579    782177
 
>>>>>>>>>>>>>>>>>>> iteration end >>>>>>>>>>>>>>>>>>>>>
 
 
+++++++++++++++++++ M END +++++++++++++++++++
 
 
Value of M is  1024
+++++++++++++++++++ M START +++++++++++++++++++
 
 
Test run 
<<<<<<<<<<<<<<<<<<< iteration start <<<<<<<<<<<<<<<<<<<<<<<
 
Linux 3.13.0-37-generic (perflab) 	10/06/2018 	_i686_	(8 CPU)

06:31:50 PM kbmemfree kbmemused  %memused kbbuffers  kbcached  kbcommit   %commit  kbactive   kbinact
06:31:52 PM   5805388   2369120     28.98    276872   1098112   2533672     30.99   1441496    783080
06:31:54 PM   5895732   2278776     27.88    276872   1097444   2516240     30.78   1351880    782480
06:31:56 PM   5910696   2263812     27.69    276872   1096240   2515304     30.77   1337668    781760
06:31:58 PM   5910960   2263548     27.69    276872   1096336   2519292     30.82   1338152    781844
06:32:00 PM   5915352   2259156     27.64    276872   1096432   2519292     30.82   1333216    781904
Average:      5887626   2286882     27.98    276872   1096913   2520760     30.84   1360482    782214
 
>>>>>>>>>>>>>>>>>>> iteration end >>>>>>>>>>>>>>>>>>>>>
 
 
+++++++++++++++++++ M END +++++++++++++++++++
 
 
Value of M is  2048
+++++++++++++++++++ M START +++++++++++++++++++
 
 
Test run 
<<<<<<<<<<<<<<<<<<< iteration start <<<<<<<<<<<<<<<<<<<<<<<
 
Linux 3.13.0-37-generic (perflab) 	10/06/2018 	_i686_	(8 CPU)

06:32:05 PM kbmemfree kbmemused  %memused kbbuffers  kbcached  kbcommit   %commit  kbactive   kbinact
06:32:07 PM   5836044   2338464     28.61    276880   1097240   2590188     31.69   1412356    782360
06:32:09 PM   5830784   2343724     28.67    276880   1097244   2590188     31.69   1416496    782356
06:32:11 PM   5831760   2342748     28.66    276884   1096260   2590188     31.69   1417228    781728
06:32:13 PM   5831448   2343060     28.66    276884   1096540   2590188     31.69   1417468    781856
06:32:15 PM   5831036   2343472     28.67    276884   1096472   2590188     31.69   1417628    781872
Average:      5832214   2342294     28.65    276882   1096751   2590188     31.69   1416235    782034
 
>>>>>>>>>>>>>>>>>>> iteration end >>>>>>>>>>>>>>>>>>>>>
 
 
+++++++++++++++++++ M END +++++++++++++++++++
 
 
 
***************** N END *****************
 
 
Value of N is  4
**************** N START ******************
 
Value of M is  128
+++++++++++++++++++ M START +++++++++++++++++++
 
 
Test run 
<<<<<<<<<<<<<<<<<<< iteration start <<<<<<<<<<<<<<<<<<<<<<<
 
Linux 3.13.0-37-generic (perflab) 	10/06/2018 	_i686_	(8 CPU)

06:32:20 PM kbmemfree kbmemused  %memused kbbuffers  kbcached  kbcommit   %commit  kbactive   kbinact
06:32:22 PM   5924188   2250320     27.53    276900   1098140   2520192     30.83   1323736    783396
06:32:24 PM   5919252   2255256     27.59    276900   1102992   2525176     30.89   1322748    788116
06:32:26 PM   5911096   2263412     27.69    276900   1096456   2516540     30.79   1337584    781892
06:32:28 PM   5898880   2275628     27.84    276904   1096404   2522020     30.85   1350872    781960
06:32:30 PM   5897204   2277304     27.86    276904   1096452   2526008     30.90   1352044    781968
Average:      5910124   2264384     27.70    276902   1098089   2521987     30.85   1337397    783466
 
>>>>>>>>>>>>>>>>>>> iteration end >>>>>>>>>>>>>>>>>>>>>
 
 
+++++++++++++++++++ M END +++++++++++++++++++
 
 
Value of M is  256
+++++++++++++++++++ M START +++++++++++++++++++
 
 
Test run 
<<<<<<<<<<<<<<<<<<< iteration start <<<<<<<<<<<<<<<<<<<<<<<
 
Linux 3.13.0-37-generic (perflab) 	10/06/2018 	_i686_	(8 CPU)

06:32:35 PM kbmemfree kbmemused  %memused kbbuffers  kbcached  kbcommit   %commit  kbactive   kbinact
06:32:37 PM   5873600   2300908     28.15    276916   1098064   2547976     31.17   1373728    783332
06:32:39 PM   5872220   2302288     28.16    276916   1097176   2543124     31.11   1375924    782524
06:32:41 PM   5872768   2301740     28.16    276916   1096440   2543608     31.12   1376320    781956
06:32:43 PM   5872508   2302000     28.16    276920   1096472   2544064     31.12   1376796    781980
06:32:45 PM   5872704   2301804     28.16    276920   1096408   2540460     31.08   1376212    781756
Average:      5872760   2301748     28.16    276918   1096912   2543846     31.12   1375796    782310
 
>>>>>>>>>>>>>>>>>>> iteration end >>>>>>>>>>>>>>>>>>>>>
 
 
+++++++++++++++++++ M END +++++++++++++++++++
 
 
Value of M is  512
+++++++++++++++++++ M START +++++++++++++++++++
 
 
Test run 
<<<<<<<<<<<<<<<<<<< iteration start <<<<<<<<<<<<<<<<<<<<<<<
 
Linux 3.13.0-37-generic (perflab) 	10/06/2018 	_i686_	(8 CPU)

06:32:50 PM kbmemfree kbmemused  %memused kbbuffers  kbcached  kbcommit   %commit  kbactive   kbinact
06:32:52 PM   5861172   2313336     28.30    276932   1097356   2548336     31.17   1385724    782816
06:32:54 PM   5862828   2311680     28.28    276932   1096564   2547524     31.16   1385148    782088
06:32:56 PM   5860652   2313856     28.31    276932   1096404   2547524     31.16   1388156    781876
06:32:58 PM   5860144   2314364     28.31    276936   1096368   2547508     31.16   1388332    781928
06:33:00 PM   5857912   2316596     28.34    276936   1096580   2551496     31.21   1390544    782000
Average:      5860542   2313966     28.31    276934   1096654   2548478     31.18   1387581    782142
 
>>>>>>>>>>>>>>>>>>> iteration end >>>>>>>>>>>>>>>>>>>>>
 
 
+++++++++++++++++++ M END +++++++++++++++++++
 
 
Value of M is  1024
+++++++++++++++++++ M START +++++++++++++++++++
 
 
Test run 
<<<<<<<<<<<<<<<<<<< iteration start <<<<<<<<<<<<<<<<<<<<<<<
 
Linux 3.13.0-37-generic (perflab) 	10/06/2018 	_i686_	(8 CPU)

06:33:06 PM kbmemfree kbmemused  %memused kbbuffers  kbcached  kbcommit   %commit  kbactive   kbinact
06:33:08 PM   5876560   2297948     28.11    276948   1097144   2581416     31.58   1371576    782636
06:33:10 PM   5878620   2295888     28.09    276948   1096696   2580640     31.57   1369864    782004
06:33:12 PM   5878972   2295536     28.08    276948   1096612   2580640     31.57   1369928    782032
06:33:14 PM   5878548   2295960     28.09    276952   1096504   2584628     31.62   1369656    781896
06:33:16 PM   5878788   2295720     28.08    276952   1096468   2582100     31.59   1369892    781840
Average:      5878298   2296210     28.09    276950   1096685   2581885     31.58   1370183    782082
 
>>>>>>>>>>>>>>>>>>> iteration end >>>>>>>>>>>>>>>>>>>>>
 
 
+++++++++++++++++++ M END +++++++++++++++++++
 
 
Value of M is  2048
+++++++++++++++++++ M START +++++++++++++++++++
 
 
Test run 
<<<<<<<<<<<<<<<<<<< iteration start <<<<<<<<<<<<<<<<<<<<<<<
 
Linux 3.13.0-37-generic (perflab) 	10/06/2018 	_i686_	(8 CPU)

06:33:21 PM kbmemfree kbmemused  %memused kbbuffers  kbcached  kbcommit   %commit  kbactive   kbinact
06:33:23 PM   5729796   2444712     29.91    276968   1096648   2729560     33.39   1519012    781920
06:33:25 PM   5729624   2444884     29.91    276968   1096728   2733548     33.44   1518620    781960
06:33:27 PM   5729780   2444728     29.91    276968   1096616   2733548     33.44   1518768    782040
06:33:29 PM   5728600   2445908     29.92    276972   1096384   2733548     33.44   1520180    781948
06:33:31 PM   5730212   2444296     29.90    276972   1096564   2733548     33.44   1518572    781992
Average:      5729602   2444906     29.91    276970   1096588   2732750     33.43   1519030    781972
 
>>>>>>>>>>>>>>>>>>> iteration end >>>>>>>>>>>>>>>>>>>>>
 
 
+++++++++++++++++++ M END +++++++++++++++++++
 
 
 
***************** N END *****************
 
 
Value of N is  8
**************** N START ******************
 
Value of M is  128
+++++++++++++++++++ M START +++++++++++++++++++
 
 
Test run 
<<<<<<<<<<<<<<<<<<< iteration start <<<<<<<<<<<<<<<<<<<<<<<
 
Linux 3.13.0-37-generic (perflab) 	10/06/2018 	_i686_	(8 CPU)

06:33:36 PM kbmemfree kbmemused  %memused kbbuffers  kbcached  kbcommit   %commit  kbactive   kbinact
06:33:38 PM   5880648   2293860     28.06    277088   1132896   2617404     32.02   1333324    814704
06:33:40 PM   5882976   2291532     28.03    277088   1119864   2600424     31.81   1342600    802956
06:33:42 PM   5895760   2278748     27.88    277088   1107456   2595156     31.75   1341680    792124
06:33:44 PM   5896456   2278052     27.87    277088   1106524   2595156     31.75   1341988    791272
06:33:46 PM   5894256   2280252     27.89    277088   1108552   2595156     31.75   1341312    793160
Average:      5890019   2284489     27.95    277088   1115058   2600659     31.81   1340181    798843
