Value of S is  1
++++++++++++++++++ S START ++++++++++++++++++
 
Value of N is  25
**************** N START ******************
 
 
Test run  1
<<<<<<<<<<<<<<<<<<< iteration start <<<<<<<<<<<<<<<<<<<<<<<
 
[H[2J(B[mtop - 16:18:04 up  2:19,  1 user,  load average: 0.52, 1.19, 0.82(B[m[39;49m[K
Tasks:(B[m[39;49m(B[m 200 (B[m[39;49mtotal,(B[m[39;49m(B[m   9 (B[m[39;49mrunning,(B[m[39;49m(B[m 189 (B[m[39;49msleeping,(B[m[39;49m(B[m   1 (B[m[39;49mstopped,(B[m[39;49m(B[m   1 (B[m[39;49mzombie(B[m[39;49m[K
Cpu(s):(B[m[39;49m(B[m  2.5%(B[m[39;49mus,(B[m[39;49m(B[m  0.2%(B[m[39;49msy,(B[m[39;49m(B[m  0.0%(B[m[39;49mni,(B[m[39;49m(B[m 88.6%(B[m[39;49mid,(B[m[39;49m(B[m  8.6%(B[m[39;49mwa,(B[m[39;49m(B[m  0.0%(B[m[39;49mhi,(B[m[39;49m(B[m  0.0%(B[m[39;49msi,(B[m[39;49m(B[m  0.0%(B[m[39;49mst(B[m[39;49m[K
Mem: (B[m[39;49m(B[m  8174508k (B[m[39;49mtotal,(B[m[39;49m(B[m  1504428k (B[m[39;49mused,(B[m[39;49m(B[m  6670080k (B[m[39;49mfree,(B[m[39;49m(B[m   160884k (B[m[39;49mbuffers(B[m[39;49m[K
Swap:(B[m[39;49m(B[m        0k (B[m[39;49mtotal,(B[m[39;49m(B[m        0k (B[m[39;49mused,(B[m[39;49m(B[m        0k (B[m[39;49mfree,(B[m[39;49m(B[m   577276k (B[m[39;49mcached(B[m[39;49m[K
[6;1H
[7m  PID USER      PR  NI  VIRT  RES  SHR S %CPU %MEM    TIME+  COMMAND            (B[m[39;49m[K
(B[m(B[m14133 perflab   20   0 21540 5276 1008 R   99  0.1   0:00.50 stress-ng-cpu      (B[m[39;49m
(B[m(B[m14134 perflab   20   0 21540 5308 1008 R   99  0.1   0:00.50 stress-ng-cpu      (B[m[39;49m
(B[m(B[m14135 perflab   20   0 21540 5308 1012 R   99  0.1   0:00.50 stress-ng-cpu      (B[m[39;49m
(B[m(B[m14136 perflab   20   0 21540 5268 1012 R   99  0.1   0:00.50 stress-ng-cpu      (B[m[39;49m
(B[m(B[m14137 perflab   20   0 21540 5308 1016 R   99  0.1   0:00.50 stress-ng-cpu      (B[m[39;49m
(B[m(B[m14139 perflab   20   0 21540 5308 1016 R   99  0.1   0:00.50 stress-ng-cpu      (B[m[39;49m
(B[m(B[m14132 perflab   20   0 21540 5308 1020 R   97  0.1   0:00.49 stress-ng-cpu      (B[m[39;49m
(B[m(B[m14138 perflab   20   0 21540 5308 1012 R   97  0.1   0:00.49 stress-ng-cpu      (B[m[39;49m
(B[m 2329 perflab   20   0 1289m 413m  70m S    2  5.2   6:09.23 firefox            (B[m[39;49m
(B[m    1 root      20   0  3672 2016 1296 S    0  0.0   0:00.92 init               (B[m[39;49m
(B[m    2 root      20   0     0    0    0 S    0  0.0   0:00.00 kthreadd           (B[m[39;49m
(B[m    3 root      20   0     0    0    0 S    0  0.0   0:00.32 ksoftirqd/0        (B[m[39;49m
(B[m    5 root       0 -20     0    0    0 S    0  0.0   0:00.00 kworker/0:0H       (B[m[39;49m
(B[m    7 root      20   0     0    0    0 S    0  0.0   0:02.40 rcu_sched          (B[m[39;49m
(B[m    8 root      20   0     0    0    0 S    0  0.0   0:00.00 rcu_bh             (B[m[39;49m
(B[m    9 root      RT   0     0    0    0 S    0  0.0   0:00.00 migration/0        (B[m[39;49m
(B[m   10 root      RT   0     0    0    0 S    0  0.0   0:00.02 watchdog/0         (B[m[39;49m[6;1H[K[H(B[mtop - 16:18:05 up  2:19,  1 user,  load average: 0.52, 1.19, 0.82(B[m[39;49m[K
Tasks:(B[m[39;49m(B[m 200 (B[m[39;49mtotal,(B[m[39;49m(B[m   2 (B[m[39;49mrunning,(B[m[39;49m(B[m 196 (B[m[39;49msleeping,(B[m[39;49m(B[m   1 (B[m[39;49mstopped,(B[m[39;49m(B[m   1 (B[m[39;49mzombie(B[m[39;49m[K
Cpu(s):(B[m[39;49m(B[m  7.2%(B[m[39;49mus,(B[m[39;49m(B[m  0.1%(B[m[39;49msy,(B[m[39;49m(B[m  0.0%(B[m[39;49mni,(B[m[39;49m(B[m 92.7%(B[m[39;49mid,(B[m[39;49m(B[m  0.0%(B[m[39;49mwa,(B[m[39;49m(B[m  0.0%(B[m[39;49mhi,(B[m[39;49m(B[m  0.0%(B[m[39;49msi,(B[m[39;49m(B[m  0.0%(B[m[39;49mst(B[m[39;49m[K
Mem: (B[m[39;49m(B[m  8174508k (B[m[39;49mtotal,(B[m[39;49m(B[m  1503972k (B[m[39;49mused,(B[m[39;49m(B[m  6670536k (B[m[39;49mfree,(B[m[39;49m(B[m   160884k (B[m[39;49mbuffers(B[m[39;49m[K
Swap:(B[m[39;49m(B[m        0k (B[m[39;49mtotal,(B[m[39;49m(B[m        0k (B[m[39;49mused,(B[m[39;49m(B[m        0k (B[m[39;49mfree,(B[m[39;49m(B[m   576256k (B[m[39;49mcached(B[m[39;49m[K
[6;1H
[7m  PID USER      PR  NI  VIRT  RES  SHR S %CPU %MEM    TIME+  COMMAND            (B[m[39;49m[K
(B[m14132 perflab   20   0 21540 5308 1020 S    7  0.1   0:00.56 stress-ng-cpu      (B[m[39;49m
(B[m14134 perflab   20   0 21540 5308 1008 S    7  0.1   0:00.57 stress-ng-cpu      (B[m[39;49m
(B[m14133 perflab   20   0 21540 5276 1008 S    6  0.1   0:00.56 stress-ng-cpu      (B[m[39;49m
(B[m14135 perflab   20   0 21540 5308 1012 S    6  0.1   0:00.56 stress-ng-cpu      (B[m[39;49m
(B[m14136 perflab   20   0 21540 5268 1012 S    6  0.1   0:00.56 stress-ng-cpu      (B[m[39;49m
(B[m14137 perflab   20   0 21540 5308 1016 S    6  0.1   0:00.56 stress-ng-cpu      (B[m[39;49m
(B[m14138 perflab   20   0 21540 5308 1012 S    6  0.1   0:00.55 stress-ng-cpu      (B[m[39;49m
(B[m14139 perflab   20   0 21540 5308 1016 S    6  0.1   0:00.56 stress-ng-cpu      (B[m[39;49m
(B[m 2329 perflab   20   0 1289m 413m  70m S    5  5.2   6:09.28 firefox            (B[m[39;49m
(B[m 1256 root      20   0 65468  30m  21m S    1  0.4   2:37.82 Xorg               (B[m[39;49m
(B[m(B[m14128 perflab   20   0  2852 1208  900 R    1  0.0   0:00.01 top                (B[m[39;49m
(B[m    1 root      20   0  3672 2016 1296 S    0  0.0   0:00.92 init               (B[m[39;49m
(B[m    2 root      20   0     0    0    0 S    0  0.0   0:00.00 kthreadd           (B[m[39;49m
(B[m    3 root      20   0     0    0    0 S    0  0.0   0:00.32 ksoftirqd/0        (B[m[39;49m
(B[m    5 root       0 -20     0    0    0 S    0  0.0   0:00.00 kworker/0:0H       (B[m[39;49m
(B[m    7 root      20   0     0    0    0 S    0  0.0   0:02.40 rcu_sched          (B[m[39;49m
(B[m    8 root      20   0     0    0    0 S    0  0.0   0:00.00 rcu_bh             (B[m[39;49m[6;1H[K[H(B[mtop - 16:18:06 up  2:19,  1 user,  load average: 0.52, 1.19, 0.82(B[m[39;49m[K
Tasks:(B[m[39;49m(B[m 200 (B[m[39;49mtotal,(B[m[39;49m(B[m   9 (B[m[39;49mrunning,(B[m[39;49m(B[m 189 (B[m[39;49msleeping,(B[m[39;49m(B[m   1 (B[m[39;49mstopped,(B[m[39;49m(B[m   1 (B[m[39;49mzombie(B[m[39;49m[K
Cpu(s):(B[m[39;49m(B[m 23.5%(B[m[39;49mus,(B[m[39;49m(B[m  0.1%(B[m[39;49msy,(B[m[39;49m(B[m  0.0%(B[m[39;49mni,(B[m[39;49m(B[m 76.3%(B[m[39;49mid,(B[m[39;49m(B[m  0.0%(B[m[39;49mwa,(B[m[39;49m(B[m  0.0%(B[m[39;49mhi,(B[m[39;49m(B[m  0.0%(B[m[39;49msi,(B[m[39;49m(B[m  0.0%(B[m[39;49mst(B[m[39;49m[K
Mem: (B[m[39;49m(B[m  8174508k (B[m[39;49mtotal,(B[m[39;49m(B[m  1498956k (B[m[39;49mused,(B[m[39;49m(B[m  6675552k (B[m[39;49mfree,(B[m[39;49m(B[m   160884k (B[m[39;49mbuffers(B[m[39;49m[K
Swap:(B[m[39;49m(B[m        0k (B[m[39;49mtotal,(B[m[39;49m(B[m        0k (B[m[39;49mused,(B[m[39;49m(B[m        0k (B[m[39;49mfree,(B[m[39;49m(B[m   570976k (B[m[39;49mcached(B[m[39;49m[K
[6;1H
[7m  PID USER      PR  NI  VIRT  RES  SHR S %CPU %MEM    TIME+  COMMAND            (B[m[39;49m[K
(B[m(B[m14139 perflab   20   0 21540 5308 1016 R   27  0.1   0:00.83 stress-ng-cpu      (B[m[39;49m
(B[m(B[m14136 perflab   20   0 21540 5268 1012 R   24  0.1   0:00.80 stress-ng-cpu      (B[m[39;49m
(B[m(B[m14138 perflab   20   0 21540 5308 1012 R   24  0.1   0:00.79 stress-ng-cpu      (B[m[39;49m
(B[m(B[m14133 perflab   20   0 21540 5276 1008 R   23  0.1   0:00.79 stress-ng-cpu      (B[m[39;49m
(B[m(B[m14135 perflab   20   0 21540 5308 1012 R   23  0.1   0:00.79 stress-ng-cpu      (B[m[39;49m
(B[m(B[m14137 perflab   20   0 21540 5308 1016 R   23  0.1   0:00.79 stress-ng-cpu      (B[m[39;49m
(B[m(B[m14132 perflab   20   0 21540 5308 1020 R   22  0.1   0:00.78 stress-ng-cpu      (B[m[39;49m
(B[m(B[m14134 perflab   20   0 21540 5308 1008 R   22  0.1   0:00.79 stress-ng-cpu      (B[m[39;49m
(B[m 2329 perflab   20   0 1289m 413m  70m S    3  5.2   6:09.31 firefox            (B[m[39;49m
(B[m    1 root      20   0  3672 2016 1296 S    0  0.0   0:00.92 init               (B[m[39;49m
(B[m    2 root      20   0     0    0    0 S    0  0.0   0:00.00 kthreadd           (B[m[39;49m
(B[m    3 root      20   0     0    0    0 S    0  0.0   0:00.32 ksoftirqd/0        (B[m[39;49m
(B[m    5 root       0 -20     0    0    0 S    0  0.0   0:00.00 kworker/0:0H       (B[m[39;49m
(B[m    7 root      20   0     0    0    0 S    0  0.0   0:02.40 rcu_sched          (B[m[39;49m
(B[m    8 root      20   0     0    0    0 S    0  0.0   0:00.00 rcu_bh             (B[m[39;49m
(B[m    9 root      RT   0     0    0    0 S    0  0.0   0:00.00 migration/0        (B[m[39;49m
(B[m   10 root      RT   0     0    0    0 S    0  0.0   0:00.02 watchdog/0         (B[m[39;49m[6;1H[K[H(B[mtop - 16:18:07 up  2:19,  1 user,  load average: 0.56, 1.18, 0.82(B[m[39;49m[K
Tasks:(B[m[39;49m(B[m 200 (B[m[39;49mtotal,(B[m[39;49m(B[m   1 (B[m[39;49mrunning,(B[m[39;49m(B[m 197 (B[m[39;49msleeping,(B[m[39;49m(B[m   1 (B[m[39;49mstopped,(B[m[39;49m(B[m   1 (B[m[39;49mzombie(B[m[39;49m[K
Cpu(s):(B[m[39;49m(B[m 26.1%(B[m[39;49mus,(B[m[39;49m(B[m  0.0%(B[m[39;49msy,(B[m[39;49m(B[m  0.0%(B[m[39;49mni,(B[m[39;49m(B[m 73.6%(B[m[39;49mid,(B[m[39;49m(B[m  0.4%(B[m[39;49mwa,(B[m[39;49m(B[m  0.0%(B[m[39;49mhi,(B[m[39;49m(B[m  0.0%(B[m[39;49msi,(B[m[39;49m(B[m  0.0%(B[m[39;49mst(B[m[39;49m[K
Mem: (B[m[39;49m(B[m  8174508k (B[m[39;49mtotal,(B[m[39;49m(B[m  1499080k (B[m[39;49mused,(B[m[39;49m(B[m  6675428k (B[m[39;49mfree,(B[m[39;49m(B[m   160892k (B[m[39;49mbuffers(B[m[39;49m[K
Swap:(B[m[39;49m(B[m        0k (B[m[39;49mtotal,(B[m[39;49m(B[m        0k (B[m[39;49mused,(B[m[39;49m(B[m        0k (B[m[39;49mfree,(B[m[39;49m(B[m   570896k (B[m[39;49mcached(B[m[39;49m[K
[6;1H
[7m  PID USER      PR  NI  VIRT  RES  SHR S %CPU %MEM    TIME+  COMMAND            (B[m[39;49m[K
(B[m14132 perflab   20   0 21540 5308 1020 S   28  0.1   0:01.06 stress-ng-cpu      (B[m[39;49m
(B[m14135 perflab   20   0 21540 5308 1012 S   28  0.1   0:01.07 stress-ng-cpu      (B[m[39;49m
(B[m14133 perflab   20   0 21540 5276 1008 S   27  0.1   0:01.06 stress-ng-cpu      (B[m[39;49m
(B[m14134 perflab   20   0 21540 5308 1008 S   27  0.1   0:01.06 stress-ng-cpu      (B[m[39;49m
(B[m14137 perflab   20   0 21540 5308 1016 S   27  0.1   0:01.06 stress-ng-cpu      (B[m[39;49m
(B[m14136 perflab   20   0 21540 5268 1012 S   26  0.1   0:01.06 stress-ng-cpu      (B[m[39;49m
(B[m14138 perflab   20   0 21540 5308 1012 S   23  0.1   0:01.02 stress-ng-cpu      (B[m[39;49m
(B[m14139 perflab   20   0 21540 5308 1016 S   20  0.1   0:01.03 stress-ng-cpu      (B[m[39;49m
(B[m 2329 perflab   20   0 1289m 413m  70m S    2  5.2   6:09.33 firefox            (B[m[39;49m
(B[m 1256 root      20   0 65468  30m  21m S    1  0.4   2:37.83 Xorg               (B[m[39;49m
(B[m(B[m14128 perflab   20   0  2852 1208  900 R    1  0.0   0:00.02 top                (B[m[39;49m
(B[m    1 root      20   0  3672 2016 1296 S    0  0.0   0:00.92 init               (B[m[39;49m
(B[m    2 root      20   0     0    0    0 S    0  0.0   0:00.00 kthreadd           (B[m[39;49m
(B[m    3 root      20   0     0    0    0 S    0  0.0   0:00.32 ksoftirqd/0        (B[m[39;49m
(B[m    5 root       0 -20     0    0    0 S    0  0.0   0:00.00 kworker/0:0H       (B[m[39;49m
(B[m    7 root      20   0     0    0    0 S    0  0.0   0:02.40 rcu_sched          (B[m[39;49m
(B[m    8 root      20   0     0    0    0 S    0  0.0   0:00.00 rcu_bh             (B[m[39;49m[6;1H[K[H(B[mtop - 16:18:08 up  2:19,  1 user,  load average: 0.56, 1.18, 0.82(B[m[39;49m[K
Tasks:(B[m[39;49m(B[m 200 (B[m[39;49mtotal,(B[m[39;49m(B[m   9 (B[m[39;49mrunning,(B[m[39;49m(B[m 189 (B[m[39;49msleeping,(B[m[39;49m(B[m   1 (B[m[39;49mstopped,(B[m[39;49m(B[m   1 (B[m[39;49mzombie(B[m[39;49m[K
Cpu(s):(B[m[39;49m(B[m 27.8%(B[m[39;49mus,(B[m[39;49m(B[m  0.2%(B[m[39;49msy,(B[m[39;49m(B[m  0.0%(B[m[39;49mni,(B[m[39;49m(B[m 72.0%(B[m[39;49mid,(B[m[39;49m(B[m  0.0%(B[m[39;49mwa,(B[m[39;49m(B[m  0.0%(B[m[39;49mhi,(B[m[39;49m(B[m  0.0%(B[m[39;49msi,(B[m[39;49m(B[m  0.0%(B[m[39;49mst(B[m[39;49m[K
Mem: (B[m[39;49m(B[m  8174508k (B[m[39;49mtotal,(B[m[39;49m(B[m  1499080k (B[m[39;49mused,(B[m[39;49m(B[m  6675428k (B[m[39;49mfree,(B[m[39;49m(B[m   160892k (B[m[39;49mbuffers(B[m[39;49m[K
Swap:(B[m[39;49m(B[m        0k (B[m[39;49mtotal,(B[m[39;49m(B[m        0k (B[m[39;49mused,(B[m[39;49m(B[m        0k (B[m[39;49mfree,(B[m[39;49m(B[m   570904k (B[m[39;49mcached(B[m[39;49m[K
[6;1H
[7m  PID USER      PR  NI  VIRT  RES  SHR S %CPU %MEM    TIME+  COMMAND            (B[m[39;49m[K
(B[m(B[m14139 perflab   20   0 21540 5308 1016 R   38  0.1   0:01.41 stress-ng-cpu      (B[m[39;49m
(B[m(B[m14138 perflab   20   0 21540 5308 1012 R   37  0.1   0:01.39 stress-ng-cpu      (B[m[39;49m
(B[m(B[m14133 perflab   20   0 21540 5276 1008 R   28  0.1   0:01.34 stress-ng-cpu      (B[m[39;49m
(B[m(B[m14136 perflab   20   0 21540 5268 1012 R   28  0.1   0:01.34 stress-ng-cpu      (B[m[39;49m
(B[m(B[m14134 perflab   20   0 21540 5308 1008 R   25  0.1   0:01.31 stress-ng-cpu      (B[m[39;49m
(B[m(B[m14137 perflab   20   0 21540 5308 1016 R   25  0.1   0:01.31 stress-ng-cpu      (B[m[39;49m
(B[m(B[m14132 perflab   20   0 21540 5308 1020 R   21  0.1   0:01.27 stress-ng-cpu      (B[m[39;49m
(B[m(B[m14135 perflab   20   0 21540 5308 1012 R   19  0.1   0:01.26 stress-ng-cpu      (B[m[39;49m
(B[m 2329 perflab   20   0 1289m 413m  70m S    3  5.2   6:09.36 firefox            (B[m[39;49m
(B[m(B[m14128 perflab   20   0  2852 1208  900 R    1  0.0   0:00.03 top                (B[m[39;49m
(B[m    1 root      20   0  3672 2016 1296 S    0  0.0   0:00.92 init               (B[m[39;49m
(B[m    2 root      20   0     0    0    0 S    0  0.0   0:00.00 kthreadd           (B[m[39;49m
(B[m    3 root      20   0     0    0    0 S    0  0.0   0:00.32 ksoftirqd/0        (B[m[39;49m
(B[m    5 root       0 -20     0    0    0 S    0  0.0   0:00.00 kworker/0:0H       (B[m[39;49m
(B[m    7 root      20   0     0    0    0 S    0  0.0   0:02.40 rcu_sched          (B[m[39;49m
(B[m    8 root      20   0     0    0    0 S    0  0.0   0:00.00 rcu_bh             (B[m[39;49m
(B[m    9 root      RT   0     0    0    0 S    0  0.0   0:00.00 migration/0        (B[m[39;49m[6;1H[K[H(B[mtop - 16:18:09 up  2:19,  1 user,  load average: 0.56, 1.18, 0.82(B[m[39;49m[K
Tasks:(B[m[39;49m(B[m 200 (B[m[39;49mtotal,(B[m[39;49m(B[m   1 (B[m[39;49mrunning,(B[m[39;49m(B[m 197 (B[m[39;49msleeping,(B[m[39;49m(B[m   1 (B[m[39;49mstopped,(B[m[39;49m(B[m   1 (B[m[39;49mzombie(B[m[39;49m[K
Cpu(s):(B[m[39;49m(B[m 20.3%(B[m[39;49mus,(B[m[39;49m(B[m  0.0%(B[m[39;49msy,(B[m[39;49m(B[m  0.0%(B[m[39;49mni,(B[m[39;49m(B[m 79.7%(B[m[39;49mid,(B[m[39;49m(B[m  0.0%(B[m[39;49mwa,(B[m[39;49m(B[m  0.0%(B[m[39;49mhi,(B[m[39;49m(B[m  0.0%(B[m[39;49msi,(B[m[39;49m(B[m  0.0%(B[m[39;49mst(B[m[39;49m[K
Mem: (B[m[39;49m(B[m  8174508k (B[m[39;49mtotal,(B[m[39;49m(B[m  1499080k (B[m[39;49mused,(B[m[39;49m(B[m  6675428k (B[m[39;49mfree,(B[m[39;49m(B[m   160892k (B[m[39;49mbuffers(B[m[39;49m[K
Swap:(B[m[39;49m(B[m        0k (B[m[39;49mtotal,(B[m[39;49m(B[m        0k (B[m[39;49mused,(B[m[39;49m(B[m        0k (B[m[39;49mfree,(B[m[39;49m(B[m   570904k (B[m[39;49mcached(B[m[39;49m[K
[6;1H
[7m  PID USER      PR  NI  VIRT  RES  SHR S %CPU %MEM    TIME+  COMMAND            (B[m[39;49m[K
(B[m14135 perflab   20   0 21540 5308 1012 S   28  0.1   0:01.54 stress-ng-cpu      (B[m[39;49m
(B[m14132 perflab   20   0 21540 5308 1020 S   27  0.1   0:01.54 stress-ng-cpu      (B[m[39;49m
(B[m14134 perflab   20   0 21540 5308 1008 S   23  0.1   0:01.54 stress-ng-cpu      (B[m[39;49m
(B[m14137 perflab   20   0 21540 5308 1016 S   22  0.1   0:01.53 stress-ng-cpu      (B[m[39;49m
(B[m14133 perflab   20   0 21540 5276 1008 S   19  0.1   0:01.53 stress-ng-cpu      (B[m[39;49m
(B[m14136 perflab   20   0 21540 5268 1012 S   19  0.1   0:01.53 stress-ng-cpu      (B[m[39;49m
(B[m14138 perflab   20   0 21540 5308 1012 S   12  0.1   0:01.51 stress-ng-cpu      (B[m[39;49m
(B[m14139 perflab   20   0 21540 5308 1016 S   11  0.1   0:01.52 stress-ng-cpu      (B[m[39;49m
(B[m 2329 perflab   20   0 1289m 413m  70m S    2  5.2   6:09.38 firefox            (B[m[39;49m
(B[m   23 root      20   0     0    0    0 S    1  0.0   0:00.06 ksoftirqd/3        (B[m[39;49m
(B[m 1224 root      20   0  3604  644  496 S    1  0.0   0:00.82 irqbalance         (B[m[39;49m
(B[m    1 root      20   0  3672 2016 1296 S    0  0.0   0:00.92 init               (B[m[39;49m
(B[m    2 root      20   0     0    0    0 S    0  0.0   0:00.00 kthreadd           (B[m[39;49m
(B[m    3 root      20   0     0    0    0 S    0  0.0   0:00.32 ksoftirqd/0        (B[m[39;49m
(B[m    5 root       0 -20     0    0    0 S    0  0.0   0:00.00 kworker/0:0H       (B[m[39;49m
(B[m    7 root      20   0     0    0    0 S    0  0.0   0:02.40 rcu_sched          (B[m[39;49m
(B[m    8 root      20   0     0    0    0 S    0  0.0   0:00.00 rcu_bh             (B[m[39;49m[6;1H[K[H(B[mtop - 16:18:10 up  2:19,  1 user,  load average: 0.56, 1.18, 0.82(B[m[39;49m[K
Tasks:(B[m[39;49m(B[m 200 (B[m[39;49mtotal,(B[m[39;49m(B[m   9 (B[m[39;49mrunning,(B[m[39;49m(B[m 189 (B[m[39;49msleeping,(B[m[39;49m(B[m   1 (B[m[39;49mstopped,(B[m[39;49m(B[m   1 (B[m[39;49mzombie(B[m[39;49m[K
Cpu(s):(B[m[39;49m(B[m 37.3%(B[m[39;49mus,(B[m[39;49m(B[m  0.0%(B[m[39;49msy,(B[m[39;49m(B[m  0.0%(B[m[39;49mni,(B[m[39;49m(B[m 62.7%(B[m[39;49mid,(B[m[39;49m(B[m  0.0%(B[m[39;49mwa,(B[m[39;49m(B[m  0.0%(B[m[39;49mhi,(B[m[39;49m(B[m  0.0%(B[m[39;49msi,(B[m[39;49m(B[m  0.0%(B[m[39;49mst(B[m[39;49m[K
Mem: (B[m[39;49m(B[m  8174508k (B[m[39;49mtotal,(B[m[39;49m(B[m  1499080k (B[m[39;49mused,(B[m[39;49m(B[m  6675428k (B[m[39;49mfree,(B[m[39;49m(B[m   160892k (B[m[39;49mbuffers(B[m[39;49m[K
Swap:(B[m[39;49m(B[m        0k (B[m[39;49mtotal,(B[m[39;49m(B[m        0k (B[m[39;49mused,(B[m[39;49m(B[m        0k (B[m[39;49mfree,(B[m[39;49m(B[m   570912k (B[m[39;49mcached(B[m[39;49m[K
[6;1H
[7m  PID USER      PR  NI  VIRT  RES  SHR S %CPU %MEM    TIME+  COMMAND            (B[m[39;49m[K
(B[m(B[m14139 perflab   20   0 21540 5308 1016 R   44  0.1   0:01.96 stress-ng-cpu      (B[m[39;49m
(B[m(B[m14138 perflab   20   0 21540 5308 1012 R   43  0.1   0:01.94 stress-ng-cpu      (B[m[39;49m
(B[m(B[m14136 perflab   20   0 21540 5268 1012 R   39  0.1   0:01.92 stress-ng-cpu      (B[m[39;49m
(B[m(B[m14137 perflab   20   0 21540 5308 1016 R   39  0.1   0:01.92 stress-ng-cpu      (B[m[39;49m
(B[m(B[m14133 perflab   20   0 21540 5276 1008 R   37  0.1   0:01.90 stress-ng-cpu      (B[m[39;49m
(B[m(B[m14134 perflab   20   0 21540 5308 1008 R   36  0.1   0:01.90 stress-ng-cpu      (B[m[39;49m
(B[m(B[m14135 perflab   20   0 21540 5308 1012 R   30  0.1   0:01.84 stress-ng-cpu      (B[m[39;49m
(B[m(B[m14132 perflab   20   0 21540 5308 1020 R   29  0.1   0:01.83 stress-ng-cpu      (B[m[39;49m
(B[m 2329 perflab   20   0 1289m 413m  70m S    2  5.2   6:09.40 firefox            (B[m[39;49m
(B[m 1256 root      20   0 65468  30m  21m S    1  0.4   2:37.84 Xorg               (B[m[39;49m
(B[m(B[m14128 perflab   20   0  2852 1208  900 R    1  0.0   0:00.04 top                (B[m[39;49m
(B[m14131 perflab   20   0  4528 1056  816 S    1  0.0   0:00.01 sadc               (B[m[39;49m
(B[m    1 root      20   0  3672 2016 1296 S    0  0.0   0:00.92 init               (B[m[39;49m
(B[m    2 root      20   0     0    0    0 S    0  0.0   0:00.00 kthreadd           (B[m[39;49m
(B[m    3 root      20   0     0    0    0 S    0  0.0   0:00.32 ksoftirqd/0        (B[m[39;49m
(B[m    5 root       0 -20     0    0    0 S    0  0.0   0:00.00 kworker/0:0H       (B[m[39;49m
(B[m    7 root      20   0     0    0    0 S    0  0.0   0:02.40 rcu_sched          (B[m[39;49m[6;1H[K[25;1H[?12l[?25h
