Value of N is  2
**************** N START ******************
 
 
Test run  1
<<<<<<<<<<<<<<<<<<< iteration start <<<<<<<<<<<<<<<<<<<<<<<
 
Linux 3.13.0-37-generic (perflab) 	10/07/2018 	_i686_	(8 CPU)

08:24:22 PM kbmemfree kbmemused  %memused kbbuffers  kbcached  kbcommit   %commit  kbactive   kbinact
08:24:23 PM   3431288   4743220     58.02      1396    306064   5301952     64.86   4496480    161316
08:24:24 PM    610808   7563700     92.53      1396    306164   8115404     99.28   7309356    161508
08:24:25 PM   4248584   3925924     48.03       328    142512   4654528     56.94   3752280     91720
08:24:26 PM   1916440   6258068     76.56       328    142432   6983564     85.43   6080408     91740
08:24:27 PM   5133408   3041100     37.20       312    130556   6327976     77.41   2866216     85572
08:24:28 PM   3381928   4792580     58.63       320    130408   5534412     67.70   4621080     85600
08:24:29 PM   1588308   6586200     80.57       320    130412   7321116     89.56   6411740     85592
08:24:30 PM   4352900   3821608     46.75       320    130412   8521548    104.25   3642364     85592
08:24:31 PM   3535120   4639388     56.75       320    130428   5370928     65.70   4468280     85592
08:24:32 PM   1574972   6599536     80.73       320    130428   7329080     89.66   6423924     85592
08:24:33 PM   4920328   3254180     39.81       312    125020   3994500     48.87   3087376     82812
08:24:34 PM   2400772   5773736     70.63       312    125072   6511016     79.65   5602940     82820
08:24:35 PM   4974648   3199860     39.14       312    125072   5849108     71.55   3028516     82820
08:24:36 PM   2903320   5271188     64.48       312    125088   6016860     73.61   5102408     82820
08:24:37 PM    406552   7767956     95.03       312    125096   8501428    104.00   7593788     82820
08:24:38 PM   3835444   4339064     53.08       320    125088   5087896     62.24   4173500     82820
08:24:39 PM   1901440   6273068     76.74       320    125116   7014936     85.81   6099176     82836
08:24:40 PM   2245264   5929244     72.53       320    125128   8526432    104.31   5751432     82840
08:24:41 PM   3429824   4744684     58.04       320    125136   5492128     67.19   4577636     82840
08:24:42 PM   1580252   6594256     80.67       320    125148   7338660     89.77   6422568     82840
08:24:43 PM   4368140   3806368     46.56       328    125140   6284380     76.88   3633872     82840
08:24:44 PM   3203972   4970536     60.81       328    125160   5713736     69.90   4801108     82844
08:24:45 PM    693028   7481480     91.52       328    125160   8218244    100.54   7306712     82844
08:24:46 PM   4452148   3722360     45.54       328    125168   4469220     54.67   3555240     82844
08:24:47 PM   2624860   5549648     67.89       328    125188   6295812     77.02   5378584     82848
08:24:48 PM   1210368   6964140     85.19       328    125192   8525152    104.29   6785464     82848
08:24:49 PM   3583804   4590704     56.16       336    125200   5333940     65.25   4422148     82844
08:24:50 PM    873908   7300600     89.31       336    125200   8037888     98.33   7127492     82848
08:24:51 PM   1429220   6745288     82.52       336    125212   7483644     91.55   6572376     82848
08:24:52 PM   2247700   5926808     72.50       336    125232   6670136     81.60   5756404     82852
08:24:53 PM   2621004   5553504     67.94       336    125236   6295308     77.01   5382788     82852
08:24:54 PM   2873316   5301192     64.85       344    125244   6046956     73.97   5131848     82856
08:24:55 PM   3142040   5032468     61.56       344    125244   5775816     70.66   4863208     82856
08:24:56 PM   1603328   6571180     80.39       344    125252   7945376     97.20   6395384     82860
08:24:57 PM   1873732   6300776     77.08       344    125252   7040268     86.12   6127576     82860
08:24:58 PM   2908904   5265604     64.41       344    125268   6010096     73.52   5095532     82856
08:24:59 PM   3997572   4176936     51.10       352    125288   4921416     60.20   4010248     82856
08:25:00 PM   1606620   6567888     80.35       352    125640   7306328     89.38   6396044     83088
08:25:01 PM   6473052   1701456     20.81       352    125656   5021260     61.43   1533948     83228
08:25:02 PM   3286744   4887764     59.79       352    125664   5627516     68.84   4718144     83228
08:25:03 PM   1280332   6894176     84.34       352    125676   7637556     93.43   6720292     83224
08:25:04 PM   5666836   2507672     30.68       360    125672   3254052     39.81   2342920     83228
08:25:05 PM   3168360   5006148     61.24       360    125684   5749208     70.33   4838068     83244
08:25:06 PM    714612   7459896     91.26       360    125696   8201916    100.34   7285592     83244
08:25:07 PM   4204224   3970284     48.57       360    125712   4722312     57.77   3802256     83240
08:25:08 PM   1832196   6342312     77.59       360    125720   7087196     86.70   6171840     83240
08:25:09 PM   5833044   2341464     28.64       368    125732   3094008     37.85   2178524     83240
08:25:10 PM   2393268   5781240     70.72       368    125736   6526520     79.84   5610980     83244
08:25:11 PM   3111660   5062848     61.93       368    125736   8520608    104.23   4886068     83248
08:25:12 PM   3121084   5053424     61.82       368    125744   5793376     70.87   4883052     83248
08:25:13 PM    782300   7392208     90.43       368    125756   8126444     99.41   7218840     83252
08:25:14 PM   4201724   3972784     48.60       376    125756   4715456     57.68   3806808     83252
08:25:15 PM   1307864   6866644     84.00       376    125776   7604044     93.02   6694060     83260
08:25:16 PM   4733704   3440804     42.09       376    125784   4183656     51.18   3276788     83260
08:25:17 PM   1792520   6381988     78.07       376    125792   7119208     87.09   6208816     83260
08:25:18 PM   4997244   3177264     38.87       376    125804   3920920     47.97   3010976     83264
08:25:19 PM   2526612   5647896     69.09       384    125804   6385592     78.12   5476992     83260
08:25:20 PM   2135388   6039120     73.88       384    125824   8519260    104.22   5860944     83272
08:25:21 PM   3397432   4777076     58.44       384    125832   5519104     67.52   4609192     83268
08:25:22 PM    985376   7189132     87.95       384    125844   7979788     97.62   7012412     83272
Average:      2860514   5313994     65.01       378    132524   6391270     78.19   5140017     86185
 
>>>>>>>>>>>>>>>>>>> iteration end >>>>>>>>>>>>>>>>>>>>>
 
 
Test run  2
<<<<<<<<<<<<<<<<<<< iteration start <<<<<<<<<<<<<<<<<<<<<<<
 
Linux 3.13.0-37-generic (perflab) 	10/07/2018 	_i686_	(8 CPU)

08:25:27 PM kbmemfree kbmemused  %memused kbbuffers  kbcached  kbcommit   %commit  kbactive   kbinact
08:25:28 PM   3455204   4719304     57.73       540    126908   5459932     66.79   4554696     83664
08:25:29 PM   3711536   4462972     54.60       552    126996   8517296    104.19   4286260     83708
08:25:30 PM   3470856   4703652     57.54       552    127004   5445868     66.62   4534592     83704
08:25:31 PM    710284   7464224     91.31       560    127012   8197632    100.28   7289148     83712
08:25:32 PM   3914832   4259676     52.11       560    127024   5003444     61.21   4090800     83716
08:25:33 PM   1418544   6755964     82.65       560    127032   7488012     91.60   6581192     83716
08:25:34 PM   4764140   3410368     41.72       560    127040   4151752     50.79   3242704     83716
08:25:35 PM   2406364   5768144     70.56       560    127048   6500684     79.52   5596868     83716
08:25:36 PM   3924988   4249520     51.99       568    127048   7498608     91.73   4073240     83712
08:25:37 PM   2899616   5274892     64.53       568    127064   6013552     73.56   5105672     83720
08:25:38 PM   3124360   5050148     61.78       568    127068   8522092    104.25   4869448     83720
08:25:39 PM   2548504   5626004     68.82       568    127080   6363832     77.85   5455016     83724
08:25:40 PM   1850736   6323772     77.36       568    127088   8513364    104.15   6145640     83724
08:25:41 PM   4156672   4017836     49.15       576    127088   4757236     58.20   3849988     83724
08:25:42 PM   2357212   5817296     71.16       576    127104   6555912     80.20   5646448     83732
08:25:43 PM    601472   7573036     92.64       576    127108   8310720    101.67   7398828     83732
08:25:44 PM   4324204   3850304     47.10       576    127128   4595492     56.22   3684848     83728
08:25:45 PM   1799708   6374800     77.98       576    127136   7117844     87.07   6202952     83728
08:25:46 PM   2737992   5436516     66.51       584    127140   6180752     75.61   5263892     83732
08:25:47 PM   2637484   5537024     67.74       584    127140   8222652    100.59   5358440     83732
08:25:48 PM   1330616   6843892     83.72       584    127168   7577916     92.70   6670024     83736
08:25:49 PM   2412696   5761812     70.49       584    127168   6504812     79.57   5590144     83740
08:25:50 PM   3395660   4778848     58.46       584    127184   5523808     67.57   4610500     83736
08:25:51 PM    937000   7237508     88.54       592    127176   7980504     97.63   7064368     83736
08:25:52 PM   4690252   3484256     42.62       592    127196   4228912     51.73   3317004     83744
08:25:53 PM   2479304   5695204     69.67       592    127208   6438352     78.76   5523932     83748
08:25:54 PM    946060   7228448     88.43       592    127216   8516100    104.18   7048576     83744
08:25:55 PM   3642764   4531744     55.44       592    127220   5273588     64.51   4363492     83744
08:25:56 PM   1556508   6618000     80.96       600    127220   7351380     89.93   6444772     83744
08:25:57 PM   2461236   5713272     69.89       600    127228   6454168     78.95   5543008     83744
08:25:58 PM   3997892   4176616     51.09       600    127240   4914212     60.12   4005736     83744
08:25:59 PM   1578976   6595532     80.68       600    127260   7335016     89.73   6422440     83752
08:26:00 PM   2652312   5522196     67.55       600    127260   6254112     76.51   5349716     83752
08:26:01 PM    994664   7179844     87.83       876    127476   8108668     99.19   7002076     84052
08:26:02 PM   2385880   5788628     70.81       884    127468   6524428     79.81   5615048     84052
08:26:03 PM   4100404   4074104     49.84       884    127504   4813664     58.89   3901444     83888
08:26:04 PM   1989032   6185476     75.67       884    127512   6923360     84.69   6009888     83888
08:26:05 PM   3561272   4613236     56.43       888    127528   8522592    104.26   4432124     83892
08:26:06 PM   3004612   5169896     63.24       888    127528   5903680     72.22   4998752     83892
08:26:07 PM    934160   7240348     88.57       896    127536   7977496     97.59   7065376     83892
08:26:08 PM   2246940   5927568     72.51       896    127544   6657696     81.44   5753464     83900
08:26:09 PM   3248376   4926132     60.26       896    127556   5670308     69.37   4756140     83904
08:26:10 PM   3436756   4737752     57.96       896    127556   7612552     93.13   4562292     83904
08:26:11 PM   1855996   6318512     77.30       896    127572   7057084     86.33   6144952     83904
08:26:12 PM   4749816   3424692     41.89       904    127564   7481924     91.53   3248204     83904
08:26:13 PM   3055296   5119212     62.62       904    127584   5855992     71.64   4947520     83916
08:26:14 PM    629740   7544768     92.30       904    127592   8280784    101.30   7368364     83912
08:26:15 PM   4068840   4105668     50.23       904    127604   4846164     59.28   3936328     83916
08:26:16 PM   1642156   6532352     79.91       904    127604   7266940     88.90   6358428     83912
08:26:17 PM   2592180   5582328     68.29       912    127608   6315088     77.25   5408340     83916
08:26:18 PM   2339504   5835004     71.38       912    127624   8365008    102.33   5658244     83920
08:26:19 PM   4638296   3536212     43.26       912    127636   4271288     52.25   3366876     83924
08:26:20 PM   2627020   5547488     67.86       912    127640   6285316     76.89   5375072     83920
08:26:21 PM   1461448   6713060     82.12       912    127652   8522288    104.25   6534960     83924
08:26:22 PM   4317400   3857108     47.18       920    127656   4599132     56.26   3688472     83924
08:26:23 PM   2545320   5629188     68.86       920    127676   6365860     77.87   5457460     83936
08:26:24 PM    508044   7666464     93.79       920    127684   8519424    104.22   7487956     83928
08:26:25 PM   3810752   4363756     53.38       920    127692   5106784     62.47   4194184     83928
08:26:26 PM   1335840   6838668     83.66       920    127692   7575400     92.67   6665192     83928
08:26:27 PM   5223568   2950940     36.10       928    127704   6232988     76.25   2777732     83928
Average:      2703322   5471186     66.93       724    127333   6657191     81.44   5298321     83815
 
>>>>>>>>>>>>>>>>>>> iteration end >>>>>>>>>>>>>>>>>>>>>
 
 
Test run  3
<<<<<<<<<<<<<<<<<<< iteration start <<<<<<<<<<<<<<<<<<<<<<<
 
Linux 3.13.0-37-generic (perflab) 	10/07/2018 	_i686_	(8 CPU)

08:26:32 PM kbmemfree kbmemused  %memused kbbuffers  kbcached  kbcommit   %commit  kbactive   kbinact
08:26:33 PM   2230580   5943928     72.71       936    127664   6686720     81.80   5776420     83812
08:26:34 PM   3822688   4351820     53.24       936    127704   7884508     96.45   4180708     83824
08:26:35 PM   3917072   4257436     52.08       936    127712   7736932     94.65   4082452     83824
08:26:36 PM   1532244   6642264     81.26       936    127712   7376764     90.24   6470256     83824
08:26:37 PM   2518192   5656316     69.19       936    127728   6395804     78.24   5486884     83824
08:26:38 PM   2037756   6136752     75.07       944    127732   8521452    104.24   5958848     83832
08:26:39 PM   3632152   4542356     55.57       944    127732   5287856     64.69   4375212     83832
08:26:40 PM   1573100   6601408     80.76       944    127748   7337696     89.76   6429288     83832
08:26:41 PM   1816532   6357976     77.78       944    127756   8801336    107.67   6179528     83832
08:26:42 PM   3981936   4192572     51.29       944    127756   4935052     60.37   4025400     83832
08:26:43 PM   1269352   6905156     84.47       952    127768   7642984     93.50   6733168     83836
08:26:44 PM   2138840   6035668     73.84       952    127784   6778072     82.92   5865380     83840
08:26:45 PM   3208504   4966004     60.75       952    127796   5712488     69.88   4796812     83840
08:26:46 PM   1071928   7102580     86.89       952    127796   7842124     95.93   6930260     83840
08:26:47 PM   2285868   5888640     72.04       952    127812   6630084     81.11   5717444     83840
08:26:48 PM   3486772   4687736     57.35       960    127816   5428524     66.41   4519712     83844
08:26:49 PM    994720   7179788     87.83       960    127828   7913088     96.80   7006276     83848
08:26:50 PM   2310312   5864196     71.74       960    127840   6853920     83.85   5691516     83848
08:26:51 PM   2445772   5728736     70.08       960    127840   6463096     79.06   5558632     83848
08:26:52 PM   1414928   6759580     82.69       960    127852   8979656    109.85   6580720     83856
08:26:53 PM   3989708   4184800     51.19       968    127852   4927076     60.27   4015828     83852
08:26:54 PM   1702220   6472288     79.18       968    127868   7208256     88.18   6298944     83860
08:26:55 PM   2719140   5455368     66.74       968    127868   6194556     75.78   5284416     83860
08:26:56 PM   3339024   4835484     59.15       968    127884   7809784     95.54   4660852     83864
08:26:57 PM   1867388   6307120     77.16       968    127896   7040524     86.13   6134624     83864
08:26:58 PM   3113376   5061132     61.91       976    127888   5795664     70.90   4892628     83864
08:26:59 PM   3455900   4718608     57.72       976    127908   7714024     94.37   4544400     83868
08:27:00 PM   1795996   6378512     78.03       976    127916   7111880     87.00   6204656     83876
08:27:01 PM   1645800   6528708     79.87       976    127992   9046148    110.66   6351248     83936
08:27:02 PM   3874196   4300312     52.61       976    128004   5036744     61.62   4132536     83940
08:27:03 PM   1447036   6727472     82.30       984    128008   7465524     91.33   6554588     83940
08:27:04 PM   5137128   3037380     37.16       984    128020   3776448     46.20   2869412     83948
08:27:05 PM   3492080   4682428     57.28       984    128028   5423536     66.35   4513504     83944
08:27:06 PM   1828600   6345908     77.63       984    128040   7078600     86.59   6174232     83944
08:27:07 PM   2922412   5252096     64.25       984    128040   8519956    104.23   5074888     83944
08:27:08 PM   3696412   4478096     54.78       984    128056   5215468     63.80   4310800     83948
08:27:09 PM   1386060   6788448     83.04       992    128064   7516588     91.95   6614404     83948
08:27:10 PM   2328580   5845928     71.51       992    128076   6583484     80.54   5675332     83952
08:27:11 PM   3274476   4900032     59.94       992    128076   5632076     68.90   4729976     83952
08:27:12 PM   2289804   5884704     71.99       992    128092   7414800     90.71   5709192     83952
08:27:13 PM   2838924   5335584     65.27       992    128100   6080008     74.38   5167072     83952
08:27:14 PM   1160340   7014168     85.81      1000    128092   7747036     94.77   6840728     83952
08:27:15 PM   2872596   5301912     64.86      1000    128116   6034888     73.83   5129676     83956
08:27:16 PM   2964420   5210088     63.74      1000    128116   7426788     90.85   5034252     83956
08:27:17 PM   2487040   5687468     69.58      1000    128128   6427240     78.63   5515180     83956
08:27:18 PM   3261092   4913416     60.11      1000    128128   7835004     95.85   4736356     83956
08:27:19 PM   2391920   5782588     70.74      1008    128128   6519312     79.75   5611268     83956
08:27:20 PM   1253844   6920664     84.66      1008    128140   8373776    102.44   6744748     83964
08:27:21 PM   4126252   4048256     49.52      1008    128156   7036156     86.07   3875368     83968
08:27:22 PM   2533208   5641300     69.01      1008    128160   6377624     78.02   5470684     83964
08:27:23 PM    456580   7717928     94.41      1008    128172   8447440    103.34   7541148     83968
08:27:24 PM   4498200   3676308     44.97      1016    128172   4415032     54.01   3508820     83964
08:27:25 PM   2770984   5403524     66.10      1016    128184   6145912     75.18   5233600     83972
08:27:26 PM   1064980   7109528     86.97      1016    128196   7840812     95.92   6936464     83976
08:27:27 PM   5394744   2779764     34.01      1016    128204   3520476     43.07   2614696     83972
08:27:28 PM   2545468   5629040     68.86      1016    128212   6361796     77.82   5456180     83984
08:27:29 PM    825040   7349468     89.91      1024    128216   8519392    104.22   7170128     83984
08:27:30 PM   3311092   4863416     59.49      1024    128232   5599588     68.50   4692048     83988
08:27:31 PM    870204   7304304     89.35      1024    128244   8223780    100.60   7127492     84000
08:27:32 PM   1575264   6599244     80.73      1024    128244   7430256     90.90   6423556     84000
Average:      2536613   5637895     68.97       979    127972   6834693     83.61   5465681     83906
 
>>>>>>>>>>>>>>>>>>> iteration end >>>>>>>>>>>>>>>>>>>>>
 
 
Test run  4
<<<<<<<<<<<<<<<<<<< iteration start <<<<<<<<<<<<<<<<<<<<<<<
 
Linux 3.13.0-37-generic (perflab) 	10/07/2018 	_i686_	(8 CPU)

08:27:37 PM kbmemfree kbmemused  %memused kbbuffers  kbcached  kbcommit   %commit  kbactive   kbinact
08:27:38 PM   1891444   6283064     76.86      1032    128192   7027048     85.96   6114452     83924
08:27:39 PM    605816   7568692     92.59      1032    128208   8307884    101.63   7393640     83940
08:27:40 PM   2080208   6094300     74.55      1032    128236   6832764     83.59   5923480     83940
08:27:41 PM   3226928   4947580     60.52      1032    128236   5692360     69.64   4778624     83944
08:27:42 PM   3578192   4596316     56.23      1032    128240   7578684     92.71   4422624     83944
08:27:43 PM   1848832   6325676     77.38      1040    128252   7058672     86.35   6154624     83944
08:27:44 PM   5507072   2667436     32.63      1040    128264   5500156     67.28   2497796     83948
08:27:45 PM   3116380   5058128     61.88      1040    128272   5797800     70.93   4888384     83952
08:27:46 PM   1349396   6825112     83.49      1040    128284   7564572     92.54   6651292     83952
08:27:47 PM   5336452   2838056     34.72      1040    128292   3574148     43.72   2668680     83952
08:27:48 PM   3617192   4557316     55.75      1048    128300   5293020     64.75   4388200     83952
08:27:49 PM   1827520   6346988     77.64      1048    128312   7087708     86.71   6174468     83956
08:27:50 PM   5139468   3035040     37.13      1052    128316   5958056     72.89   2862480     83952
08:27:51 PM   2887460   5287048     64.68      1052    128328   6022280     73.67   5116532     83952
08:27:52 PM    879980   7294528     89.24      1052    128340   8028288     98.21   7120128     83956
08:27:53 PM   2510004   5664504     69.29      1060    128336   6404276     78.34   5493416     83956
08:27:54 PM   4115192   4059316     49.66      1060    128344   4801684     58.74   3891392     83964
08:27:55 PM   2364824   5809684     71.07      1060    128352   6548516     80.11   5640032     83964
08:27:56 PM    611796   7562712     92.52      1060    128352   8371076    102.40   7387744     83964
08:27:57 PM   1610112   6564396     80.30      1060    128372   7302028     89.33   6391648     83968
08:27:58 PM   3253392   4921116     60.20      1068    128372   5655600     69.19   4752192     83968
08:27:59 PM   1530692   6643816     81.27      1068    128392   7378504     90.26   6471232     83976
08:28:00 PM   2720240   5454268     66.72      1068    128392   6194156     75.77   5283828     83976
08:28:01 PM   2997828   5176680     63.33      1068    128508   8128380     99.44   5002184     84028
08:28:02 PM   1446032   6728476     82.31      1068    128508   7463184     91.30   6556424     84076
08:28:03 PM   2581032   5593476     68.43      1076    128504   6328124     77.41   5422404     84068
08:28:04 PM   3809628   4364880     53.40      1076    128508   5106004     62.46   4195732     84068
08:28:05 PM   1516360   6658148     81.45      1076    128532   7387140     90.37   6483532     84076
08:28:06 PM   2701044   5473464     66.96      1076    128540   6210768     75.98   5301956     84080
08:28:07 PM    435108   7739400     94.68      1076    128540   8471964    103.64   7563308     84080
08:28:08 PM   4019332   4155176     50.83      1076    128556   4897676     59.91   3988344     84080
08:28:09 PM   2010856   6163652     75.40      1084    128568   6899732     84.41   5991764     84088
08:28:10 PM   2352364   5822144     71.22      1084    128568   8518860    104.21   5644612     84088
08:28:11 PM   3771580   4402928     53.86      1084    128584   5145268     62.94   4236024     84088
08:28:12 PM   1855668   6318840     77.30      1084    128596   7055608     86.31   6147012     84088
08:28:13 PM   6007548   2166960     26.51      1084    128596   2909820     35.60   2002980     84088
08:28:14 PM   2716548   5457960     66.77      1092    128616   6200568     75.85   5288056     84100
08:28:15 PM    437940   7736568     94.64      1092    128616   8473772    103.66   7561324     84100
08:28:16 PM   4309972   3864536     47.28      1092    128632   4605232     56.34   3696556     84100
08:28:17 PM   2533380   5641128     69.01      1092    128644   6375948     78.00   5470684     84100
08:28:18 PM    764044   7410464     90.65      1092    128644   8142720     99.61   7236920     84100
08:28:19 PM   4871660   3302848     40.40      1100    128640   4041944     49.45   3135720     84100
08:28:20 PM   2817752   5356756     65.53      1100    128652   6095852     74.57   5186640     84108
08:28:21 PM    894244   7280264     89.06      1100    128656   8014124     98.04   7106856     84108
08:28:22 PM   5149916   3024592     37.00      1100    128668   3762756     46.03   2859004     84112
08:28:23 PM   3183928   4990580     61.05      1100    128668   5727140     70.06   4821336     84112
08:28:24 PM   1172372   7002136     85.66      1108    128664   7733192     94.60   6828296     84112
08:28:25 PM   4649824   3524684     43.12      1108    128688   4261504     52.13   3356836     84124
08:28:26 PM   2234460   5940048     72.67      1108    128696   6678284     81.70   5767980     84124
08:28:27 PM   3133152   5041356     61.67      1108    128708   5781028     70.72   4872092     84124
08:28:28 PM   1090532   7083976     86.66      1108    128716   8145956     99.65   6908416     84120
08:28:29 PM   4201636   3972872     48.60      1116    128716   6840532     83.68   3797256     84120
08:28:30 PM   2703916   5470592     66.92      1116    128736   6206528     75.93   5297508     84132
08:28:31 PM    916964   7257544     88.78      1116    128744   8519656    104.22   7078436     84128
08:28:32 PM   3770700   4403808     53.87      1116    128748   5142644     62.91   4233956     84128
08:28:33 PM   1307052   6867456     84.01      1116    128756   7603284     93.01   6693924     84128
08:28:34 PM   2143140   6031368     73.78      1124    128760   6765848     82.77   5859296     84132
08:28:35 PM   3162132   5012376     61.32      1124    128772   5751744     70.36   4840460     84132
08:28:36 PM   2507368   5667140     69.33      1124    128788   7681980     93.97   5490632     84140
08:28:37 PM   2415680   5758828     70.45      1124    128788   6561440     80.27   5583376     84136
Average:      2670021   5504487     67.34      1078    128513   6493591     79.44   5332912     84046
 
>>>>>>>>>>>>>>>>>>> iteration end >>>>>>>>>>>>>>>>>>>>>
 
 
Test run  5
<<<<<<<<<<<<<<<<<<< iteration start <<<<<<<<<<<<<<<<<<<<<<<
 
Linux 3.13.0-37-generic (perflab) 	10/07/2018 	_i686_	(8 CPU)

08:28:42 PM kbmemfree kbmemused  %memused kbbuffers  kbcached  kbcommit   %commit  kbactive   kbinact
08:28:43 PM   2113072   6061436     74.15      1132    128692   6807320     83.27   5893664     84028
08:28:44 PM    508512   7665996     93.78      1132    128728   8410128    102.88   7494264     84028
08:28:45 PM   3850368   4324140     52.90      1132    128736   5067344     61.99   4156960     84048
08:28:46 PM   1517488   6657020     81.44      1132    128736   7396440     90.48   6484596     84048
08:28:47 PM   2442664   5731844     70.12      1132    128756   6471268     79.16   5559532     84052
08:28:48 PM   3394644   4779864     58.47      1140    128756   5520824     67.54   4612396     84060
08:28:49 PM   1085348   7089160     86.72      1140    128776   7825976     95.74   6917516     84056
08:28:50 PM   4622972   3551536     43.45      1140    128784   4286168     52.43   3384640     84056
08:28:51 PM   2617104   5557404     67.98      1140    128784   6296208     77.02   5388840     84056
08:28:52 PM    877932   7296576     89.26      1148    128788   8031032     98.24   7123568     84056
08:28:53 PM   5136212   3038296     37.17      1156    128780   3783972     46.29   2875152     84056
08:28:54 PM   2302204   5872304     71.84      1156    128816   6612800     80.90   5702900     84056
08:28:55 PM   1913104   6261404     76.60      1156    128816   8479228    103.73   6086320     84056
08:28:56 PM   3478592   4695916     57.45      1156    128836   7159288     87.58   4522368     84056
08:28:57 PM   2597056   5577452     68.23      1156    128840   6321896     77.34   5408024     84056
08:28:58 PM   3817924   4356584     53.29      1164    128844   5098616     62.37   4188740     84056
08:28:59 PM   1499740   6674768     81.65      1164    128856   7411684     90.67   6501916     84060
08:29:00 PM   4998700   3175808     38.85      1164    128860   3916724     47.91   3007976     84060
08:29:01 PM   2684560   5489948     67.16      1164    128920   6229808     76.21   5318972     84120
08:29:02 PM   3658868   4515640     55.24      1164    128928   5256824     64.31   4345716     84120
08:29:03 PM   1352620   6821888     83.45      1172    128920   7557944     92.46   6649008     84120
08:29:04 PM   4757640   3416868     41.80      1172    128948   4162500     50.92   3248624     84120
08:29:05 PM   2463536   5710972     69.86      1172    128960   6447668     78.88   5538072     84124
08:29:06 PM    832292   7342216     89.82      1172    128968   8074816     98.78   7167072     84124
08:29:07 PM   1773428   6401080     78.31      1172    128972   7137724     87.32   6225980     84128
08:29:08 PM   2402024   5772484     70.62      1180    128984   6515088     79.70   5601148     84128
08:29:09 PM   2780584   5393924     65.98      1180    129000   6132240     75.02   5223900     84124
08:29:10 PM   3624616   4549892     55.66      1180    129012   5289416     64.71   4381024     84124
08:29:11 PM   1359768   6814740     83.37      1180    129012   7550612     92.37   6640788     84124
08:29:12 PM   2193240   5981268     73.17      1180    129016   6713132     82.12   5808292     84124
08:29:13 PM   2611736   5562772     68.05      1180    129024   6298468     77.05   5390868     84128
08:29:14 PM   3017056   5157452     63.09      1188    129024   5895724     72.12   4988020     84144
08:29:15 PM   3535756   4638752     56.75      1188    129040   5377364     65.78   4469296     84144
08:29:16 PM   1290640   6883868     84.21      1188    129040   7618664     93.20   6709856     84144
08:29:17 PM   2975528   5198980     63.60      1188    129048   5939748     72.66   5028816     84144
08:29:18 PM    868236   7306272     89.38      1188    129064   8041512     98.37   7130028     84140
08:29:19 PM   2451484   5723024     70.01      1196    129068   6460060     79.03   5550984     84140
08:29:20 PM   3818476   4356032     53.29      1196    129068   5101952     62.41   4186664     84140
08:29:21 PM   1636420   6538088     79.98      1196    129084   7271424     88.95   6366072     84144
08:29:22 PM   2136532   6037976     73.86      1196    129084   6774984     82.88   5866064     84144
08:29:23 PM   2523680   5650828     69.13      1196    129104   6389904     78.17   5480684     84144
08:29:24 PM   3816308   4358200     53.31      1204    129112   5095868     62.34   4188276     84140
08:29:25 PM   1864340   6310168     77.19      1204    129112   7038024     86.10   6136576     84140
08:29:26 PM   3452860   4721648     57.76      1204    129124   5457448     66.76   4551452     84144
08:29:27 PM   1851572   6322936     77.35      1204    129132   7060712     86.37   6150824     84148
08:29:28 PM   3116328   5058180     61.88      1204    129144   5796304     70.91   4888608     84152
08:29:29 PM   4117004   4057504     49.64      1212    129144   4803040     58.76   3891932     84164
08:29:30 PM   1727704   6446804     78.86      1212    129160   7187952     87.93   6275748     84168
08:29:31 PM   4891136   3283372     40.17      1212    129172   4025468     49.24   3115932     84176
08:29:32 PM   2569704   5604804     68.56      1212    129180   6338552     77.54   5433304     84180
08:29:33 PM    764556   7409952     90.65      1212    129188   8524036    104.28   7232008     84184
08:29:34 PM   3594992   4579516     56.02      1220    129188   5315424     65.02   4410208     84184
08:29:35 PM    878716   7295792     89.25      1220    129204   8031340     98.25   7121612     84188
08:29:36 PM   4081200   4093308     50.07      1220    129216   4841028     59.22   3926536     84188
08:29:37 PM   2213056   5961452     72.93      1220    129224   6695448     81.91   5788464     84192
08:29:38 PM    514052   7660456     93.71      1220    129232   8518052    104.20   7482764     84192
08:29:39 PM   3603800   4570708     55.91      1228    129224   5308796     64.94   4402212     84192
08:29:40 PM   1348680   6825828     83.50      1228    129248   7566100     92.56   6654188     84196
08:29:41 PM   2437220   5737288     70.19      1228    129256   6477544     79.24   5567744     84212
08:29:42 PM   1167752   7006756     85.71      1228    129256   8523476    104.27   6828728     84212
Average:      2558889   5615619     68.70      1182    129000   6428985     78.65   5444541     84122
 
>>>>>>>>>>>>>>>>>>> iteration end >>>>>>>>>>>>>>>>>>>>>
 
 
***************** N END *****************
 
 
Value of N is  4
**************** N START ******************
 
 
Test run  1
<<<<<<<<<<<<<<<<<<< iteration start <<<<<<<<<<<<<<<<<<<<<<<
 
Linux 3.13.0-37-generic (perflab) 	10/07/2018 	_i686_	(8 CPU)

08:29:47 PM kbmemfree kbmemused  %memused kbbuffers  kbcached  kbcommit   %commit  kbactive   kbinact
08:29:48 PM   1032476   7142032     87.37      1236    129496   8717324    106.64   6965020     84348
08:29:49 PM   3837708   4336800     53.05      1236    129516   7909168     96.75   4163808     84348
08:29:50 PM   4311828   3862680     47.25      1236    129524   7363480     90.08   3687020     84344
08:29:51 PM    897536   7276972     89.02      1236    129528   8169540     99.94   7105756     84344
08:29:52 PM   1516048   6658460     81.45      1236    129540   7549396     92.35   6487912     84348
08:29:53 PM   3298052   4876456     59.65      1244    129548   5773032     70.62   4708372     84352
08:29:54 PM   4477292   3697216     45.23      1244    129556   4596056     56.22   3532964     84352
08:29:55 PM   5307904   2866604     35.07      1244    129568   4898672     59.93   2697308     84356
08:29:56 PM   1835004   6339504     77.55      1244    129556   8752128    107.07   6158776     84340
08:29:57 PM   1131772   7042736     86.15      1244    129564   7934892     97.07   6872644     84340
08:29:58 PM   3709608   4464900     54.62      1252    129568   5361328     65.59   4299288     84344
08:29:59 PM   5341352   2833156     34.66      1252    129580   4681896     57.27   2666408     84348
08:30:00 PM    438868   7735640     94.63      1252    129588   8685628    106.25   7561160     84352
08:30:01 PM    396468   7778040     95.15      1252    129668   8682860    106.22   7604720     84420
08:30:02 PM   2983708   5190800     63.50      1252    129680   6086476     74.46   5023476     84416
08:30:03 PM   5890520   2283988     27.94      1260    129676   3185276     38.97   2120944     84416
08:30:04 PM    537668   7636840     93.42      1260    129696   8524028    104.28   7464236     84428
08:30:05 PM   3223776   4950732     60.56      1260    129704   5841280     71.46   4784296     84416
08:30:06 PM   2071444   6103064     74.66      1260    129712   6998432     85.61   5933636     84416
08:30:07 PM   4096364   4078144     49.89      1260    129724   4975192     60.86   3913180     84420
08:30:08 PM   6208936   1965572     24.05      1260    129728   4988736     61.03   1795384     84416
08:30:09 PM   1408664   6765844     82.77      1268    129736   7664944     93.77   6596648     84424
08:30:10 PM   1642008   6532500     79.91      1396    129780   7427988     90.87   6362388     84568
08:30:11 PM   2222984   5951524     72.81      1396    129788   7654616     93.64   5779760     84564
08:30:12 PM   4224336   3950172     48.32      1396    129796   8071448     98.74   3779048     84540
08:30:13 PM   1315204   6859304     83.91      1396    129660   9560724    116.96   6689012     84580
08:30:14 PM   2103812   6070696     74.26      1404    129668   8775216    107.35   5902980     84576
08:30:15 PM   1778100   6396408     78.25      1404    129668   9060528    110.84   6225856     84584
08:30:16 PM   1188396   6986112     85.46      1404    129680   9643880    117.98   6816060     84588
08:30:17 PM   2648720   5525788     67.60      1404    129688   8129212     99.45   5357708     84584
08:30:18 PM   3712668   4461840     54.58      1404    120512   6686072     81.79   4296576     81828
08:30:19 PM    892540   7281968     89.08      1412    120336   9495600    116.16   7113852     81528
08:30:20 PM   1681372   6493136     79.43      1412    120344   8679168    106.17   6326648     81524
08:30:21 PM   2269784   5904724     72.23      1412    120352   8032492     98.26   5739552     81524
08:30:22 PM   2817728   5356780     65.53      1412    112204   7468640     91.37   5196308     77616
08:30:23 PM   3362372   4812136     58.87      1412    112180   6906720     84.49   4651608     77444
08:30:24 PM   3227372   4947136     60.52      1420    104024   6785792     83.01   4792396     73780
08:30:25 PM   2112960   6061548     74.15      1964    104052   9596304    117.39   5893768     73760
08:30:26 PM    912436   7262072     88.84      1964    104284   9012740    110.25   7102888     73876
08:30:27 PM   2291464   5883044     71.97      1964    104292   7612436     93.12   5724304     73880
08:30:28 PM   2149812   6024696     73.70      1964    104300   7722268     94.47   5867060     73872
08:30:29 PM   2225040   5949468     72.78      1972     97844   7585788     92.80   5795412     70684
08:30:30 PM   1658272   6516236     79.71      1972     97488   8075840     98.79   6360932     70604
08:30:31 PM   1648528   6525980     79.83      1972     93076   7823432     95.71   6373320     68548
08:30:32 PM   1549672   6624836     81.04      1972     93220   8553764    104.64   6472024     68464
08:30:33 PM   1477824   6696684     81.92      1972     93172  10095136    123.50   6536680     68444
08:30:34 PM   1827344   6347164     77.65      1980     93172   8692860    106.34   6195312     68440
08:30:35 PM    633228   7541280     92.25      1980     93168   9629092    117.79   7386676     68448
08:30:36 PM   1690428   6484080     79.32      1980     93180   8171440     99.96   6332492     68452
08:30:37 PM   2904044   5270464     64.47      1980     93188   6329356     77.43   5121392     68452
08:30:38 PM   5330260   2844248     34.79      1980     93176   7094108     86.78   2686648     68452
08:30:39 PM   1458768   6715740     82.15      1988     93176   7647944     93.56   6562932     68448
08:30:40 PM   3712220   4462288     54.59      1988     93192   5395320     66.00   4311972     68452
08:30:41 PM   5666336   2508172     30.68      1988     93204   3440540     42.09   2361628     68452
08:30:42 PM   4348648   3825860     46.80      1988     93140   6949304     85.01   3666656     68388
08:30:43 PM   1846144   6328364     77.42      1988     93148   7255644     88.76   6176168     68388
08:30:44 PM   4201772   3972736     48.60      1988     93160   4904896     60.00   3823688     68388
08:30:45 PM   4223968   3950540     48.33      1996     93168   4886160     59.77   3802060     68400
08:30:46 PM   6006128   2168380     26.53      1996     93168   4269860     52.23   2019276     68396
08:30:47 PM   3229740   4944768     60.49      1996     93172   7583692     92.77   4783160     68396
Average:      2702424   5472084     66.94      1568    114921   7300763     89.31   5308819     78137
 
>>>>>>>>>>>>>>>>>>> iteration end >>>>>>>>>>>>>>>>>>>>>
 
 
Test run  2
<<<<<<<<<<<<<<<<<<< iteration start <<<<<<<<<<<<<<<<<<<<<<<
 
Linux 3.13.0-37-generic (perflab) 	10/07/2018 	_i686_	(8 CPU)

08:30:52 PM kbmemfree kbmemused  %memused kbbuffers  kbcached  kbcommit   %commit  kbactive   kbinact
08:30:53 PM    943252   7231256     88.46      2004     93004   8152824     99.73   7076120     68292
08:30:54 PM   1932272   6242236     76.36      2004     93244   7166604     87.67   6088684     68400
08:30:55 PM   4275500   3899008     47.70      2004     93252   4832300     59.11   3750352     68396
08:30:56 PM   5068232   3106276     38.00      2004     93260   4042056     49.45   2959960     68396
08:30:57 PM   1506332   6668176     81.57      2004     93272   7595648     92.92   6516184     68400
08:30:58 PM   4484068   3690440     45.15      2012     93280   4620220     56.52   3542700     68404
08:30:59 PM   6489836   1684672     20.61      2012     93288   4727536     57.83   1531276     68404
08:31:00 PM    796044   7378464     90.26      2012     93300   8303004    101.57   7224716     68408
08:31:01 PM   2952528   5221980     63.88      2012     93376   6158744     75.34   5071448     68464
08:31:02 PM   2584120   5590388     68.39      2012     93388   6516480     79.72   5439440     68468
08:31:03 PM   4342816   3831692     46.87      2020     93388   4760068     58.23   3683876     68464
08:31:04 PM   6327928   1846580     22.59      2020     93404   4284928     52.42   1699172     68472
08:31:05 PM    965552   7208956     88.19      2020     93416   8130368     99.46   7054724     68476
08:31:06 PM   3017484   5157024     63.09      2020     93424   6083700     74.42   5006160     68472
08:31:07 PM   5043044   3131464     38.31      2020     93440   4061424     49.68   2984620     68480
08:31:08 PM   4318076   3856432     47.18      2020     93448   8017108     98.07   3695632     68476
08:31:09 PM   1568316   6606192     80.81      2028     93452   7535468     92.18   6453508     68480
08:31:10 PM   2305156   5869352     71.80      2028     93464   6800820     83.20   5717064     68484
08:31:11 PM   3167792   5006716     61.25      2028     93472   5937668     72.64   4855968     68480
08:31:12 PM   5752368   2422140     29.63      2028     93480   3354716     41.04   2276264     68480
08:31:13 PM   1921188   6253320     76.50      2028     93492   8678024    106.16   6089628     68484
08:31:14 PM   2052040   6122468     74.90      2036     93500   7044980     86.18   5971440     68488
08:31:15 PM   2870316   5304192     64.89      2036     93512   6238236     76.31   5155096     68492
08:31:16 PM   5405000   2769508     33.88      2036     93520   3701496     45.28   2623996     68492
08:31:17 PM   1177408   6997100     85.60      2036     93520   8739504    106.91   6835028     68488
08:31:18 PM   2416104   5758404     70.44      2036     93528   6689660     81.84   5607080     68488
08:31:19 PM   4775004   3399504     41.59      2044     93532   4336464     53.05   3251536     68492
08:31:20 PM   5635420   2539088     31.06      2044     93548   3479004     42.56   2391524     68496
08:31:21 PM   2133756   6040752     73.90      2044     93560   8756892    107.12   5878576     68500
08:31:22 PM   1496088   6678420     81.70      2044     93568   8703272    106.47   6515076     68496
08:31:23 PM   1102076   7072432     86.52      2044     93580   7992340     97.77   6918744     68500
08:31:24 PM   1775520   6398988     78.28      2052     93580   7318192     89.52   6246216     68496
08:31:25 PM   1866536   6307972     77.17      2052     93596   7238320     88.55   6155280     68504
08:31:26 PM   1391988   6782520     82.97      2052     93608   7708888     94.30   6629868     68508
08:31:27 PM   2931180   5243328     64.14      2052     93616   9209928    112.67   5081368     68504
08:31:28 PM   1363964   6810544     83.31      2052     93628   7739472     94.68   6657108     68508
08:31:29 PM   1471472   6703036     82.00      2060     93628   7635116     93.40   6550288     68504
08:31:30 PM   4364232   3810276     46.61      2060     93644   6707052     82.05   3660544     68512
08:31:31 PM   4744928   3429580     41.95      2060     93656   5969492     73.03   3275868     68516
08:31:32 PM   4351248   3823260     46.77      2060     93580   6999144     85.62   3663192     68432
08:31:33 PM   1913532   6260976     76.59      2060     93592   7189172     87.95   6108340     68436
08:31:34 PM   4657480   3517028     43.02      2068     93592   4449040     54.43   3368584     68432
08:31:35 PM   3915800   4258708     52.10      2068     93608   5186560     63.45   4109064     68440
08:31:36 PM   4279632   3894876     47.65      2068     93620   4820532     58.97   3746452     68444
08:31:37 PM   6104612   2069896     25.32      2068     93628   3840776     46.98   1921180     68440
08:31:38 PM    741236   7433272     90.93      2068     93640   8360736    102.28   7279944     68444
08:31:39 PM   1215908   6958600     85.13      2076     93640   7886172     96.47   6805152     68440
08:31:40 PM   3679592   4494916     54.99      2076     93652   5424644     66.36   4346380     68448
08:31:41 PM   4923528   3250980     39.77      2076     93664   5320376     65.08   3100140     68452
08:31:42 PM   4084776   4089732     50.03      2076     93672   7076160     86.56   3931220     68448
08:31:43 PM   1022592   7151916     87.49      2076     93680   8073832     98.77   6999064     68452
08:31:44 PM   3816236   4358272     53.32      2076     93688   5291464     64.73   4210124     68448
08:31:45 PM   4824184   3350324     40.99      2084     93700   5312804     64.99   3200244     68460
08:31:46 PM    826488   7348020     89.89      2084     93704   9516676    116.42   7190972     68460
08:31:47 PM   2281392   5893116     72.09      2084     93716   6818048     83.41   5740648     68460
08:31:48 PM   4688280   3486228     42.65      2084     93728   4416968     54.03   3338292     68460
08:31:49 PM   4695460   3479048     42.56      2084     93736   7414176     90.70   3319600     68464
08:31:50 PM    977208   7197300     88.05      2092     93736   8121608     99.35   7043336     68464
08:31:51 PM   2028976   6145532     75.18      2092     93748   7081336     86.63   5993432     68468
08:31:52 PM   4454700   3719808     45.50      2092     93756   5006480     61.25   3563680     68464
Average:      3136963   5037545     61.63      2047     93532   6476245     79.22   4885020     68462
 
>>>>>>>>>>>>>>>>>>> iteration end >>>>>>>>>>>>>>>>>>>>>
 
 
Test run  3
<<<<<<<<<<<<<<<<<<< iteration start <<<<<<<<<<<<<<<<<<<<<<<
 
Linux 3.13.0-37-generic (perflab) 	10/07/2018 	_i686_	(8 CPU)

08:31:57 PM kbmemfree kbmemused  %memused kbbuffers  kbcached  kbcommit   %commit  kbactive   kbinact
08:31:58 PM    885372   7289136     89.17      2100     93572   8706092    106.50   7126352     68384
08:31:59 PM   2223652   5950856     72.80      2100     93824   8557852    104.69   5793248     68484
08:32:00 PM   6781192   1393316     17.04      2100     93836   2326588     28.46   1247296     68488
08:32:01 PM   1039044   7135464     87.29      2104     93908   8060192     98.60   6980684     68552
08:32:02 PM   1101556   7072952     86.52      2104     93932   7994852     97.80   6916644     68376
08:32:03 PM   4397044   3777464     46.21      2112     93940   5836856     71.40   3622104     68380
08:32:04 PM    915184   7259324     88.80      2112     93948   8185336    100.13   7102824     68376
08:32:05 PM   1383876   6790632     83.07      2112     93960   8662980    105.98   6636600     68380
08:32:06 PM   3487140   4687368     57.34      2112     93964   6541748     80.03   4538064     68376
08:32:07 PM    588104   7586404     92.81      2112     93976   9426056    115.31   7430000     68380
08:32:08 PM   2281620   5892888     72.09      2120     93976   7706724     94.28   5741132     68376
08:32:09 PM   3638056   4536452     55.50      2120     93996   6320776     77.32   4386084     68392
08:32:10 PM    598504   7576004     92.68      2120     94004   9525892    116.53   7417192     68392
08:32:11 PM    664828   7509680     91.87      2120     94008   9266204    113.35   7352404     68388
08:32:12 PM   3008864   5165644     63.19      2120     94016   6871060     84.05   5014412     68388
08:32:13 PM    933148   7241360     88.58      2120     94028   9530092    116.58   7084124     68392
08:32:14 PM    720040   7454468     91.19      2128     94036   9436392    115.44   7294384     68396
08:32:15 PM   2404628   5769880     70.58      2128     94044   7416332     90.73   5616552     68396
08:32:16 PM   1643976   6530532     79.89      2128     94048   8173716     99.99   6377132     68396
08:32:17 PM   1894508   6280000     76.82      2128     94060   7902780     96.68   6126100     68396
08:32:18 PM   3025644   5148864     62.99      2128     94068   6740308     82.46   4996532     68400
08:32:19 PM    565596   7608912     93.08      2136     94052   9366096    114.58   7451012     68396
08:32:20 PM   1880140   6294368     77.00      2136     94060   7863352     96.19   6141636     68396
08:32:21 PM   3416372   4758136     58.21      2136     94068   6258536     76.56   4608296     68408
08:32:22 PM    852412   7322096     89.57      2136     94076   9205672    112.61   7161704     68404
08:32:23 PM   1344288   6830220     83.56      2136     94088   8086604     98.92   6674064     68408
08:32:24 PM   2856748   5317760     65.05      2144     94088   6488248     79.37   5167212     68404
08:32:25 PM   1560800   6613708     80.91      2144     94104   7735964     94.64   6461468     68412
08:32:26 PM   2812668   5361840     65.59      2144     94116   6453636     78.95   5211756     68416
08:32:27 PM   3182756   4991752     61.06      2144     94124   6909400     84.52   4839992     68416
08:32:28 PM   1357608   6816900     83.39      2144     94136   8641600    105.71   6657700     68416
08:32:29 PM    738660   7435848     90.96      2152     94140   8811540    107.79   7276244     68420
08:32:30 PM    585576   7588932     92.84      2152     94152   8609284    105.32   7435172     68424
08:32:31 PM    912904   7261604     88.83      2152     94156   8778516    107.39   7101276     68420
08:32:32 PM   1767048   6407460     78.38      2152     94168   8760836    107.17   6247076     68424
08:32:33 PM   1905884   6268624     76.69      2152     94172   8774392    107.34   6105808     68420
08:32:34 PM   5112364   3062144     37.46      2160     94176   6940188     84.90   2908232     68428
08:32:35 PM    959328   7215180     88.26      2160     94192   8135632     99.52   7059824     68428
08:32:36 PM   1480500   6694008     81.89      2160     94204   7621168     93.23   6537632     68432
08:32:37 PM   4209980   3964528     48.50      2160     94212   4891884     59.84   3815236     68428
08:32:38 PM   2103528   6070980     74.27      2160     94220   8709304    106.54   5909168     68432
08:32:39 PM    933512   7240996     88.58      2160     94228   8169700     99.94   7086724     68428
08:32:40 PM    425804   7748704     94.79      2168     94232   8671176    106.08   7591300     68436
08:32:41 PM   1083636   7090872     86.74      2168     94240   8018524     98.09   6934600     68436
08:32:42 PM   2632192   5542316     67.80      2168     94252   6464064     79.08   5387572     68440
08:32:43 PM   1486556   6687952     81.81      2168     94260   7612772     93.13   6533064     68436
08:32:44 PM   3093620   5080888     62.16      2168     94268   6007724     73.49   4927792     68436
08:32:45 PM   4787124   3387384     41.44      2168     94280   5720152     69.98   3231532     68440
08:32:46 PM   1045456   7129052     87.21      2176     94288   8052016     98.50   6971368     68444
08:32:47 PM    995476   7179032     87.82      2176     94300   8097792     99.06   7021004     68444
08:32:48 PM   2426316   5748192     70.32      2176     94300   6673880     81.64   5594676     68444
08:32:49 PM   3372184   4802324     58.75      2176     94308   5723232     70.01   4647944     68444
08:32:50 PM   1787876   6386632     78.13      2176     94316   8616336    105.40   6225032     68444
08:32:51 PM   1231244   6943264     84.94      2184     94328   8750808    107.05   6784284     68456
08:32:52 PM   1099888   7074620     86.54      2184     94336   7995592     97.81   6917784     68452
08:32:53 PM   1432456   6742052     82.48      2184     94344   7658972     93.69   6585384     68452
08:32:54 PM    806108   7368400     90.14      2184     94356   8297052    101.50   7212340     68456
08:32:55 PM   2930180   5244328     64.15      2184     94364   8654940    105.88   5079624     68452
08:32:56 PM   1297404   6877104     84.13      2192     94368   7795864     95.37   6721868     68456
08:32:57 PM   2700116   5474392     66.97      2192     94384   7429332     90.88   5313140     68460
Average:      1979805   6194703     75.78      2146     94127   7744010     94.73   6038957     68421
 
>>>>>>>>>>>>>>>>>>> iteration end >>>>>>>>>>>>>>>>>>>>>
 
 
Test run  4
<<<<<<<<<<<<<<<<<<< iteration start <<<<<<<<<<<<<<<<<<<<<<<
 
Linux 3.13.0-37-generic (perflab) 	10/07/2018 	_i686_	(8 CPU)

08:33:02 PM kbmemfree kbmemused  %memused kbbuffers  kbcached  kbcommit   %commit  kbactive   kbinact
08:33:03 PM    513116   7661392     93.72      2204     94104   8583180    105.00   7506596     68296
08:33:04 PM   1811200   6363308     77.84      2204     94360   7715972     94.39   6206092     68400
08:33:05 PM   2054736   6119772     74.86      2204     94372   7669896     93.83   5966908     68400
08:33:06 PM   2455864   5718644     69.96      2204     94380   8060576     98.61   5563768     68396
08:33:07 PM   5485368   2689140     32.90      2204     94388   3622976     44.32   2543596     68396
08:33:08 PM   4396756   3777752     46.21      2212     94396   7242712     88.60   3620492     68404
08:33:09 PM    937700   7236808     88.53      2212     94408   8712196    106.58   7074104     68408
08:33:10 PM   2069644   6104864     74.68      2212     94420   7023360     85.92   5952876     68408
08:33:11 PM   3142520   5031988     61.56      2212     94428   8199284    100.30   4873392     68408
08:33:12 PM   2293360   5881148     71.94      2212     94440   6810756     83.32   5730404     68408
08:33:13 PM   5589652   2584856     31.62      2220     94448   3518428     43.04   2440164     68412
08:33:14 PM   3769632   4404876     53.89      2220     94460   7978012     97.60   4246176     68416
08:33:15 PM   1031536   7142972     87.38      2220     94452   8070300     98.73   6989472     68396
08:33:16 PM   2632004   5542504     67.80      2220     94460   6469732     79.15   5392124     68396
08:33:17 PM   3825480   4349028     53.20      2228     94464   5281228     64.61   4199972     68400
08:33:18 PM   5536144   2638364     32.28      2236     94488   5077908     62.12   2488908     68404
08:33:19 PM   1889244   6285264     76.89      2236     94500   8711768    106.57   6123424     68404
08:33:20 PM   1488964   6685544     81.79      2236     94508   7607024     93.06   6530504     68400
08:33:21 PM   3476188   4698320     57.48      2236     94520   5626452     68.83   4549348     68404
08:33:22 PM   3733004   4441504     54.33      2236     94524   5370872     65.70   4291984     68404
08:33:23 PM   5000196   3174312     38.83      2244     94532   6158236     75.33   3022536     68408
08:33:24 PM   2723092   5451416     66.69      2244     94532   9098036    111.30   5292484     68408
08:33:25 PM   2403532   5770976     70.60      2244     94544   9429616    115.35   5610620     68412
08:33:26 PM   2913968   5260540     64.35      2244     94548   6900900     84.42   5109568     68408
08:33:27 PM   5874060   2300448     28.14      2244     94556   4595120     56.21   2155860     68408
08:33:28 PM   1802048   6372460     77.96      2252     94568   7938424     97.11   6220072     68420
08:33:29 PM   3341832   4832676     59.12      2252     94576   6381940     78.07   4684264     68416
08:33:30 PM   4321496   3853012     47.13      2252     94588   5386132     65.89   3705060     68420
08:33:31 PM   1713488   6461020     79.04      2252     94596   9290584    113.65   6299500     68416
08:33:32 PM   2547848   5626660     68.83      2252     94600   7128128     87.20   5473588     68416
08:33:33 PM   2780500   5394008     65.99      2260     94612   6885412     84.23   5243644     68428
08:33:34 PM   3677892   4496616     55.01      2260     94620   5996504     73.36   4346872     68424
08:33:35 PM   4449956   3724552     45.56      2260     94632   5216656     63.82   3577396     68428
08:33:36 PM    427484   7747024     94.77      2260     94640   9238064    113.01   7593052     68424
08:33:37 PM   2684808   5489700     67.16      2260     94644   6951460     85.04   5339048     68424
08:33:38 PM   3628328   4546180     55.61      2268     94652   5998632     73.38   4398420     68424
08:33:39 PM   4705796   3468712     42.43      2268     94660   7027640     85.97   3317508     68432
08:33:40 PM   1878576   6295932     77.02      2268     94668   7697760     94.17   6143964     68436
08:33:41 PM   3532000   4642508     56.79      2268     94676   6024332     73.70   4493200     68436
08:33:42 PM   4793376   3381132     41.36      2268     94684   5874868     71.87   3232844     68436
08:33:43 PM    561388   7613120     93.13      2276     94688   8960332    109.61   7458216     68444
08:33:44 PM   3998712   4175796     51.08      2276     94700   7832976     95.82   4023936     68448
08:33:45 PM    434524   7739984     94.68      2276     94708   9080288    111.08   7583748     68444
08:33:46 PM    460696   7713812     94.36      2276     94720   9809024    120.00   7558992     68448
08:33:47 PM   2217012   5957496     72.88      2276     94724   7781336     95.19   5806576     68444
08:33:48 PM   2144448   6030060     73.77      2284     94732   7821928     95.69   5879160     68452
08:33:49 PM   3467592   4706916     57.58      2284     94744   6440352     78.79   4559116     68452
08:33:50 PM   1420528   6753980     82.62      2284     94756   9508448    116.32   6595428     68460
08:33:51 PM    717876   7456632     91.22      2284     94768   9456484    115.68   7296816     68456
08:33:52 PM   1688256   6486252     79.35      2284     94776   8175060    100.01   6334388     68452
08:33:53 PM   3560216   4614292     56.45      2292     94784   6047956     73.99   4466064     68460
08:33:54 PM   2976824   5197684     63.58      2292     94788   6624352     81.04   5047528     68460
08:33:55 PM   3387552   4786956     58.56      2292     94800   6146500     75.19   4638428     68464
08:33:56 PM   3182720   4991788     61.07      2292     94808   6229416     76.21   4841672     68460
08:33:57 PM   4673404   3501104     42.83      2292     94820   5839340     71.43   3349608     68468
08:33:58 PM   4932424   3242084     39.66      2300     94820   5547960     67.87   3092880     68464
08:33:59 PM   1775000   6399508     78.29      2300     94828   7331852     89.69   6247872     68468
08:34:00 PM   3191476   4983032     60.96      2300     94840   5918332     72.40   4832244     68472
08:34:01 PM   5339412   2835096     34.68      2300     94948   5272868     64.50   2684536     68564
08:34:02 PM   4483168   3691340     45.16      2300     94956   6384060     78.10   3532216     68564
Average:      2965760   5208748     63.72      2254     94606   7046332     86.20   5056320     68429
 
>>>>>>>>>>>>>>>>>>> iteration end >>>>>>>>>>>>>>>>>>>>>
 
 
Test run  5
<<<<<<<<<<<<<<<<<<< iteration start <<<<<<<<<<<<<<<<<<<<<<<
 
Linux 3.13.0-37-generic (perflab) 	10/07/2018 	_i686_	(8 CPU)

08:34:07 PM kbmemfree kbmemused  %memused kbbuffers  kbcached  kbcommit   %commit  kbactive   kbinact
08:34:08 PM   2992556   5181952     63.39      6544     97432   6003596     73.44   5024648     73332
08:34:09 PM   5802672   2371836     29.02      7368     98520   3199384     39.14   2224432     71660
08:34:10 PM   1195836   6978672     85.37      7368     98476   9553516    116.87   6811944     71648
08:34:11 PM   2498820   5675688     69.43      7368     98488   7064420     86.42   5523248     71652
08:34:12 PM   3879852   4294656     52.54      7368     98496   5152284     63.03   4146224     71648
08:34:13 PM    445996   7728512     94.54      7376     98500  10618760    129.90   7568712     71652
08:34:14 PM    971784   7202724     88.11      7376     98516   9255076    113.22   7044864     71636
08:34:15 PM    900172   7274336     88.99      7376     98528   9621800    117.70   7115180     71664
08:34:16 PM   2154504   6020004     73.64      7376     98536   9892496    121.02   5863648     71628
08:34:17 PM    807252   7367256     90.12      7376     98540  10296836    125.96   7211128     71656
08:34:18 PM   2366156   5808352     71.05      7384     98540   8069796     98.72   5622608     71672
08:34:19 PM   4887452   3287056     40.21      7384     98400   4110976     50.29   3138204     71680
08:34:20 PM   1251040   6923468     84.70      7384     98412   7740972     94.70   6767612     71672
08:34:21 PM   4508644   3665864     44.85      7384     98420   4485672     54.87   3515896     71668
08:34:22 PM   7457612    716896      8.77      7384     98428   1536628     18.80    569992     71668
08:34:23 PM   1421664   6752844     82.61      7392     98432   7566848     92.57   6596740     71672
08:34:24 PM   4329712   3844796     47.03      7392     98448   4666100     57.08   3694288     71676
08:34:25 PM   7244372    930136     11.38      7392     98456   1745236     21.35    779220     71680
08:34:26 PM   1251536   6922972     84.69      7392     98460   7735488     94.63   6767400     71676
08:34:27 PM   3159048   5015460     61.35      7392     98468   6344372     77.61   4861788     71676
08:34:28 PM   2331392   5843116     71.48      7400     98472   8365008    102.33   5687836     71680
08:34:29 PM   2033820   6140688     75.12      7400     98464   7915472     96.83   5984988     71692
08:34:30 PM   3894084   4280424     52.36      7400     98320   5105128     62.45   4129284     71684
08:34:31 PM   4900468   3274040     40.05      7400     98200   5679904     69.48   3122732     71688
08:34:32 PM    948848   7225660     88.39      7400     98212   9461116    115.74   7067520     71688
08:34:33 PM   1688432   6486076     79.35      7408     98160   7922988     96.92   6330500     71672
08:34:34 PM   1420724   6753784     82.62      7412     98168   7574348     92.66   6599256     71680
08:34:35 PM   5088228   3086280     37.75      7412     98184   3904156     47.76   2937956     71688
08:34:36 PM   6536920   1637588     20.03      7412     98188   8583896    105.01   1470608     71688
08:34:37 PM   2132316   6042192     73.92      7412     98196   6860648     83.93   5887624     71688
08:34:38 PM   5128156   3046352     37.27      7420     98196   3867560     47.31   2897212     71692
08:34:39 PM   6431296   1743212     21.32      7420     98212   8583280    105.00   1576072     71696
08:34:40 PM   2212420   5962088     72.94      7420     98216   6776284     82.90   5807204     71696
08:34:41 PM   5139564   3034944     37.13      7420     98224   3855640     47.17   2885020     71696
08:34:42 PM   6186064   1988444     24.32      7420     98236   8584256    105.01   1822000     71700
08:34:43 PM   2215768   5958740     72.89      7428     98232   6768308     82.80   5802508     71700
08:34:44 PM   5130140   3044368     37.24      7428     98248   3867604     47.31   2895556     71704
08:34:45 PM   5694828   2479680     30.33      7428     98260   6499116     79.50   2324436     71708
08:34:46 PM    906124   7268384     88.92      7428     98268   8476580    103.70   7111372     71704
08:34:47 PM   2446376   5728132     70.07      7428     98276   6543780     80.05   5575780     71704
08:34:48 PM   5378052   2796456     34.21      7436     98280   3614776     44.22   2649088     71708
08:34:49 PM   5059208   3115300     38.11      7436     98296   8585052    105.02   2948360     71712
08:34:50 PM   2443160   5731348     70.11      7436     98308   6543528     80.05   5576108     71716
08:34:51 PM   5415748   2758760     33.75      7436     98316   3586860     43.88   2611552     71712
08:34:52 PM   4960016   3214492     39.32      7436     98324   9343848    114.30   3051180     71712
08:34:53 PM   1424132   6750376     82.58      7436     98336   7998752     97.85   6593200     71716
08:34:54 PM   2617420   5557088     67.98      7444     98344   6438888     78.77   5402940     71720
08:34:55 PM   3696568   4477940     54.78      7444     98352   6144304     75.16   4325304     71720
08:34:56 PM   3751456   4423052     54.11      7444     98160   5493980     67.21   4269352     71716
08:34:57 PM    464008   7710500     94.32      7444     98124   8690836    106.32   7552572     71672
08:34:58 PM   1858568   6315940     77.26      7444     98132   7135168     87.29   6162012     71668
08:34:59 PM   4273528   3900980     47.72      7452     98144   5533184     67.69   3739708     71680
08:35:00 PM   3926824   4247684     51.96      7452     97808   9110420    111.45   4081568     71680
08:35:01 PM   1611384   6563124     80.29      7452     97816   7434540     90.95   6405908     71584
08:35:02 PM   2786852   5387656     65.91      7452     97812   7116568     87.06   5234296     71588
08:35:03 PM   4914160   3260348     39.88      7452     97824   7390540     90.41   3099572     71592
08:35:04 PM   1220956   6953552     85.06      7460     97828   8527336    104.32   6795760     71604
08:35:05 PM   2172548   6001960     73.42      7460     97484   6817096     83.39   5848112     71624
08:35:06 PM   4446400   3728108     45.61      7460     97380   6157140     75.32   3577212     71480
08:35:07 PM   1299340   6875168     84.10      7460     96708   9581172    117.21   6706592     71480
Average:      3261883   4912625     60.10      7400     98220   6851655     83.82   4756561     71697
 
>>>>>>>>>>>>>>>>>>> iteration end >>>>>>>>>>>>>>>>>>>>>
 
 
***************** N END *****************
 
 
Value of N is  8
**************** N START ******************
 
 
Test run  1
<<<<<<<<<<<<<<<<<<< iteration start <<<<<<<<<<<<<<<<<<<<<<<
 
Linux 3.13.0-37-generic (perflab) 	10/07/2018 	_i686_	(8 CPU)

08:35:12 PM kbmemfree kbmemused  %memused kbbuffers  kbcached  kbcommit   %commit  kbactive   kbinact
08:35:13 PM   1559428   6615080     80.92      7468     97552   7832860     95.82   6455372     72384
08:35:14 PM   2292844   5881664     71.95      7468     97564   8186092    100.14   5717256     72384
08:35:15 PM   1030472   7144036     87.39      7468     97576  10925276    133.65   6973648     72388
08:35:16 PM   3639832   4534676     55.47      7468     97548   7986096     97.70   4379152     72384
08:35:17 PM   2316492   5858016     71.66      7468     97560   8384272    102.57   5700520     72388
08:35:18 PM    608356   7566152     92.56      7476     97560   9468884    115.83   7405712     72388
08:35:19 PM    896900   7277608     89.03      7476     97572   9182744    112.33   7116624     72392
08:35:20 PM    747760   7426748     90.85      7476     97580   9847260    120.46   7263776     72392
08:35:21 PM   1516176   6658332     81.45      7476     97596   8561596    104.74   6499624     72392
08:35:22 PM   1602068   6572440     80.40      7476     97604   9621996    117.71   6410356     72392
08:35:23 PM    686604   7487904     91.60      7484     97604   9387672    114.84   7327516     72392
08:35:24 PM   1072720   7101788     86.88      7484     97624   9006692    110.18   6942184     72408
08:35:25 PM   1666860   6507648     79.61      7484     97624   9559396    116.94   6340560     72404
08:35:26 PM   1076888   7097620     86.83      7484     97628  10008096    122.43   6933296     72400
08:35:27 PM   1152968   7021540     85.90      7484     97636   9385520    114.81   6859484     72404
08:35:28 PM    808596   7365912     90.11      7484     97644   9373492    114.67   7205972     72400
08:35:29 PM    831936   7342572     89.82      7492     97644   9357116    114.47   7182264     72408
08:35:30 PM    943996   7230512     88.45      7492     97652   9609772    117.56   7069076     72408
08:35:31 PM   1431636   6742872     82.49      7492     97656   9453064    115.64   6582452     72404
08:35:32 PM   2095048   6079460     74.37      7492     97668   9348116    114.36   5916552     72412
08:35:33 PM   1416392   6758116     82.67      7492     97676   8740932    106.93   6599444     72404
08:35:34 PM    639180   7535328     92.18      7500     97680   9458584    115.71   7375920     72412
08:35:35 PM    545636   7628872     93.33      7500     97016   9438440    115.46   7464512     72416
08:35:36 PM   3157316   5017192     61.38      7500     96968   8049388     98.47   4858784     72332
08:35:37 PM   1367264   6807244     83.27      7500     96932   8194484    100.24   6649880     72332
08:35:38 PM   1568652   6605856     80.81      7500     96828   9348356    114.36   6443032     72304
08:35:39 PM   1162664   7011844     85.78      7508     96832   8993948    110.02   6853868     72304
08:35:40 PM   1136900   7037608     86.09      7508     96844   9408376    115.09   6873960     72284
08:35:41 PM    947416   7227092     88.41      7508     96856   9170336    112.18   7068196     72324
08:35:42 PM   1327916   6846592     83.76      7508     96876   9251368    113.17   6682588     72316
08:35:43 PM   1463168   6711340     82.10      7508     96884   8754600    107.10   6550400     72312
08:35:44 PM   1170648   7003860     85.68      7516     96868   8939056    109.35   6844156     72300
08:35:45 PM   2340644   5833864     71.37      7516     96884   8994804    110.03   5671260     72308
08:35:46 PM    583048   7591460     92.87      7516     96892   9048852    110.70   7431360     72308
08:35:47 PM    572336   7602172     93.00      7516     96892   9033936    110.51   7443348     72308
08:35:48 PM   2469440   5705068     69.79      7516     96884   7912776     96.80   5545808     72300
08:35:49 PM   2407700   5766808     70.55      7516     96892   7146596     87.43   5610444     72304
08:35:50 PM    551040   7623468     93.26      7524     96904   9070796    110.96   7462408     72316
08:35:51 PM    994824   7179684     87.83      7524     96912   9070704    110.96   7014792     72312
08:35:52 PM   2196584   5977924     73.13      7524     96924   8194592    100.25   5817864     72316
08:35:53 PM   1249324   6925184     84.72      7524     96936   8144696     99.64   6766164     72316
08:35:54 PM    508052   7666456     93.78      7524     96936   8887172    108.72   7505768     72312
08:35:55 PM   1050424   7124084     87.15      7532     96936  10152744    124.20   6957176     72316
08:35:56 PM   3284028   4890480     59.83      7532     96952   7927248     96.98   4728520     72320
08:35:57 PM   2294072   5880436     71.94      7532     96964   8943836    109.41   5719908     72324
08:35:58 PM    421176   7753332     94.85      7532     96972   8984196    109.91   7589772     72320
08:35:59 PM   2529996   5644512     69.05      7532     96980   6873916     84.09   5488476     72320
08:36:00 PM   1747096   6427412     78.63      7540     96992   8073340     98.76   6268564     72324
08:36:01 PM   1861648   6312860     77.23      7540     97084   9637760    117.90   6149960     72392
08:36:02 PM    626752   7547756     92.33      7540     96884  10015976    122.53   7384488     72424
08:36:03 PM    539624   7634884     93.40      7540     96896   9638548    117.91   7474372     72424
08:36:04 PM    959012   7215496     88.27      7540     96900   9347412    114.35   7055360     72424
08:36:05 PM   1934516   6239992     76.33      7548     96900   8416648    102.96   6080920     72420
08:36:06 PM   2038720   6135788     75.06      7548     96916   8631296    105.59   5974704     72436
08:36:07 PM   1719120   6455388     78.97      7548     96924   8936260    109.32   6294152     72432
08:36:08 PM    952052   7222456     88.35      7548     96936   8967864    109.71   7057768     72436
08:36:09 PM   1915256   6259252     76.57      7548     96940   8489036    103.85   6096144     72432
08:36:10 PM    469244   7705264     94.26      7556     96932   8955736    109.56   7543892     72432
08:36:11 PM    828088   7346420     89.87      7556     96952   9042044    110.61   7185100     72444
08:36:12 PM   5673404   2501104     30.60      7556     96960   4447648     54.41   2343080     72432
Average:      1476633   6697875     81.94      7510     97174   8887005    108.72   6536795     72369
 
>>>>>>>>>>>>>>>>>>> iteration end >>>>>>>>>>>>>>>>>>>>>
 
 
Test run  2
<<<<<<<<<<<<<<<<<<< iteration start <<<<<<<<<<<<<<<<<<<<<<<
 
Linux 3.13.0-37-generic (perflab) 	10/07/2018 	_i686_	(8 CPU)

08:36:17 PM kbmemfree kbmemused  %memused kbbuffers  kbcached  kbcommit   %commit  kbactive   kbinact
08:36:18 PM   4254044   3920464     47.96      7564     96952   5148764     62.99   3767856     72408
08:36:19 PM   1042196   7132312     87.25      7564     96972   8358932    102.26   6973548     72408
08:36:20 PM   2469488   5705020     69.79      7564     96980   9001196    110.11   5542720     72404
08:36:21 PM   1673300   6501208     79.53      7564     96992   9029200    110.46   6339756     72408
08:36:22 PM   2225228   5949280     72.78      7564     97000   9302076    113.79   5783948     72400
08:36:23 PM    639808   7534700     92.17      7572     97008   9728116    119.01   7370416     72412
08:36:24 PM   2310820   5863688     71.73      7572     97016   8533632    104.39   5705388     72412
08:36:25 PM   1812948   6361560     77.82      7572     97024   9568616    117.05   6198728     72412
08:36:26 PM    458244   7716264     94.39      7572     97036   9546616    116.79   7554948     72416
08:36:27 PM   2384092   5790416     70.84      7572     97044   8392232    102.66   5630548     72412
08:36:28 PM    951984   7222524     88.35      7580     97044   9051284    110.73   7064600     72412
08:36:29 PM    554012   7620496     93.22      7580     97060   9441760    115.50   7460056     72420
08:36:30 PM   2502092   5672416     69.39      7580     97072   8074056     98.77   5510584     72424
08:36:31 PM    812804   7361704     90.06      7580     97064   9164592    112.11   7203156     72408
08:36:32 PM   1367952   6806556     83.27      7580     97072   9340608    114.27   6646076     72412
08:36:33 PM   1226996   6947512     84.99      7580     97076   8743364    106.96   6788328     72412
08:36:34 PM   1323256   6851252     83.81      7588     97088  10632804    130.07   6684332     72420
08:36:35 PM    675964   7498544     91.73      7588     97096   9225380    112.86   7340008     72416
08:36:36 PM    421028   7753480     94.85      7588     97108   9511700    116.36   7591452     72420
08:36:37 PM   1487704   6686804     81.80      7588     97116   9342608    114.29   6526220     72412
08:36:38 PM   1388628   6785880     83.01      7588     97124   8501116    104.00   6626860     72412
08:36:39 PM   1677024   6497484     79.48      7596     97128   9086196    111.15   6336360     72416
08:36:40 PM   1079204   7095304     86.80      7596     97144   8805508    107.72   6935864     72420
08:36:41 PM   1581592   6592916     80.65      7596     97156   9509908    116.34   6431288     72428
08:36:42 PM   1490916   6683592     81.76      7596     97164   8721020    106.69   6524536     72428
08:36:43 PM   1178688   6995820     85.58      7596     97172   8406544    102.84   6837112     72424
08:36:44 PM   1298972   6875536     84.11      7604     97172   8268428    101.15   6717016     72424
08:36:45 PM   1163744   7010764     85.76      7604     97192  10043832    122.87   6847072     72436
08:36:46 PM    701200   7473308     91.42      7604     97200  10085296    123.37   7312200     72424
08:36:47 PM    706792   7467716     91.35      7604     97204   9977760    122.06   7307312     72428
08:36:48 PM   1801404   6373104     77.96      7604     97208   8144152     99.63   6213324     72424
08:36:49 PM    905856   7268652     88.92      7612     97208   8994768    110.03   7109892     72416
08:36:50 PM    834896   7339612     89.79      7612     97224  10283900    125.80   7177480     72432
08:36:51 PM    668520   7505988     91.82      7612     97232   9097912    111.30   7346920     72428
08:36:52 PM   1166052   7008456     85.74      7612     97236  10554396    129.11   6846012     72432
08:36:53 PM    566296   7608212     93.07      7612     97240  10311052    126.14   7444336     72428
08:36:54 PM   2059960   6114548     74.80      7620     97240   8323744    101.83   5953800     72412
08:36:55 PM   1135688   7038820     86.11      7620     97256   9704876    118.72   6874356     72428
08:36:56 PM   1043344   7131164     87.24      7620     97268   9264100    113.33   6970968     72432
08:36:57 PM   1868172   6306336     77.15      7620     97276   9212008    112.69   6146464     72428
08:36:58 PM   1942248   6232260     76.24      7620     97284   8311896    101.68   6074556     72428
08:36:59 PM    490100   7684408     94.00      7620     97284  10375216    126.92   7521752     72428
08:37:00 PM   1195052   6979456     85.38      7628     97304   9231440    112.93   6814260     72440
08:37:01 PM    629800   7544708     92.30      7628     97404   9438164    115.46   7381212     72524
08:37:02 PM   1484116   6690392     81.84      7628     96736   8541576    104.49   6529896     72528
08:37:03 PM    682184   7492324     91.65      7628     96488   8687168    106.27   7333548     72444
08:37:04 PM   2568448   5606060     68.58      7628     96496   9220072    112.79   5443656     72444
08:37:05 PM    697468   7477040     91.47      7636     96508   9380096    114.75   7315300     72456
08:37:06 PM   1621332   6553176     80.17      7636     96516   8892572    108.78   6391744     72452
08:37:07 PM   1653636   6520872     79.77      7636     96524   8672696    106.09   6360552     72452
08:37:08 PM   1222424   6952084     85.05      7636     96536   8150140     99.70   6792312     72456
08:37:09 PM   3131772   5042736     61.69      7636     96544   6244532     76.39   4886740     72452
08:37:10 PM   1204196   6970312     85.27      7644     96548   8165880     99.89   6810764     72456
08:37:11 PM   1120868   7053640     86.29      7644     96464   8251716    100.94   6893992     72372
08:37:12 PM   1443120   6731388     82.35      7644     96476   8849032    108.25   6569652     72372
08:37:13 PM   1045360   7129148     87.21      7644     96488   9353972    114.43   6967652     72372
08:37:14 PM    463616   7710892     94.33      7644     96496   8905204    108.94   7550332     72368
08:37:15 PM   1549264   6625244     81.05      7652     96500   8776156    107.36   6464400     72372
08:37:16 PM   2601212   5573296     68.18      7652     96516   8316988    101.74   5413096     72376
08:37:17 PM   2179356   5995152     73.34      7652     96524   8367420    102.36   5827556     72376
Average:      1397275   6777233     82.91      7606     96975   8976100    109.81   6616414     72422
 
>>>>>>>>>>>>>>>>>>> iteration end >>>>>>>>>>>>>>>>>>>>>
 
 
Test run  3
<<<<<<<<<<<<<<<<<<< iteration start <<<<<<<<<<<<<<<<<<<<<<<
 
Linux 3.13.0-37-generic (perflab) 	10/07/2018 	_i686_	(8 CPU)

08:37:22 PM kbmemfree kbmemused  %memused kbbuffers  kbcached  kbcommit   %commit  kbactive   kbinact
08:37:23 PM   3424752   4749756     58.10      7660     96580   5980416     73.16   4593216     72404
08:37:24 PM   3232120   4942388     60.46      7660     96604   6169908     75.48   4787252     72404
08:37:25 PM   1586176   6588332     80.60      7660     96612   8468760    103.60   6427396     72400
08:37:26 PM   2593768   5580740     68.27      7660     96620   6804388     83.24   5424456     72400
08:37:27 PM   2178492   5996016     73.35      7660     96632   7219668     88.32   5839072     72404
08:37:28 PM   2061188   6113320     74.79      7668     96640   7336296     89.75   5956368     72408
08:37:29 PM   2140160   6034348     73.82      7668     96652   8207128    100.40   5873348     72412
08:37:30 PM   1099832   7074676     86.55      7668     96660  10419784    127.47   6910996     72408
08:37:31 PM    694016   7480492     91.51      7668     96672   9021364    110.36   7320756     72412
08:37:32 PM    711084   7463424     91.30      7668     96680   9392704    114.90   7297760     72408
08:37:33 PM   1063560   7110948     86.99      7676     96680   8647348    105.78   6951316     72408
08:37:34 PM   1547792   6626716     81.07      7676     96696   8163412     99.86   6467004     72416
08:37:35 PM   2233124   5941384     72.68      7676     96704   8469460    103.61   5780536     72416
08:37:36 PM    431396   7743112     94.72      7676     96712   9282880    113.56   7583264     72416
08:37:37 PM   1934168   6240340     76.34      7676     96720   7776352     95.13   6081012     72416
08:37:38 PM   1494160   6680348     81.72      7676     96724   8196816    100.27   6522384     72416
08:37:39 PM   1103012   7071496     86.51      7684     96724   8589468    105.08   6913024     72424
08:37:40 PM   1312616   6861892     83.94      7684     96736   9217140    112.75   6694356     72428
08:37:41 PM   1561312   6613196     80.90      7684     96728   8105072     99.15   6455128     72412
08:37:42 PM   1458776   6715732     82.15      7684     96740   9564440    117.00   6548840     72416
08:37:43 PM   1631580   6542928     80.04      7684     96748   8643528    105.74   6384684     72420
08:37:44 PM   2166608   6007900     73.50      7692     96748   9798832    119.87   5842844     72416
08:37:45 PM   1959776   6214732     76.03      7692     96764   8297580    101.51   6056792     72428
08:37:46 PM   1047152   7127356     87.19      7692     96776   9606308    117.52   6966384     72436
08:37:47 PM   2891536   5282972     64.63      7692     96784   7065448     86.43   5126688     72428
08:37:48 PM   3003816   5170692     63.25      7692     96792   7273328     88.98   5015720     72416
08:37:49 PM    519908   7654600     93.64      7700     96792   9517724    116.43   7491376     72424
08:37:50 PM   3720008   4454500     54.49      7700     96808   6688892     81.83   4295480     72432
08:37:51 PM   2840676   5333832     65.25      7700     96820   7262712     88.85   5175068     72440
08:37:52 PM   1054660   7119848     87.10      7700     96828   9291956    113.67   6956316     72436
08:37:53 PM    775548   7398960     90.51      7700     96836   8624140    105.50   7239028     72436
08:37:54 PM   2361260   5813248     71.11      7708     96840   8324384    101.83   5652172     72440
08:37:55 PM   1853756   6320752     77.32      7708     96856   9000276    110.10   6158344     72448
08:37:56 PM   3388100   4786408     58.55      7708     96864   6010288     73.52   4630488     72444
08:37:57 PM   5354624   2819884     34.50      7708     96872   4694300     57.43   2665404     72444
08:37:58 PM   2615656   5558852     68.00      7708     96884   8792444    107.56   5394248     72448
08:37:59 PM   1433892   6740616     82.46      7716     96884   9111936    111.47   6577784     72452
08:38:00 PM   3484104   4690404     57.38      7716     96904   8267412    101.14   4526520     72460
08:38:01 PM   2610308   5564200     68.07      7716     97012   8171580     99.96   5399808     72552
08:38:02 PM    557088   7617420     93.19      7716     97024   9019400    110.34   7453704     72552
08:38:03 PM   4972816   3201692     39.17      7716     97036   7181180     87.85   3038744     72556
08:38:04 PM   1276620   6897888     84.38      7716     97044   8201016    100.32   6738008     72556
08:38:05 PM   3486500   4688008     57.35      7724     97044   5970560     73.04   4532272     72560
08:38:06 PM   1658596   6515912     79.71      7724     97056   7805776     95.49   6358604     72564
08:38:07 PM   1679268   6495240     79.46      7724     97064   8839208    108.13   6331892     72560
08:38:08 PM   2197548   5976960     73.12      7724     97076   8250744    100.93   5817380     72564
08:38:09 PM   1167776   7006732     85.71      7724     97080   8287052    101.38   6847256     72560
08:38:10 PM   1990280   6184228     75.65      7732     97084   7454080     91.19   6026184     72564
08:38:11 PM    870828   7303680     89.35      7732     97100   9201172    112.56   7141300     72568
08:38:12 PM   4826956   3347552     40.95      7732     97112   5259708     64.34   3194388     72572
08:38:13 PM    622748   7551760     92.38      7732     97120   9257464    113.25   7390296     72568
08:38:14 PM   4661268   3513240     42.98      7732     97128   8179156    100.06   3352552     72568
08:38:15 PM    959412   7215096     88.26      7740     97132   9069152    110.94   7047064     72572
08:38:16 PM    633272   7541236     92.25      7740     97148   8779880    107.41   7380692     72576
08:38:17 PM   2189316   5985192     73.22      7740     97156   8950536    109.49   5819140     72576
08:38:18 PM   1543044   6631464     81.12      7740     97168   7869600     96.27   6472084     72580
08:38:19 PM    873776   7300732     89.31      7740     97176   8520916    104.24   7140832     72576
08:38:20 PM   1529116   6645392     81.29      7748     97176   7864884     96.21   6487528     72576
08:38:21 PM   1826764   6347744     77.65      7748     97196   8966536    109.69   6181684     72588
08:38:22 PM   2446736   5727772     70.07      7748     97204   8309372    101.65   5559044     72588
Average:      2009070   6165438     75.42      7702     96878   8178554    100.05   6004888     72476
 
>>>>>>>>>>>>>>>>>>> iteration end >>>>>>>>>>>>>>>>>>>>>
 
 
Test run  4
<<<<<<<<<<<<<<<<<<< iteration start <<<<<<<<<<<<<<<<<<<<<<<
 
Linux 3.13.0-37-generic (perflab) 	10/07/2018 	_i686_	(8 CPU)

08:38:27 PM kbmemfree kbmemused  %memused kbbuffers  kbcached  kbcommit   %commit  kbactive   kbinact
08:38:28 PM   5067228   3107280     38.01      7756     97148   7594480     92.90   2943136     72500
08:38:29 PM   1508144   6666364     81.55      7756     97180   9175788    112.25   6497256     72516
08:38:30 PM    939288   7235220     88.51      7756     97188   8453920    103.42   7075888     72512
08:38:31 PM   2618820   5555688     67.96      7756     97196   8255216    100.99   5397104     72512
08:38:32 PM   1794864   6379644     78.04      7756     97208   8390504    102.64   6220624     72516
08:38:33 PM    435116   7739392     94.68      7764     97216   9063508    110.88   7579980     72520
08:38:34 PM   1826728   6347780     77.65      7764     97232   8737100    106.88   6182956     72520
08:38:35 PM   2445340   5729168     70.09      7764     97248   8056452     98.56   5568764     72528
08:38:36 PM    460008   7714500     94.37      7764     97252   9025860    110.41   7552308     72532
08:38:37 PM   3377484   4797024     58.68      7764     97264   6028200     73.74   4642424     72524
08:38:38 PM   2309968   5864540     71.74      7772     97260   7087860     86.71   5707876     72520
08:38:39 PM   1329624   6844884     83.73      7772     97280   8063580     98.64   6685104     72528
08:38:40 PM   1584576   6589932     80.62      7772     97280   8338408    102.01   6432472     72528
08:38:41 PM   1198324   6976184     85.34      7772     97280   9949880    121.72   6812104     72528
08:38:42 PM    756496   7418012     90.75      7772     97300   9166444    112.13   7257388     72528
08:38:43 PM   1565000   6609508     80.86      7772     97312   9199864    112.54   6449536     72532
08:38:44 PM   1155772   7018736     85.86      7780     97316   9746580    119.23   6857048     72536
08:38:45 PM   1470796   6703712     82.01      7780     97312   9355656    114.45   6539892     72540
08:38:46 PM   2573656   5600852     68.52      7780     97320   9090960    111.21   5437260     72536
08:38:47 PM   1651012   6523496     79.80      7780     97328   9708724    118.77   6358360     72536
08:38:48 PM   2140356   6034152     73.82      7780     97340   8174132    100.00   5876516     72540
08:38:49 PM   2663828   5510680     67.41      7788     97340   7910256     96.77   5353196     72536
08:38:50 PM   2248160   5926348     72.50      7788     97360   7622348     93.25   5768924     72548
08:38:51 PM   1540904   6633604     81.15      7788     97364   8302176    101.56   6475044     72548
08:38:52 PM    484568   7689940     94.07      7788     97368   9351128    114.39   7529980     72544
08:38:53 PM   1447248   6727260     82.30      7788     97376   8350156    102.15   6568552     72544
08:38:54 PM   1686860   6487648     79.36      7796     97376   9793840    119.81   6325112     72544
08:38:55 PM   1756316   6418192     78.51      7796     97396   9063388    110.87   6255904     72556
08:38:56 PM   2049528   6124980     74.93      7796     97404   8744216    106.97   5962684     72552
08:38:57 PM    623248   7551260     92.38      7796     97412   9869036    120.73   7386264     72548
08:38:58 PM    451172   7723336     94.48      7796     97408   9781712    119.66   7561800     72540
08:38:59 PM    527008   7647500     93.55      7804     97404   9702180    118.69   7487252     72540
08:39:00 PM   1178184   6996324     85.59      7804     97424   9442104    115.51   6833716     72552
08:39:01 PM   1349604   6824904     83.49      7804     97500   9849656    120.49   6661220     72620
08:39:02 PM   1632068   6542440     80.03      7804     97508   9385524    114.81   6379500     72620
08:39:03 PM    980256   7194252     88.01      7804     97516   8836028    108.09   7035504     72600
08:39:04 PM   2343356   5831152     71.33      7812     97524   8120628     99.34   5670316     72604
08:39:05 PM    438896   7735612     94.63      7812     97544   9139772    111.81   7573212     72620
08:39:06 PM   1846408   6328100     77.41      7812     97552   8550116    104.59   6166512     72616
08:39:07 PM    455744   7718764     94.42      7812     97552   9010028    110.22   7559456     72616
08:39:08 PM    972004   7202504     88.11      7812     96920   8978996    109.84   7038648     72556
08:39:09 PM   4244000   3930508     48.08      7820     96924   6823196     83.47   3770824     72552
08:39:10 PM    445584   7728924     94.55      7820     96940   8999592    110.09   7568156     72560
08:39:11 PM   3590008   4584500     56.08      7820     96952   7306860     89.39   4424900     72564
08:39:12 PM   2937572   5236936     64.06      7820     96960   7758716     94.91   5078296     72560
08:39:13 PM   2116840   6057668     74.10      7820     96968   7810692     95.55   5898652     72564
08:39:14 PM   1329116   6845392     83.74      7820     96976   8997084    110.06   6684496     72560
08:39:15 PM   1621592   6552916     80.16      7828     96988   8779640    107.40   6393548     72572
08:39:16 PM   1755208   6419300     78.53      7828     96996   9655656    118.12   6252736     72572
08:39:17 PM   2153552   6020956     73.66      7828     97004   9019696    110.34   5858224     72572
08:39:18 PM   1004392   7170116     87.71      7828     97012   8995164    110.04   7010020     72568
08:39:19 PM   1907548   6266960     76.66      7828     97020   8670296    106.07   6103692     72568
08:39:20 PM   1571016   6603492     80.78      7836     97012   8856908    108.35   6440272     72568
08:39:21 PM   2695772   5478736     67.02      7836     97032   7772472     95.08   5318820     72580
08:39:22 PM   4466188   3708320     45.36      7836     97040   6230932     76.22   3552348     72576
08:39:23 PM   2431228   5743280     70.26      7836     97052   8940036    109.36   5577272     72580
08:39:24 PM   1877700   6296808     77.03      7836     97060   8873612    108.55   6130160     72576
08:39:25 PM   2047060   6127448     74.96      7844     97072   8649504    105.81   5961372     72576
08:39:26 PM   1129372   7045136     86.18      7844     97088   9114656    111.50   6880864     72584
08:39:27 PM   3498156   4676352     57.21      7844     97100   7328344     89.65   4510600     72584
Average:      1795098   6379410     78.04      7798     97232   8650824    105.83   6218034     72555
 
>>>>>>>>>>>>>>>>>>> iteration end >>>>>>>>>>>>>>>>>>>>>
 
 
Test run  5
<<<<<<<<<<<<<<<<<<< iteration start <<<<<<<<<<<<<<<<<<<<<<<
 
Linux 3.13.0-37-generic (perflab) 	10/07/2018 	_i686_	(8 CPU)

08:39:32 PM kbmemfree kbmemused  %memused kbbuffers  kbcached  kbcommit   %commit  kbactive   kbinact
08:39:33 PM   2266108   5908400     72.28      7852     97084   8820328    107.90   5738456     72456
08:39:34 PM   1753592   6420916     78.55      7852     96820  10614212    129.85   6253340     72600
08:39:35 PM   1231440   6943068     84.94      7852     96648  10366564    126.82   6782716     72596
08:39:36 PM   1875192   6299316     77.06      7852     96656  10489984    128.33   6136692     72592
08:39:37 PM    586380   7588128     92.83      7852     96508  10747772    131.48   7420616     72560
08:39:38 PM   1403608   6770900     82.83      7860     96520  10269972    125.63   6610208     72564
08:39:39 PM   2269876   5904632     72.23      7860     96528   8836932    108.10   5747620     72572
08:39:40 PM    810060   7364448     90.09      7860     96540  10059848    123.06   7205596     72572
08:39:41 PM   1185096   6989412     85.50      7860     96560   9649132    118.04   6827904     72568
08:39:42 PM    726720   7447788     91.11      7860     96568   9933192    121.51   7288644     72572
08:39:43 PM   1790752   6383756     78.09      7868     96568   9575048    117.13   6221392     72568
08:39:44 PM   1387444   6787064     83.03      7868     96576   9208536    112.65   6629040     72572
08:39:45 PM    609668   7564840     92.54      7868     96568   9849760    120.49   7406268     72540
08:39:46 PM   2109856   6064652     74.19      7868     96532   9399144    114.98   5901464     72572
08:39:47 PM   2213424   5961084     72.92      7868     96540   8134744     99.51   5803484     72556
08:39:48 PM   1000560   7173948     87.76      7876     96540   8889068    108.74   7015448     72560
08:39:49 PM   1534092   6640416     81.23      7876     96560   9184588    112.36   6475112     72568
08:39:50 PM    414428   7760080     94.93      7876     96568   9301176    113.78   7599484     72564
08:39:51 PM   1483272   6691236     81.85      7876     96304   8879488    108.62   6531580     72464
08:39:52 PM   3085660   5088848     62.25      7876     96308   7694976     94.13   4916144     72464
08:39:53 PM   2273872   5900636     72.18      7884     96312   8673948    106.11   5740712     72468
08:39:54 PM   2674436   5500072     67.28      7884     96328   8790364    107.53   5336828     72472
08:39:55 PM    433580   7740928     94.70      7884     96340   8961344    109.63   7581220     72476
08:39:56 PM   2255288   5919220     72.41      7884     96348   9018280    110.32   5760104     72472
08:39:57 PM   3344876   4829632     59.08      7884     96352   8213396    100.48   4665944     72476
08:39:58 PM   2183916   5990592     73.28      7892     96364   8210768    100.44   5832532     72472
08:39:59 PM   2217892   5956616     72.87      7892     96372   9207928    112.64   5796472     72480
08:40:00 PM   1352608   6821900     83.45      7892     96380   8791584    107.55   6663092     72476
08:40:01 PM   2134084   6040424     73.89      7892     96456   9471088    115.86   5878816     72540
08:40:02 PM   3350548   4823960     59.01      7892     96464   6751796     82.60   4669784     72544
08:40:03 PM   2966676   5207832     63.71      7900     96464   8152016     99.72   5049028     72540
08:40:04 PM   2114624   6059884     74.13      7900     96480   8634140    105.62   5901308     72552
08:40:05 PM   2262764   5911744     72.32      7900     96492   8625100    105.51   5753812     72552
08:40:06 PM   2284500   5890008     72.05      7900     96500   9067436    110.92   5731672     72548
08:40:07 PM   1058472   7116036     87.05      7900     96508   9160380    112.06   6954208     72548
08:40:08 PM   4243348   3931160     48.09      7908     96444   6088552     74.48   3776280     72488
08:40:09 PM   2040416   6134092     75.04      7908     96460   8258932    101.03   5974380     72496
08:40:10 PM   1592240   6582268     80.52      7908     96260   8478024    103.71   6426404     72464
08:40:11 PM   3054568   5119940     62.63      7908     96272   7005900     85.70   4965484     72444
08:40:12 PM   1194116   6980392     85.39      7908     96272   8838120    108.12   6822172     72440
08:40:13 PM    814304   7360204     90.04      7908     95940   9582504    117.22   7199952     72444
08:40:14 PM   1605140   6569368     80.36      7916     95960   8460964    103.50   6409604     72332
08:40:15 PM   1786716   6387792     78.14      7916     95972   9647968    118.03   6221848     72344
08:40:16 PM   2617352   5557156     67.98      7916     95980   7968700     97.48   5398192     72340
08:40:17 PM   1193844   6980664     85.40      7916     95992   8176824    100.03   6822352     72344
08:40:18 PM   2138972   6035536     73.83      7916     96008   8074496     98.78   5876628     72340
08:40:19 PM   1313256   6861252     83.93      7924     96012   8062760     98.63   6704076     72344
08:40:20 PM   1081624   7092884     86.77      7924     96028   8287632    101.38   6934784     72348
08:40:21 PM   2163524   6010984     73.53      7924     96040   7211268     88.22   5855280     72352
08:40:22 PM   3021480   5153028     63.04      7924     96048   6353520     77.72   4998032     72352
08:40:23 PM    778568   7395940     90.48      7924     96056   8598904    105.19   7237052     72352
08:40:24 PM   1968084   6206424     75.92      7932     96060   8431628    103.15   6046500     72356
08:40:25 PM   3491092   4683416     57.29      7932     96076   7365912     90.11   4525112     72360
08:40:26 PM   3638268   4536240     55.49      7932     96076   6867584     84.01   4377148     72360
08:40:27 PM   3343632   4830876     59.10      7932     96084   7056168     86.32   4674148     72360
08:40:28 PM   3937648   4236860     51.83      7932     96088   8052200     98.50   4074632     72360
08:40:29 PM    773236   7401272     90.54      7940     96092   8595836    105.15   7241796     72364
08:40:30 PM   4400360   3774148     46.17      7940     96104   4973208     60.84   3622880     72368
08:40:31 PM   2209716   5964792     72.97      7940     96112   7534372     92.17   5806732     72368
08:40:32 PM   1248196   6926312     84.73      7940     96120   9238124    113.01   6757960     72368
Average:      1971584   6202924     75.88      7895     96337   8614069    105.38   6042936     72470
 
>>>>>>>>>>>>>>>>>>> iteration end >>>>>>>>>>>>>>>>>>>>>
 
 
***************** N END *****************
 
 
