Value of N is  2
**************** N START ******************
 
 
Test run  1
<<<<<<<<<<<<<<<<<<< iteration start <<<<<<<<<<<<<<<<<<<<<<<
 
stress-ng: info:  [6514] dispatching hogs: 2 bigheap, 2 brk, 2 stack
stress-ng: info:  [6514] successful run completed in 33.75s
stress-ng: info:  [6514] stressor       bogo ops real time  usr time  sys time   bogo ops/s   bogo ops/s
stress-ng: info:  [6514]                           (secs)    (secs)    (secs)   (real time) (usr+sys time)
stress-ng: info:  [6514] bigheap          100974     33.75     34.39     32.84      2992.17      1501.92
stress-ng: info:  [6514] brk            21198467     33.73      3.56     62.76    628427.56    319639.13
stress-ng: info:  [6514] stack              2180     33.67     66.94      0.21        64.74        32.46
stress-ng: info:  [6514] bigheap:
stress-ng: info:  [6514]            234,485,671,454 CPU Cycles                     6.95 B/sec
stress-ng: info:  [6514]             60,852,333,032 Instructions                   1.80 B/sec (0.260 instr. per cycle)
stress-ng: info:  [6514]              1,218,024,396 Cache References              36.09 M/sec
stress-ng: info:  [6514]              1,152,561,774 Cache Misses                  34.15 M/sec (94.63%)
stress-ng: info:  [6514]            211,173,399,792 Stalled Cycles Frontend        6.26 B/sec
stress-ng: info:  [6514]              9,200,868,874 Branch Instructions            0.27 B/sec
stress-ng: info:  [6514]                 22,773,112 Branch Misses                  0.67 M/sec ( 0.25%)
stress-ng: info:  [6514]              6,684,333,192 Bus Cycles                     0.20 B/sec
stress-ng: info:  [6514]                  1,879,862 Page Faults Minor             55.70 K/sec
stress-ng: info:  [6514]                          0 Page Faults Major              0.00 /sec 
stress-ng: info:  [6514]                      5,758 Context Switches             170.60 /sec 
stress-ng: info:  [6514]                         16 CPU Migrations                 0.47 /sec 
stress-ng: info:  [6514]                          0 Alignment Faults               0.00 /sec 
stress-ng: info:  [6514] stack:
stress-ng: info:  [6514]            234,173,767,630 CPU Cycles                     6.94 B/sec
stress-ng: info:  [6514]                372,099,372 Instructions                  11.02 M/sec (0.002 instr. per cycle)
stress-ng: info:  [6514]              4,658,999,738 Cache References               0.14 B/sec
stress-ng: info:  [6514]              4,661,843,656 Cache Misses                   0.14 B/sec (100.06%)
stress-ng: info:  [6514]            226,461,885,294 Stalled Cycles Frontend        6.71 B/sec
stress-ng: info:  [6514]                 60,488,790 Branch Instructions            1.79 M/sec
stress-ng: info:  [6514]                    458,370 Branch Misses                 13.58 K/sec ( 0.76%)
stress-ng: info:  [6514]              6,675,594,172 Bus Cycles                     0.20 B/sec
stress-ng: info:  [6514]                     67,500 Page Faults Minor              2.00 K/sec
stress-ng: info:  [6514]                          0 Page Faults Major              0.00 /sec 
stress-ng: info:  [6514]                      5,758 Context Switches             170.60 /sec 
stress-ng: info:  [6514]                         18 CPU Migrations                 0.53 /sec 
stress-ng: info:  [6514]                          0 Alignment Faults               0.00 /sec 
