Value of N is  2
**************** N START ******************
 
Value of M is  128
+++++++++++++++++++ M START +++++++++++++++++++
 
 
Test run  1
<<<<<<<<<<<<<<<<<<< iteration start <<<<<<<<<<<<<<<<<<<<<<<
 
Linux 3.13.0-37-generic (perflab) 	10/06/2018 	_i686_	(8 CPU)

06:42:30 PM kbmemfree kbmemused  %memused kbbuffers  kbcached  kbcommit   %commit  kbactive   kbinact
06:42:32 PM   5773116   2401392     29.38    279456   1101096   2488384     30.44   1469384    787780
06:42:34 PM   5771908   2402600     29.39    279456   1101672   2488384     30.44   1469548    788356
06:42:36 PM   5770716   2403792     29.41    279456   1101316   2488384     30.44   1471532    788144
06:42:38 PM   5772616   2401892     29.38    279472   1101064   2488384     30.44   1468596    787852
06:42:40 PM   5773112   2401396     29.38    279472   1101512   2488384     30.44   1467944    788300
Average:      5772294   2402214     29.39    279462   1101332   2488384     30.44   1469401    788086
 
>>>>>>>>>>>>>>>>>>> iteration end >>>>>>>>>>>>>>>>>>>>>
 
 
Test run  2
<<<<<<<<<<<<<<<<<<< iteration start <<<<<<<<<<<<<<<<<<<<<<<
 
Linux 3.13.0-37-generic (perflab) 	10/06/2018 	_i686_	(8 CPU)

06:42:45 PM kbmemfree kbmemused  %memused kbbuffers  kbcached  kbcommit   %commit  kbactive   kbinact
06:42:47 PM   5772728   2401780     29.38    279480   1100956   2491620     30.48   1468116    788048
06:42:49 PM   5773264   2401244     29.37    279480   1101640   2491620     30.48   1468044    788420
06:42:51 PM   5772924   2401584     29.38    279484   1101172   2491620     30.48   1468080    788044
06:42:53 PM   5773048   2401460     29.38    279484   1101172   2491620     30.48   1468276    788028
06:42:55 PM   5772576   2401932     29.38    279484   1101512   2491620     30.48   1468372    788284
Average:      5772908   2401600     29.38    279482   1101290   2491620     30.48   1468178    788165
 
>>>>>>>>>>>>>>>>>>> iteration end >>>>>>>>>>>>>>>>>>>>>
 
 
Test run  3
<<<<<<<<<<<<<<<<<<< iteration start <<<<<<<<<<<<<<<<<<<<<<<
 
Linux 3.13.0-37-generic (perflab) 	10/06/2018 	_i686_	(8 CPU)

06:43:00 PM kbmemfree kbmemused  %memused kbbuffers  kbcached  kbcommit   %commit  kbactive   kbinact
06:43:02 PM   5773344   2401164     29.37    279488   1101112   2496500     30.54   1467684    787892
06:43:04 PM   5766432   2408076     29.46    279488   1108832   2500488     30.59   1465292    795532
06:43:06 PM   5773252   2401256     29.37    279496   1101140   2500488     30.59   1467580    788116
06:43:08 PM   5772572   2401936     29.38    279496   1101248   2500756     30.59   1467720    787908
06:43:10 PM   5764768   2409740     29.48    279504   1109448   2508732     30.69   1467708    796212
Average:      5770074   2404434     29.41    279494   1104356   2501393     30.60   1467197    791132
 
>>>>>>>>>>>>>>>>>>> iteration end >>>>>>>>>>>>>>>>>>>>>
 
 
Test run  4
<<<<<<<<<<<<<<<<<<< iteration start <<<<<<<<<<<<<<<<<<<<<<<
 
Linux 3.13.0-37-generic (perflab) 	10/06/2018 	_i686_	(8 CPU)

06:43:15 PM kbmemfree kbmemused  %memused kbbuffers  kbcached  kbcommit   %commit  kbactive   kbinact
06:43:17 PM   5773852   2400656     29.37    279512   1101068   2494392     30.51   1467768    787892
06:43:19 PM   5765792   2408716     29.47    279512   1109208   2498380     30.56   1467772    796012
06:43:21 PM   5765712   2408796     29.47    279516   1109204   2498492     30.56   1468312    795988
06:43:23 PM   5773376   2401132     29.37    279516   1101068   2490456     30.47   1467696    787892
06:43:25 PM   5764528   2409980     29.48    279516   1109448   2498432     30.56   1468388    796252
Average:      5768652   2405856     29.43    279514   1105999   2496030     30.53   1467987    792807
 
>>>>>>>>>>>>>>>>>>> iteration end >>>>>>>>>>>>>>>>>>>>>
 
 
Test run  5
<<<<<<<<<<<<<<<<<<< iteration start <<<<<<<<<<<<<<<<<<<<<<<
 
Linux 3.13.0-37-generic (perflab) 	10/06/2018 	_i686_	(8 CPU)

06:43:30 PM kbmemfree kbmemused  %memused kbbuffers  kbcached  kbcommit   %commit  kbactive   kbinact
06:43:32 PM   5772052   2402456     29.39    279520   1101120   2499004     30.57   1468256    788104
06:43:34 PM   5772176   2402332     29.39    279524   1101056   2498924     30.57   1468328    788040
06:43:36 PM   5763908   2410600     29.49    279524   1109216   2506900     30.67   1468216    795960
06:43:38 PM   5771908   2402600     29.39    279524   1101224   2500600     30.59   1468252    788164
06:43:40 PM   5771928   2402580     29.39    279528   1101292   2500520     30.59   1468660    788040
Average:      5770394   2404114     29.41    279524   1102782   2501190     30.60   1468342    789662
 
>>>>>>>>>>>>>>>>>>> iteration end >>>>>>>>>>>>>>>>>>>>>
 
 
+++++++++++++++++++ M END +++++++++++++++++++
 
 
Value of M is  256
+++++++++++++++++++ M START +++++++++++++++++++
 
 
Test run  1
<<<<<<<<<<<<<<<<<<< iteration start <<<<<<<<<<<<<<<<<<<<<<<
 
Linux 3.13.0-37-generic (perflab) 	10/06/2018 	_i686_	(8 CPU)

06:43:45 PM kbmemfree kbmemused  %memused kbbuffers  kbcached  kbcommit   %commit  kbactive   kbinact
06:43:47 PM   5770612   2403896     29.41    279532   1101200   2497232     30.55   1469432    788096
06:43:49 PM   5771036   2403472     29.40    279532   1101092   2497152     30.55   1469232    787904
06:43:51 PM   5763720   2410788     29.49    279532   1108888   2501140     30.60   1469308    795624
06:43:53 PM   5770912   2403596     29.40    279532   1101064   2501140     30.60   1469316    788056
06:43:55 PM   5770920   2403588     29.40    279532   1101092   2497152     30.55   1469264    787896
Average:      5769440   2405068     29.42    279532   1102667   2498763     30.57   1469310    789515
 
>>>>>>>>>>>>>>>>>>> iteration end >>>>>>>>>>>>>>>>>>>>>
 
 
Test run  2
<<<<<<<<<<<<<<<<<<< iteration start <<<<<<<<<<<<<<<<<<<<<<<
 
Linux 3.13.0-37-generic (perflab) 	10/06/2018 	_i686_	(8 CPU)

06:44:00 PM kbmemfree kbmemused  %memused kbbuffers  kbcached  kbcommit   %commit  kbactive   kbinact
06:44:02 PM   5770508   2404000     29.41    279540   1101128   2501740     30.60   1470036    788100
06:44:04 PM   5770476   2404032     29.41    279540   1101096   2501416     30.60   1470136    787904
06:44:06 PM   5762912   2411596     29.50    279548   1109076   2509392     30.70   1470200    795856
06:44:08 PM   5770192   2404316     29.41    279548   1101324   2501496     30.60   1470220    788176
06:44:10 PM   5770192   2404316     29.41    279548   1101280   2501416     30.60   1470220    788112
Average:      5768856   2405652     29.43    279545   1102781   2503092     30.62   1470162    789630
 
>>>>>>>>>>>>>>>>>>> iteration end >>>>>>>>>>>>>>>>>>>>>
 
 
Test run  3
<<<<<<<<<<<<<<<<<<< iteration start <<<<<<<<<<<<<<<<<<<<<<<
 
Linux 3.13.0-37-generic (perflab) 	10/06/2018 	_i686_	(8 CPU)

06:44:15 PM kbmemfree kbmemused  %memused kbbuffers  kbcached  kbcommit   %commit  kbactive   kbinact
06:44:17 PM   5770696   2403812     29.41    279556   1101140   2498632     30.57   1470544    788124
06:44:19 PM   5770580   2403928     29.41    279556   1101056   2498252     30.56   1470604    788016
06:44:21 PM   5762932   2411576     29.50    279564   1109212   2506228     30.66   1470880    795976
06:44:23 PM   5770720   2403788     29.41    279564   1101188   2495788     30.53   1470916    787964
06:44:25 PM   5770720   2403788     29.41    279564   1101108   2495708     30.53   1471024    787920
Average:      5769130   2405378     29.43    279561   1102741   2498922     30.57   1470794    789600
 
>>>>>>>>>>>>>>>>>>> iteration end >>>>>>>>>>>>>>>>>>>>>
 
 
Test run  4
<<<<<<<<<<<<<<<<<<< iteration start <<<<<<<<<<<<<<<<<<<<<<<
 
Linux 3.13.0-37-generic (perflab) 	10/06/2018 	_i686_	(8 CPU)

06:44:30 PM kbmemfree kbmemused  %memused kbbuffers  kbcached  kbcommit   %commit  kbactive   kbinact
06:44:32 PM   5775196   2399312     29.35    279568   1096056   2491020     30.47   1470132    782964
06:44:34 PM   5754324   2420184     29.61    279568   1112992   2510960     30.72   1475940    798200
06:44:36 PM   5771052   2403456     29.40    279568   1096440   2491220     30.48   1474480    783224
06:44:38 PM   5763984   2410524     29.49    279568   1104036   2495208     30.52   1474472    790656
06:44:40 PM   5771304   2403204     29.40    279572   1096276   2491220     30.48   1474412    783076
Average:      5767172   2407336     29.45    279569   1101160   2495926     30.53   1473887    787624
 
>>>>>>>>>>>>>>>>>>> iteration end >>>>>>>>>>>>>>>>>>>>>
 
 
Test run  5
<<<<<<<<<<<<<<<<<<< iteration start <<<<<<<<<<<<<<<<<<<<<<<
 
Linux 3.13.0-37-generic (perflab) 	10/06/2018 	_i686_	(8 CPU)

06:44:45 PM kbmemfree kbmemused  %memused kbbuffers  kbcached  kbcommit   %commit  kbactive   kbinact
06:44:47 PM   5764680   2409828     29.48    279580   1098132   2496824     30.54   1478940    784668
06:44:49 PM   5745876   2428632     29.71    279580   1117820   2516864     30.79   1478928    803840
06:44:51 PM   5762092   2412416     29.51    279580   1101920   2500404     30.59   1478608    788464
06:44:53 PM   5762084   2412424     29.51    279580   1101336   2500404     30.59   1478464    788104
06:44:55 PM   5761656   2412852     29.52    279584   1101364   2506104     30.66   1476492    788108
Average:      5759278   2415230     29.55    279581   1104114   2504120     30.63   1478286    790637
 
>>>>>>>>>>>>>>>>>>> iteration end >>>>>>>>>>>>>>>>>>>>>
 
 
+++++++++++++++++++ M END +++++++++++++++++++
 
 
Value of M is  512
+++++++++++++++++++ M START +++++++++++++++++++
 
 
Test run  1
<<<<<<<<<<<<<<<<<<< iteration start <<<<<<<<<<<<<<<<<<<<<<<
 
Linux 3.13.0-37-generic (perflab) 	10/06/2018 	_i686_	(8 CPU)

06:45:00 PM kbmemfree kbmemused  %memused kbbuffers  kbcached  kbcommit   %commit  kbactive   kbinact
06:45:02 PM   5758636   2415872     29.55    279592   1101224   2502812     30.62   1482620    787992
06:45:04 PM   5759060   2415448     29.55    279592   1101224   2502812     30.62   1482528    787992
06:45:06 PM   5759432   2415076     29.54    279600   1101224   2502812     30.62   1482592    787992
06:45:08 PM   5759432   2415076     29.54    279600   1101224   2502812     30.62   1482596    787992
